[22:58:20] [argos-server] sqlite cache: C:\Users\Spark-PC\AppData\LocalLow\Freehold Games\CavesOfQud\Mods\CoQ-translater\argos_translate_cache.db
[22:58:20] [argos] en->ru package not found, trying auto-install
[22:58:47] [argos] package en->ru installed
[22:58:47] [argos-server] ready on http://127.0.0.1:5006
[22:58:57] [req:2] in en->ru: "<color=#508d75>ACTIVE EFFECTS:</color> {{B|wet}}"
[22:58:57] [req:2] bypass: "<color=#508d75>ACTIVE EFFECTS:</color> {{B|wet}}"
[23:00:11] [req:1] out: "лужа из 12 драмов разбавленной соли"
[23:01:11] [req:3] in en->ru: "PgUp"
[23:01:12] [req:3] out: "PgUp"
[23:01:12] [req:4] in en->ru: "PgDown"
[23:01:12] [req:4] out: "PgDown"
[23:01:12] [req:5] in en->ru: "AV: 99"
[23:01:12] [req:5] out: "AV: 99"
[23:01:12] [req:6] in en->ru: "DV: 99"
[23:01:12] [req:6] out: "DV: 99"
[23:01:36] [req:7] in en->ru: "Syphon Vim"
[23:01:36] [req:7] out: "Сифон Вим"
[23:01:36] [req:8] in en->ru: "[2pts]"
[23:01:36] [req:8] bypass: "[2pts]"
[23:01:36] [req:9] in en->ru: "[1pts]"
[23:01:36] [req:9] bypass: "[1pts]"
[23:01:39] [req:10] in en->ru: "[ Creating World ]"
[23:01:39] [req:10] bypass: "[ Creating World ]"
[23:01:39] [req:11] in en->ru: ""Положи это вокруг своих храмов, перестань болтать, ты будешь в порядке."
[23:01:40] [req:11] out: ""Положите, что вы проверяли минометы, вы проверяли, вы проверяли"."
[23:01:40] [req:12] in en->ru: "Что может пойти не так?""
[23:01:40] [req:12] out: "Что за баранина?"
[23:01:40] [req:13] in en->ru: "- Аргив, Тинкер"
[23:01:40] [req:13] out: "- Агнетик, Тинкер."
[23:01:45] [req:25] in en->ru: "iron mace"
[23:01:45] [req:25] out: "железная булава"
[23:01:45] [req:26] in en->ru: "smoldered mushroom"
[23:01:45] [req:26] out: "тлеющий гриб"
[23:01:45] [req:27] in en->ru: "funerary urn"
[23:01:45] [req:27] out: "погребальная урна"
[23:01:45] [req:28] in en->ru: "gourd"
[23:01:45] [req:28] out: "тыква"
[23:01:45] [req:31] in en->ru: "sandals with cleats"
[23:01:45] [req:31] out: "сандалии с клеатами"
[23:01:45] [req:32] in en->ru: "slender wide-brimmed hat"
[23:01:46] [req:32] out: "стройная широкополая шляпа"
[23:01:46] [req:33] in en->ru: "lacquered wide-brimmed hat"
[23:01:46] [req:33] out: "лакированная широкополая шляпа"
[23:01:48] [req:34] in en->ru: "QN: 100"
[23:01:48] [req:35] in en->ru: "The Водяной фермер и механист преобразуют yells, 'Hmm, what of your artifacts? Make an offering of them to Shekhinah at the Sacred Well.'"
[23:01:48] [req:34] out: "QN: 100"
[23:01:48] [req:36] in en->ru: "MS: 120"
[23:01:48] [req:36] out: "МС: 120"
[23:01:48] [req:37] in en->ru: "AV: 2"
[23:01:49] [req:35] out: "Водяной фермер и механист выкрикивает: Хм, а что с вашими артефактами? Принеси их в жертву Шехине в Священном Колодце."
[23:01:49] [req:38] in en->ru: "On the 30th of Simmun Ut, you arrive at the oasis-hamlet of Joppa, along the far rim of Moghra'yi, the Great Salt Desert.\n\nAll aраунд you, moisture farmers tend to groves of viridian watervine. There are huts wrought from rock salt and br...(truncated)"
[23:01:49] [req:37] out: "AV: 2"
[23:01:49] [req:39] in en->ru: "DV: 6"
[23:01:49] [req:39] out: "DV: 6"
[23:01:49] [req:40] in en->ru: "Moyuroq"
[23:01:50] [req:40] out: "Мойурок"
[23:01:50] [req:41] in en->ru: "Harvest Dawn 30th of Simmun Ut"
[23:01:50] [req:38] out: "30-го Симмун-Ута вы прибываете в оазис-деревню Йоппа, вдоль дальнего края Мограи, Великой соленой пустыни.\n\nВсе это время вас окружало, фермеры, выращивающие влагу, как правило, рощи виридиана. Есть хижины, кованые из каменной соли и расс...(truncated)"
[23:01:50] [req:41] out: "Оригинальное название: Harvest Dawn 30th of Simmun Ut"
[23:02:05] [req:42] in en->ru: "QN: 100"
[23:02:05] [req:42] cache-hit: "QN: 100"
[23:02:05] [req:43] in en->ru: "AV: 2"
[23:02:05] [req:43] cache-hit: "AV: 2"
[23:02:05] [req:44] in en->ru: "DV: 6"
[23:02:05] [req:44] cache-hit: "DV: 6"
[23:02:08] [req:45] in en->ru: "QN: 100"
[23:02:08] [req:45] cache-hit: "QN: 100"
[23:02:08] [req:46] in en->ru: "AV: 2"
[23:02:08] [req:46] cache-hit: "AV: 2"
[23:02:08] [req:47] in en->ru: "DV: 6"
[23:02:08] [req:47] cache-hit: "DV: 6"
[23:02:09] [req:48] in en->ru: "QN: 100"
[23:02:09] [req:48] cache-hit: "QN: 100"
[23:02:09] [req:49] in en->ru: "AV: 2"
[23:02:09] [req:49] cache-hit: "AV: 2"
[23:02:09] [req:50] in en->ru: "DV: 6"
[23:02:09] [req:50] cache-hit: "DV: 6"
[23:02:09] [req:51] in en->ru: "QN: 100"
[23:02:09] [req:51] cache-hit: "QN: 100"
[23:02:09] [req:52] in en->ru: "AV: 2"
[23:02:09] [req:52] cache-hit: "AV: 2"
[23:02:09] [req:53] in en->ru: "DV: 6"
[23:02:09] [req:53] cache-hit: "DV: 6"
[23:02:09] [req:54] in en->ru: "QN: 100"
[23:02:09] [req:54] cache-hit: "QN: 100"
[23:02:09] [req:55] in en->ru: "AV: 2"
[23:02:09] [req:55] cache-hit: "AV: 2"
[23:02:09] [req:56] in en->ru: "DV: 6"
[23:02:09] [req:56] cache-hit: "DV: 6"
[23:02:10] [req:57] in en->ru: "QN: 100"
[23:02:10] [req:57] cache-hit: "QN: 100"
[23:02:10] [req:58] in en->ru: "AV: 2"
[23:02:10] [req:58] cache-hit: "AV: 2"
[23:02:10] [req:59] in en->ru: "DV: 6"
[23:02:10] [req:59] cache-hit: "DV: 6"
[23:02:10] [req:60] in en->ru: "The way is blocked by a brinestalk wall."
[23:02:10] [req:60] out: "Путь перекрыт стеной из рассола."
[23:02:10] [req:61] in en->ru: "QN: 100"
[23:02:10] [req:61] cache-hit: "QN: 100"
[23:02:10] [req:62] in en->ru: "AV: 2"
[23:02:10] [req:62] cache-hit: "AV: 2"
[23:02:10] [req:63] in en->ru: "DV: 6"
[23:02:10] [req:63] cache-hit: "DV: 6"
[23:02:11] [req:64] in en->ru: "QN: 100"
[23:02:11] [req:64] cache-hit: "QN: 100"
[23:02:11] [req:65] in en->ru: "AV: 2"
[23:02:11] [req:65] cache-hit: "AV: 2"
[23:02:11] [req:66] in en->ru: "DV: 6"
[23:02:11] [req:66] cache-hit: "DV: 6"
[23:02:11] [req:67] in en->ru: "QN: 100"
[23:02:11] [req:67] cache-hit: "QN: 100"
[23:02:11] [req:68] in en->ru: "AV: 2"
[23:02:11] [req:68] cache-hit: "AV: 2"
[23:02:11] [req:69] in en->ru: "DV: 6"
[23:02:11] [req:69] cache-hit: "DV: 6"
[23:02:15] [req:70] in en->ru: "QN: 100"
[23:02:15] [req:70] cache-hit: "QN: 100"
[23:02:15] [req:71] in en->ru: "AV: 2"
[23:02:15] [req:71] cache-hit: "AV: 2"
[23:02:15] [req:72] in en->ru: "DV: 6"
[23:02:15] [req:72] cache-hit: "DV: 6"
[23:02:15] [req:73] in en->ru: "QN: 100"
[23:02:15] [req:73] cache-hit: "QN: 100"
[23:02:15] [req:74] in en->ru: "AV: 2"
[23:02:15] [req:74] cache-hit: "AV: 2"
[23:02:15] [req:75] in en->ru: "DV: 6"
[23:02:15] [req:75] cache-hit: "DV: 6"
[23:02:15] [req:76] in en->ru: "QN: 100"
[23:02:15] [req:76] cache-hit: "QN: 100"
[23:02:15] [req:77] in en->ru: "AV: 2"
[23:02:15] [req:77] cache-hit: "AV: 2"
[23:02:15] [req:78] in en->ru: "DV: 6"
[23:02:16] [req:78] cache-hit: "DV: 6"
[23:02:16] [req:79] in en->ru: "QN: 100"
[23:02:16] [req:79] cache-hit: "QN: 100"
[23:02:16] [req:80] in en->ru: "AV: 2"
[23:02:16] [req:80] cache-hit: "AV: 2"
[23:02:16] [req:81] in en->ru: "DV: 6"
[23:02:16] [req:81] cache-hit: "DV: 6"
[23:02:17] [req:82] in en->ru: "QN: 100"
[23:02:17] [req:82] cache-hit: "QN: 100"
[23:02:17] [req:83] in en->ru: "AV: 2"
[23:02:17] [req:83] cache-hit: "AV: 2"
[23:02:17] [req:84] in en->ru: "DV: 6"
[23:02:17] [req:84] cache-hit: "DV: 6"
[23:02:17] [req:85] in en->ru: "QN: 100"
[23:02:17] [req:85] cache-hit: "QN: 100"
[23:02:17] [req:86] in en->ru: "QN: 100"
[23:02:17] [req:86] cache-hit: "QN: 100"
[23:02:17] [req:87] in en->ru: "AV: 2"
[23:02:17] [req:87] cache-hit: "AV: 2"
[23:02:17] [req:88] in en->ru: "DV: 6"
[23:02:17] [req:88] cache-hit: "DV: 6"
[23:02:18] [req:89] in en->ru: "QN: 100"
[23:02:18] [req:89] cache-hit: "QN: 100"
[23:02:18] [req:90] in en->ru: "AV: 2"
[23:02:18] [req:90] cache-hit: "AV: 2"
[23:02:18] [req:91] in en->ru: "DV: 6"
[23:02:18] [req:91] cache-hit: "DV: 6"
[23:02:18] [req:92] in en->ru: "QN: 100"
[23:02:18] [req:92] cache-hit: "QN: 100"
[23:02:18] [req:93] in en->ru: "AV: 2"
[23:02:18] [req:93] cache-hit: "AV: 2"
[23:02:18] [req:94] in en->ru: "QN: 100"
[23:02:18] [req:94] cache-hit: "QN: 100"
[23:02:18] [req:95] in en->ru: "AV: 2"
[23:02:18] [req:95] cache-hit: "AV: 2"
[23:02:18] [req:96] in en->ru: "DV: 6"
[23:02:18] [req:96] cache-hit: "DV: 6"
[23:02:19] [req:97] in en->ru: "QN: 100"
[23:02:19] [req:97] cache-hit: "QN: 100"
[23:02:19] [req:98] in en->ru: "AV: 2"
[23:02:19] [req:98] cache-hit: "AV: 2"
[23:02:19] [req:99] in en->ru: "DV: 6"
[23:02:19] [req:99] cache-hit: "DV: 6"
[23:02:19] [req:100] in en->ru: "QN: 100"
[23:02:19] [req:100] cache-hit: "QN: 100"
[23:02:19] [req:101] in en->ru: "AV: 2"
[23:02:19] [req:101] cache-hit: "AV: 2"
[23:02:19] [req:102] in en->ru: "DV: 6"
[23:02:19] [req:102] cache-hit: "DV: 6"
[23:02:19] [req:103] in en->ru: "QN: 100"
[23:02:19] [req:103] cache-hit: "QN: 100"
[23:02:19] [req:104] in en->ru: "AV: 2"
[23:02:19] [req:104] cache-hit: "AV: 2"
[23:02:19] [req:105] in en->ru: "DV: 6"
[23:02:19] [req:105] cache-hit: "DV: 6"
[23:02:19] [req:106] in en->ru: "QN: 100"
[23:02:19] [req:106] cache-hit: "QN: 100"
[23:02:19] [req:107] in en->ru: "AV: 2"
[23:02:19] [req:107] cache-hit: "AV: 2"
[23:02:19] [req:108] in en->ru: "DV: 6"
[23:02:19] [req:108] cache-hit: "DV: 6"
[23:02:20] [req:109] in en->ru: "QN: 100"
[23:02:20] [req:109] cache-hit: "QN: 100"
[23:02:20] [req:110] in en->ru: "AV: 2"
[23:02:20] [req:110] cache-hit: "AV: 2"
[23:02:20] [req:111] in en->ru: "QN: 100"
[23:02:20] [req:111] cache-hit: "QN: 100"
[23:02:20] [req:112] in en->ru: "AV: 2"
[23:02:20] [req:112] cache-hit: "AV: 2"
[23:02:20] [req:113] in en->ru: "DV: 6"
[23:02:20] [req:113] cache-hit: "DV: 6"
[23:02:20] [req:114] in en->ru: "QN: 100"
[23:02:20] [req:114] cache-hit: "QN: 100"
[23:02:20] [req:115] in en->ru: "AV: 2"
[23:02:20] [req:115] cache-hit: "AV: 2"
[23:02:20] [req:116] in en->ru: "DV: 6"
[23:02:20] [req:116] cache-hit: "DV: 6"
[23:02:21] [req:117] in en->ru: "QN: 100"
[23:02:21] [req:117] cache-hit: "QN: 100"
[23:02:21] [req:118] in en->ru: "AV: 2"
[23:02:21] [req:118] cache-hit: "AV: 2"
[23:02:21] [req:119] in en->ru: "DV: 6"
[23:02:21] [req:119] cache-hit: "DV: 6"
[23:03:00] [req:120] in en->ru: "QN: 100"
[23:03:00] [req:120] cache-hit: "QN: 100"
[23:03:00] [req:121] in en->ru: "AV: 2"
[23:03:00] [req:121] cache-hit: "AV: 2"
[23:03:00] [req:122] in en->ru: "DV: 6"
[23:03:00] [req:122] cache-hit: "DV: 6"
[23:03:01] [req:123] in en->ru: "QN: 100"
[23:03:01] [req:123] cache-hit: "QN: 100"
[23:03:01] [req:124] in en->ru: "AV: 2"
[23:03:01] [req:124] cache-hit: "AV: 2"
[23:03:01] [req:125] in en->ru: "DV: 6"
[23:03:01] [req:125] cache-hit: "DV: 6"
[23:03:02] [req:126] in en->ru: "QN: 100"
[23:03:02] [req:126] cache-hit: "QN: 100"
[23:03:02] [req:127] in en->ru: "AV: 2"
[23:03:02] [req:127] cache-hit: "AV: 2"
[23:03:02] [req:128] in en->ru: "DV: 6"
[23:03:02] [req:128] cache-hit: "DV: 6"
[23:03:03] [req:129] in en->ru: "watervine"
[23:03:03] [req:129] out: "водоросль"
[23:03:26] [req:130] in en->ru: "QN: 100"
[23:03:26] [req:130] cache-hit: "QN: 100"
[23:03:26] [req:131] in en->ru: "AV: 2"
[23:03:26] [req:131] cache-hit: "AV: 2"
[23:03:26] [req:132] in en->ru: "DV: 6"
[23:03:26] [req:132] cache-hit: "DV: 6"
[23:03:26] [req:133] in en->ru: "QN: 100"
[23:03:26] [req:133] cache-hit: "QN: 100"
[23:03:26] [req:134] in en->ru: "AV: 2"
[23:03:26] [req:134] cache-hit: "AV: 2"
[23:03:26] [req:135] in en->ru: "DV: 6"
[23:03:26] [req:135] cache-hit: "DV: 6"
[23:03:28] [req:136] in en->ru: "Argyve"
[23:03:28] [req:136] out: "Аргиев"
[23:03:33] [req:137] in en->ru: "AGI"
[23:03:33] [req:137] out: "AGI"
[23:03:33] [req:138] in en->ru: "TOU"
[23:03:33] [req:138] out: "Ту"
[23:03:33] [req:139] in en->ru: "QN"
[23:03:33] [req:139] out: "QN"
[23:03:33] [req:140] in en->ru: "MS"
[23:03:33] [req:140] out: "рассеянный"
[23:03:33] [req:141] in en->ru: "HR"
[23:03:33] [req:141] out: "HR"
[23:03:33] [req:142] in en->ru: "Level: 1 ¯ HP: 18/18 ¯ XP: 0/220 ¯ Weight: 547#"
[23:03:33] [req:142] out: "Уровень: 1 ́ HP: 18/18 ́ XP: 0/220 ́ Вес: 547#"
[23:05:44] [argos-server] sqlite cache: C:\Users\Spark-PC\AppData\LocalLow\Freehold Games\CavesOfQud\Mods\CoQ-translater\argos_translate_cache.db
[23:05:44] [argos-server] ready on http://127.0.0.1:5006
[23:05:53] [req:1] in en->ru: "{{w|[1] Let's trade. [begin trade]}}"
[23:05:53] [req:2] in en->ru: "Your Heat Resist determines how much heat damage you ablate and how insulated you are from effects that increase your temperature."
[23:05:54] [req:2] out: "Теплостойкость определяет, сколько теплового ущерба вы смягчаете и насколько изолированы от эффектов, которые повышают вашу температуру."
[23:05:54] [req:1] out: "[1] Давайте торговать. [Начать торговлю]"
[23:08:31] [argos-server] sqlite cache: C:\Users\Spark-PC\AppData\LocalLow\Freehold Games\CavesOfQud\Mods\CoQ-translater\argos_translate_cache.db
[23:08:31] [argos-server] ready on http://127.0.0.1:5005
[23:08:43] [req:1] in en->ru: "PgUp"
[23:08:45] [req:1] out: "PgUp"
[23:08:45] [req:2] in en->ru: "PgDown"
[23:08:45] [req:2] out: "PgDown"
[23:08:45] [req:3] in en->ru: "AV: 99"
[23:08:45] [req:3] out: "AV: 99"
[23:08:45] [req:4] in en->ru: "DV: 99"
[23:08:45] [req:4] out: "DV: 99"
[23:08:47] [req:5] in en->ru: "Dromad Edition"
[23:08:47] [req:5] out: "Издание Dromad"
[23:08:47] [req:6] in en->ru: "2.0.210.24"
[23:08:47] [req:6] out: "2.0.210.24"
[23:08:52] [req:7] in en->ru: "[R]"
[23:08:52] [req:7] bypass: "[R]"
[23:08:56] [req:10] in en->ru: "[Удалить]"
[23:08:56] [req:10] bypass: "[Удалить]"
[23:09:03] [req:16] in en->ru: "[■][5]"
[23:09:03] [req:16] bypass: "[■][5]"
[23:09:03] [req:17] in en->ru: "[■][-3]"
[23:09:03] [req:17] bypass: "[■][-3]"
[23:09:03] [req:18] in en->ru: "Myopic (D)"
[23:09:03] [req:18] out: "близорукость (D)"
[23:09:04] [req:19] in en->ru: "[2pts]"
[23:09:04] [req:19] bypass: "[2pts]"
[23:09:04] [req:20] in en->ru: "[1pts]"
[23:09:04] [req:20] bypass: "[1pts]"
[23:09:11] [req:25] in en->ru: "[ Creating World ]"
[23:09:11] [req:25] bypass: "[ Creating World ]"
[23:09:11] [req:26] in en->ru: "goatfolk bully"
[23:09:11] [req:26] out: "козлиный хулиган"
[23:09:15] [req:40] in en->ru: "dromad trader"
[23:09:15] [req:40] out: "дромадный трейдер"
[23:09:15] [req:41] in en->ru: "juice sap"
[23:09:15] [req:41] out: "соковый сок"
[23:09:15] [req:42] in en->ru: "chaingun turret"
[23:09:15] [req:42] out: "револьверная башня"
[23:09:15] [req:43] in en->ru: "amoeba farmer"
[23:09:15] [req:43] out: "фермер амеба"
[23:09:15] [req:44] in en->ru: "irritable tortoise"
[23:09:15] [req:44] out: "раздражительная черепаха"
[23:09:15] [req:45] in en->ru: "quillipede"
[23:09:15] [req:45] out: "квиллипеда"
[23:09:15] [req:46] in en->ru: "decarbonizer"
[23:09:16] [req:46] out: "декарбонизатор"
[23:09:16] [req:47] in en->ru: "chef"
[23:09:16] [req:47] out: "повар"
[23:09:16] [req:48] in en->ru: "aloe fugues"
[23:09:16] [req:48] out: "алоэ фуги"
[23:09:16] [req:49] in en->ru: "leering stalker"
[23:09:16] [req:49] out: "Лерирующий сталкер"
[23:09:16] [req:50] in en->ru: "black jell"
[23:09:16] [req:50] out: "черный желе"
[23:09:16] [req:51] in en->ru: "guard dog"
[23:09:16] [req:51] out: "сторожевая собака"
[23:09:16] [req:52] in en->ru: "chrome pyramid"
[23:09:16] [req:52] out: "хромированная пирамида"
[23:09:17] [req:53] in en->ru: "iron vinereaper"
[23:09:17] [req:53] out: "железный виньепер"
[23:09:17] [req:54] in en->ru: "odd trinket"
[23:09:17] [req:54] out: "странная безделушка"
[23:09:17] [req:55] in en->ru: "flawless {{crysteel|crysteel long sword}}"
[23:09:17] [req:55] out: "Безупречный {{crysteel |crysteel long sword}}"
[23:09:17] [req:56] in en->ru: "clay pot"
[23:09:17] [req:56] out: "глиняный горшок"
[23:09:17] [req:57] in en->ru: "slender painted ogre fur cloak"
[23:09:18] [req:57] out: "стройный окрашенный огр меховой плащ"
[23:09:18] [req:58] in en->ru: "sated dreamcrungle"
[23:09:18] [req:58] out: "Обсуждение Dreamcungle"
[23:09:18] [req:59] in en->ru: "sturdy sandals"
[23:09:18] [req:59] out: "прочные сандалии"
[23:09:18] [req:60] in en->ru: "painted cloth robe"
[23:09:18] [req:60] out: "нарисованная одежда"
[23:09:18] [req:61] in en->ru: "scaled wide-brimmed hat"
[23:09:18] [req:61] out: "широкополая шляпа"
[23:09:20] [req:63] in en->ru: "The Водяной фермер и механист преобразуют yells, 'Who ventures into the Great Salt Desert, and nearer the Six Day Stilt?'"
[23:09:20] [req:64] in en->ru: "QN: 100"
[23:09:20] [req:63] out: "«Кто отважится войти в Великую соленую пустыню и приблизиться к Шестидневной сковороде?»"
[23:09:20] [req:65] in en->ru: "On the 6th of Tuum Ut, you arrive at the oasis-hamlet of Joppa, along the far rim of Moghra'yi, the Great Salt Desert.\n\nAll aраунд you, moisture farmers tend to groves of viridian watervine. There are huts wrought from rock salt and brine...(truncated)"
[23:09:21] [req:64] out: "QN: 100"
[23:09:21] [req:66] in en->ru: "AV: 2"
[23:09:21] [req:66] out: "AV: 2"
[23:09:21] [req:67] in en->ru: "DV: 6"
[23:09:22] [req:67] out: "DV: 6"
[23:09:22] [req:68] in en->ru: "Harvest Dawn 6th of Tuum Ut"
[23:09:22] [req:65] out: "6-го Туум-Ута вы прибываете в оазис-деревню Йоппа, вдоль дальнего края Мограи, Великой соленой пустыни.\n\nВсе это время вас окружало, фермеры, выращивающие влагу, как правило, рощи виридиана. Есть хижины, кованые из каменной соли и рассола...(truncated)"
[23:09:23] [req:68] out: "Оригинальное название: Harvest Dawn 6th of Tuum Ut"
[23:09:23] [req:69] in en->ru: "42/349# 32$"
[23:09:23] [req:69] out: "42/349 # 32$"
[23:09:23] [req:70] in en->ru: "Iyuwer"
[23:09:23] [req:70] out: "Айювер"
[23:09:23] [req:71] in en->ru: "[Нет]"
[23:09:23] [req:71] bypass: "[Нет]"
[23:09:23] [req:72] in en->ru: "Who ventures into the Great Salt Desert, and nearer the Six Day Stilt?"
[23:09:23] [req:72] out: "Кто отправляется в Великую соленую пустыню и ближе к Шестидневной сваям?"
[23:09:31] [req:73] in en->ru: "QN: 100"
[23:09:31] [req:73] cache-hit: "QN: 100"
[23:09:31] [req:74] in en->ru: "AV: 2"
[23:09:31] [req:74] cache-hit: "AV: 2"
[23:09:31] [req:75] in en->ru: "DV: 6"
[23:09:31] [req:75] cache-hit: "DV: 6"
[23:09:31] [req:76] in en->ru: "Кто отправляется в Великую соленую пустыню и ближе к Шестидневной сваям?"
[23:09:31] [req:76] out: "Что такое Великая Отечественная война и Шестидневная война?"
[23:09:33] [req:77] in en->ru: "QN: 100"
[23:09:33] [req:77] cache-hit: "QN: 100"
[23:09:33] [req:78] in en->ru: "AV: 2"
[23:09:33] [req:78] cache-hit: "AV: 2"
[23:09:33] [req:79] in en->ru: "DV: 6"
[23:09:33] [req:79] cache-hit: "DV: 6"
[23:09:34] [req:80] in en->ru: "QN: 100"
[23:09:34] [req:80] cache-hit: "QN: 100"
[23:09:34] [req:81] in en->ru: "AV: 2"
[23:09:34] [req:81] cache-hit: "AV: 2"
[23:09:34] [req:82] in en->ru: "DV: 6"
[23:09:34] [req:82] cache-hit: "DV: 6"
[23:09:34] [req:83] in en->ru: "QN: 100"
[23:09:34] [req:83] cache-hit: "QN: 100"
[23:09:34] [req:84] in en->ru: "AV: 2"
[23:09:34] [req:84] cache-hit: "AV: 2"
[23:09:34] [req:85] in en->ru: "DV: 6"
[23:09:34] [req:85] cache-hit: "DV: 6"
[23:09:34] [req:86] in en->ru: "QN: 100"
[23:09:34] [req:86] cache-hit: "QN: 100"
[23:09:34] [req:87] in en->ru: "AV: 2"
[23:09:34] [req:87] cache-hit: "AV: 2"
[23:09:34] [req:88] in en->ru: "DV: 6"
[23:09:34] [req:88] cache-hit: "DV: 6"
[23:09:35] [req:89] in en->ru: "QN: 100"
[23:09:35] [req:89] cache-hit: "QN: 100"
[23:09:35] [req:90] in en->ru: "AV: 2"
[23:09:35] [req:90] cache-hit: "AV: 2"
[23:09:35] [req:91] in en->ru: "DV: 6"
[23:09:35] [req:91] cache-hit: "DV: 6"
[23:09:35] [req:92] in en->ru: "QN: 100"
[23:09:35] [req:92] cache-hit: "QN: 100"
[23:09:35] [req:93] in en->ru: "AV: 2"
[23:09:35] [req:93] cache-hit: "AV: 2"
[23:09:35] [req:94] in en->ru: "DV: 6"
[23:09:35] [req:94] cache-hit: "DV: 6"
[23:09:36] [req:95] in en->ru: "QN: 100"
[23:09:36] [req:95] cache-hit: "QN: 100"
[23:09:36] [req:96] in en->ru: "AV: 2"
[23:09:36] [req:96] cache-hit: "AV: 2"
[23:09:36] [req:97] in en->ru: "DV: 6"
[23:09:36] [req:97] cache-hit: "DV: 6"
[23:09:36] [req:98] in en->ru: "QN: 100"
[23:09:36] [req:98] cache-hit: "QN: 100"
[23:09:36] [req:99] in en->ru: "AV: 2"
[23:09:36] [req:99] cache-hit: "AV: 2"
[23:09:36] [req:100] in en->ru: "DV: 6"
[23:09:36] [req:100] cache-hit: "DV: 6"
[23:09:37] [req:101] in en->ru: "QN: 100"
[23:09:37] [req:101] cache-hit: "QN: 100"
[23:09:37] [req:102] in en->ru: "AV: 2"
[23:09:37] [req:102] cache-hit: "AV: 2"
[23:09:37] [req:103] in en->ru: "DV: 6"
[23:09:37] [req:103] cache-hit: "DV: 6"
[23:09:38] [req:104] in en->ru: "{{y|Got an eyeful, heh?\n\n}}"
[23:09:38] [req:104] out: "У тебя что, глазело?\n\n}}"
[23:09:38] [req:105] in en->ru: "Warden Yrame"
[23:09:39] [req:105] out: "Начальник Ирам"
[23:09:39] [req:106] in en->ru: "{{w|[1] Who are you?\n\n}}"
[23:09:39] [req:106] out: "{{w}}[1] Кто ты такой?\n\n}}"
[23:09:39] [req:107] in en->ru: "{{w|[2] What is a Warden?\n\n}}"
[23:09:39] [req:107] out: "{{w}}[2] Что такое надзиратель?\n\n}}"
[23:09:39] [req:108] in en->ru: "{{w|[3] Your thirst is mine, my water is yours. [begin water ritual; {{C|1 dram of water]}}\n\n}}"
[23:09:39] [req:108] out: "{{w}}[3] Твоя жажда моя, моя вода твоя. [Начало водного ритуала; [C | 1 драм воды]]\n\n}}"
[23:09:39] [req:109] in en->ru: "{{w|[4] Let's trade. [begin trade]\n\n}}"
[23:09:40] [req:109] out: "{{w}}[4] Давайте торговать. [Начать торговлю]\n\n}}"
[23:09:40] [req:110] in en->ru: "{{w|[5] Live and drink. [End]\n\n}}"
[23:09:40] [req:110] out: "[5] Живи и пей. [Конец]\n\n}}"
[23:09:40] [req:111] in en->ru: "{{W|[L] Look}}"
[23:09:40] [req:111] out: "{{W}[L] Look}}"
[23:09:40] [req:112] in en->ru: "[{{W|Tab] Trade}}"
[23:09:40] [req:112] out: "[{{W}Tab}} Торговля"
[23:09:40] [req:113] in en->ru: "{{w}}[1] Кто ты такой?\n\n}}"
[23:09:40] [req:113] out: "{{w}}[1] Как ты?\n\n}}"
[23:09:40] [req:114] in en->ru: "{{w}}[2] Что такое надзиратель?\n\n}}"
[23:09:40] [req:114] out: "{{w}}[2] Что за подкладка?\n\n}}"
[23:09:42] [req:115] in en->ru: "{{w}}[3] Твоя жажда моя, моя вода твоя. [Начало водного ритуала; [C | 1 драм воды]]\n\n}}"
[23:09:42] [req:115] out: "{{w}}[3] Ты живешь, ты живешь. [Начало водного движения; [C | 1 драма]]\n\n}}"
[23:09:42] [req:116] in en->ru: "{{w}}[4] Давайте торговать. [Начать торговлю]\n\n}}"
[23:09:43] [req:116] out: "{{w}}[4] Скорая помощь. [Назад]\n\n}}"
[23:09:50] [req:117] in en->ru: "QN: 100"
[23:09:50] [req:117] cache-hit: "QN: 100"
[23:09:50] [req:118] in en->ru: "AV: 2"
[23:09:50] [req:118] cache-hit: "AV: 2"
[23:09:50] [req:119] in en->ru: "DV: 6"
[23:09:50] [req:119] cache-hit: "DV: 6"
[23:09:50] [req:120] in en->ru: "The watervine farmer and Mechanimist convert pets Ctesiphus."
[23:09:51] [req:121] in en->ru: "QN: 100"
[23:09:51] [req:121] cache-hit: "QN: 100"
[23:09:51] [req:122] in en->ru: "AV: 2"
[23:09:51] [req:122] cache-hit: "AV: 2"
[23:09:51] [req:123] in en->ru: "DV: 6"
[23:09:51] [req:123] cache-hit: "DV: 6"
[23:09:51] [req:120] out: "Фермер и механист превращают домашних животных в Ктесифуса."
[23:09:51] [req:124] in en->ru: "Ctesiphus meows."
[23:09:51] [req:124] out: "Ктесиф мяукает."
[23:09:51] [req:125] in en->ru: "The watervine farmer and Mechanimist convert starts to glow."
[23:09:51] [req:125] out: "Водный фермер и механист начинают светиться."
[23:09:51] [req:126] in en->ru: "QN: 100"
[23:09:51] [req:126] cache-hit: "QN: 100"
[23:09:51] [req:127] in en->ru: "AV: 2"
[23:09:51] [req:127] cache-hit: "AV: 2"
[23:09:51] [req:128] in en->ru: "DV: 6"
[23:09:51] [req:128] cache-hit: "DV: 6"
[23:09:52] [req:129] in en->ru: "QN: 100"
[23:09:52] [req:129] cache-hit: "QN: 100"
[23:09:52] [req:130] in en->ru: "AV: 2"
[23:09:52] [req:130] cache-hit: "AV: 2"
[23:09:52] [req:131] in en->ru: "DV: 6"
[23:09:52] [req:131] cache-hit: "DV: 6"
[23:09:52] [req:132] in en->ru: "QN: 100"
[23:09:52] [req:132] cache-hit: "QN: 100"
[23:09:52] [req:133] in en->ru: "AV: 2"
[23:09:52] [req:133] cache-hit: "AV: 2"
[23:09:52] [req:134] in en->ru: "DV: 6"
[23:09:52] [req:134] cache-hit: "DV: 6"
[23:09:52] [req:135] in en->ru: "QN: 100"
[23:09:52] [req:135] cache-hit: "QN: 100"
[23:09:52] [req:136] in en->ru: "AV: 2"
[23:09:52] [req:136] cache-hit: "AV: 2"
[23:09:52] [req:137] in en->ru: "DV: 6"
[23:09:52] [req:137] cache-hit: "DV: 6"
[23:09:53] [req:138] in en->ru: "QN: 100"
[23:09:53] [req:138] cache-hit: "QN: 100"
[23:09:53] [req:139] in en->ru: "AV: 2"
[23:09:53] [req:139] cache-hit: "AV: 2"
[23:09:53] [req:140] in en->ru: "DV: 6"
[23:09:53] [req:140] cache-hit: "DV: 6"
[23:09:53] [req:141] in en->ru: "{{y|Wanderer! Do you venture northwise? Into the Great Desert and nearer the Six Day Stilt?\n\n}}"
[23:09:54] [req:141] out: "Странник! Вы отваживаетесь на север? В Великую пустыню и ближе к Шестидневной сваям?\n\n}}"
[23:09:54] [req:142] in en->ru: "Водяной фермер и механист преобразуют"
[23:09:54] [req:142] out: ""Владимир" и "Владимир" и "Владимир"."
[23:09:54] [req:143] in en->ru: "{{w|[1] What is the Six Day Stilt?\n\n}}"
[23:09:54] [req:143] out: "{{w}}[1] Что такое Шестидневная свая?\n\n}}"
[23:09:54] [req:144] in en->ru: "{{w|[2] Why do you ask?\n\n}}"
[23:09:54] [req:144] out: "{{w}}[2] Почему ты спрашиваешь?\n\n}}"
[23:09:54] [req:145] in en->ru: "{{w|[3] Live and drink. [End]\n\n}}"
[23:09:54] [req:145] out: "[3] Живи и пей. [Конец]\n\n}}"
[23:09:58] [req:146] in en->ru: "{{w}}[2] Почему ты спрашиваешь?\n\n}}"
[23:09:58] [req:146] out: "{{w}}[2] Почему ты до сих пор не удержался?\n\n}}"
[23:09:58] [req:147] in en->ru: "{{w}}[1] Что такое Шестидневная свая?\n\n}}"
[23:09:58] [req:147] out: "{{w}}[1] Что такое "Шестидневная школа"?\n\n}}"
[23:10:59] [req:148] in en->ru: "QN: 100"
[23:10:59] [req:148] cache-hit: "QN: 100"
[23:10:59] [req:149] in en->ru: "AV: 2"
[23:10:59] [req:149] cache-hit: "AV: 2"
[23:10:59] [req:150] in en->ru: "DV: 6"
[23:10:59] [req:150] cache-hit: "DV: 6"
[23:10:59] [req:151] in en->ru: "QN: 100"
[23:10:59] [req:151] cache-hit: "QN: 100"
[23:10:59] [req:152] in en->ru: "AV: 2"
[23:10:59] [req:152] cache-hit: "AV: 2"
[23:10:59] [req:153] in en->ru: "DV: 6"
[23:10:59] [req:153] cache-hit: "DV: 6"
[23:11:01] [req:154] in en->ru: "Ctesiphus"
[23:11:01] [req:154] out: "Ктесифус"
[23:11:08] [req:155] in en->ru: "QN: 100"
[23:11:08] [req:155] cache-hit: "QN: 100"
[23:11:08] [req:156] in en->ru: "AV: 2"
[23:11:08] [req:156] cache-hit: "AV: 2"
[23:11:08] [req:157] in en->ru: "DV: 6"
[23:11:08] [req:157] cache-hit: "DV: 6"
[23:11:09] [req:158] in en->ru: "QN: 100"
[23:11:09] [req:158] cache-hit: "QN: 100"
[23:11:09] [req:159] in en->ru: "AV: 2"
[23:11:09] [req:159] cache-hit: "AV: 2"
[23:11:09] [req:160] in en->ru: "DV: 6"
[23:11:09] [req:160] cache-hit: "DV: 6"
[23:11:18] [req:161] in en->ru: "QN: 100"
[23:11:18] [req:161] cache-hit: "QN: 100"
[23:11:18] [req:162] in en->ru: "AV: 2"
[23:11:18] [req:162] cache-hit: "AV: 2"
[23:11:18] [req:163] in en->ru: "DV: 6"
[23:11:18] [req:163] cache-hit: "DV: 6"
[23:11:19] [req:164] in en->ru: "QN: 100"
[23:11:19] [req:164] cache-hit: "QN: 100"
[23:11:19] [req:165] in en->ru: "AV: 2"
[23:11:19] [req:165] cache-hit: "AV: 2"
[23:11:19] [req:166] in en->ru: "DV: 6"
[23:11:19] [req:166] cache-hit: "DV: 6"
[23:11:19] [req:167] in en->ru: "QN: 100"
[23:11:19] [req:167] cache-hit: "QN: 100"
[23:11:19] [req:168] in en->ru: "AV: 2"
[23:11:19] [req:168] cache-hit: "AV: 2"
[23:11:19] [req:169] in en->ru: "DV: 6"
[23:11:19] [req:169] cache-hit: "DV: 6"
[23:11:20] [req:170] in en->ru: "QN: 100"
[23:11:20] [req:170] cache-hit: "QN: 100"
[23:11:20] [req:171] in en->ru: "AV: 2"
[23:11:20] [req:171] cache-hit: "AV: 2"
[23:11:20] [req:172] in en->ru: "DV: 6"
[23:11:20] [req:172] cache-hit: "DV: 6"
[23:11:20] [req:173] in en->ru: "QN: 100"
[23:11:20] [req:173] cache-hit: "QN: 100"
[23:11:20] [req:174] in en->ru: "AV: 2"
[23:11:20] [req:174] cache-hit: "AV: 2"
[23:11:20] [req:175] in en->ru: "DV: 6"
[23:11:20] [req:175] cache-hit: "DV: 6"
[23:11:20] [req:176] in en->ru: "QN: 100"
[23:11:20] [req:176] cache-hit: "QN: 100"
[23:11:20] [req:177] in en->ru: "AV: 2"
[23:11:20] [req:177] cache-hit: "AV: 2"
[23:11:20] [req:178] in en->ru: "DV: 6"
[23:11:20] [req:178] cache-hit: "DV: 6"
[23:11:20] [req:179] in en->ru: "QN: 100"
[23:11:20] [req:179] cache-hit: "QN: 100"
[23:11:20] [req:180] in en->ru: "AV: 2"
[23:11:20] [req:180] cache-hit: "AV: 2"
[23:11:20] [req:181] in en->ru: "DV: 6"
[23:11:20] [req:181] cache-hit: "DV: 6"
[23:11:21] [req:182] in en->ru: "QN: 100"
[23:11:21] [req:182] cache-hit: "QN: 100"
[23:11:21] [req:183] in en->ru: "AV: 2"
[23:11:21] [req:183] cache-hit: "AV: 2"
[23:11:21] [req:184] in en->ru: "DV: 6"
[23:11:21] [req:184] cache-hit: "DV: 6"
[23:11:21] [req:185] in en->ru: "QN: 100"
[23:11:21] [req:185] cache-hit: "QN: 100"
[23:11:21] [req:186] in en->ru: "AV: 2"
[23:11:21] [req:186] cache-hit: "AV: 2"
[23:11:21] [req:187] in en->ru: "DV: 6"
[23:11:21] [req:187] cache-hit: "DV: 6"
[23:11:22] [req:188] in en->ru: "QN: 100"
[23:11:22] [req:188] cache-hit: "QN: 100"
[23:11:22] [req:189] in en->ru: "AV: 2"
[23:11:22] [req:189] cache-hit: "AV: 2"
[23:11:22] [req:190] in en->ru: "DV: 6"
[23:11:22] [req:190] cache-hit: "DV: 6"
[23:11:23] [req:191] in en->ru: "QN: 100"
[23:11:23] [req:191] cache-hit: "QN: 100"
[23:11:23] [req:192] in en->ru: "AV: 2"
[23:11:23] [req:192] cache-hit: "AV: 2"
[23:11:23] [req:193] in en->ru: "DV: 6"
[23:11:23] [req:193] cache-hit: "DV: 6"
[23:11:23] [req:194] in en->ru: "QN: 100"
[23:11:23] [req:194] cache-hit: "QN: 100"
[23:11:23] [req:195] in en->ru: "AV: 2"
[23:11:23] [req:195] cache-hit: "AV: 2"
[23:11:23] [req:196] in en->ru: "DV: 6"
[23:11:23] [req:196] cache-hit: "DV: 6"
[23:11:23] [req:197] in en->ru: "QN: 100"
[23:11:23] [req:197] cache-hit: "QN: 100"
[23:11:23] [req:198] in en->ru: "AV: 2"
[23:11:23] [req:198] cache-hit: "AV: 2"
[23:11:23] [req:199] in en->ru: "DV: 6"
[23:11:23] [req:199] cache-hit: "DV: 6"
[23:11:24] [req:200] in en->ru: "QN: 100"
[23:11:24] [req:200] cache-hit: "QN: 100"
[23:11:24] [req:201] in en->ru: "AV: 2"
[23:11:24] [req:201] cache-hit: "AV: 2"
[23:11:24] [req:202] in en->ru: "DV: 6"
[23:11:24] [req:202] cache-hit: "DV: 6"
[23:11:27] [req:203] in en->ru: "QN: 100"
[23:11:27] [req:203] cache-hit: "QN: 100"
[23:11:27] [req:204] in en->ru: "AV: 2"
[23:11:27] [req:204] cache-hit: "AV: 2"
[23:11:27] [req:205] in en->ru: "DV: 6"
[23:11:27] [req:205] cache-hit: "DV: 6"
[23:11:27] [req:206] in en->ru: "QN: 100"
[23:11:27] [req:206] cache-hit: "QN: 100"
[23:11:27] [req:207] in en->ru: "AV: 2"
[23:11:27] [req:207] cache-hit: "AV: 2"
[23:11:27] [req:208] in en->ru: "DV: 6"
[23:11:27] [req:208] cache-hit: "DV: 6"
[23:11:27] [req:209] in en->ru: "QN: 100"
[23:11:27] [req:209] cache-hit: "QN: 100"
[23:11:28] [req:210] in en->ru: "AV: 2"
[23:11:28] [req:210] cache-hit: "AV: 2"
[23:11:28] [req:211] in en->ru: "DV: 6"
[23:11:28] [req:211] cache-hit: "DV: 6"
[23:11:30] [req:212] in en->ru: "watervine farmer"
[23:11:30] [req:212] out: "фермер"
[23:11:32] [req:213] in en->ru: "{{y|Live and drink, waterhand.\n\n}}"
[23:11:33] [req:213] out: "Живи и пей, водная рука.\n\n}}"
[23:11:33] [req:214] in en->ru: "фермер"
[23:11:33] [req:214] out: "фермер"
[23:11:33] [req:215] in en->ru: "{{w|[1] Let's trade. [begin trade]\n\n}}"
[23:11:33] [req:215] out: "{{w}}[1] Давай обменяемся. [Начать торговлю]\n\n}}"
[23:11:33] [req:216] in en->ru: "{{w|[2] I'm looking for work.\n\n}}"
[23:11:33] [req:216] out: "[2] Я ищу работу.\n\n}}"
[23:11:33] [req:217] in en->ru: "{{w|[2] I'm looking на work.\n\n}}"
[23:11:33] [req:217] out: "[2] Я ищу работу.\n\n}}"
[23:11:33] [req:218] in en->ru: "{{W}[L] Look}}"
[23:11:33] [req:218] out: "{{W}[L] Look}}"
[23:11:33] [req:219] in en->ru: "[{{W}Tab}} Торговля"
[23:11:34] [req:219] out: "[{{W}Tab}} Торговля"
[23:11:34] [req:220] in en->ru: "{{w}}[1] Давай обменяемся. [Начать торговлю]\n\n}}"
[23:11:34] [req:220] out: "{{w}}[1] Непрерывно. [Назад]\n\n}}"
[23:11:42] [req:221] in en->ru: "{{y|Talk to {{y|Argyve, in his workshop to the west, or Mehmet, by the watervine patch to the southwest.}}\n\n}}"
[23:11:42] [req:221] out: "Поговорите с Аргивом в его мастерской на западе, или Мехметом, на участке водоема на юго-западе.\n\n}}"
[23:11:42] [req:222] in en->ru: "{{w|[1] Thank you. I have more to ask.\n\n}}"
[23:11:42] [req:222] out: "{{w}}[1] Спасибо. Мне нужно ещё кое-что спросить.\n\n}}"
[23:11:42] [req:223] in en->ru: "{{w|[2] Live and drink. [End]\n\n}}"
[23:11:42] [req:223] out: "[2] Живи и пей. [Конец]\n\n}}"
[23:11:44] [req:224] in en->ru: "{{w}}[1] Спасибо. Мне нужно ещё кое-что спросить.\n\n}}"
[23:11:44] [req:224] out: "[1][править править код] Ясно, что это так.\n\n}}"
[23:11:48] [req:225] in en->ru: "{{y|Goin' out? Mind the crocs.\n\n}}"
[23:11:48] [req:225] out: "Выезжаешь? Не обращай внимания на крокодилов.\n\n}}"
[23:11:48] [req:226] in en->ru: "{{w|[2] My services are available if you have work to offer.\n\n}}"
[23:11:49] [req:226] out: "{{w}}[2] Мои услуги доступны, если у вас есть работа, чтобы предложить.\n\n}}"
[23:11:50] [req:227] in en->ru: "{{w}}[2] Мои услуги доступны, если у вас есть работа, чтобы предложить.\n\n}}"
[23:11:50] [req:227] out: "{{w}}[2] Мои предложения в том, что касается:\n\n}}"
[23:11:56] [req:228] in en->ru: "QN: 100"
[23:11:56] [req:228] cache-hit: "QN: 100"
[23:11:56] [req:229] in en->ru: "AV: 2"
[23:11:56] [req:229] cache-hit: "AV: 2"
[23:11:56] [req:230] in en->ru: "DV: 6"
[23:11:56] [req:230] cache-hit: "DV: 6"
[23:11:56] [req:231] in en->ru: "QN: 100"
[23:11:56] [req:231] cache-hit: "QN: 100"
[23:11:56] [req:232] in en->ru: "AV: 2"
[23:11:56] [req:232] cache-hit: "AV: 2"
[23:11:56] [req:233] in en->ru: "DV: 6"
[23:11:56] [req:233] cache-hit: "DV: 6"
[23:11:57] [req:234] in en->ru: "QN: 100"
[23:11:57] [req:234] cache-hit: "QN: 100"
[23:11:57] [req:235] in en->ru: "AV: 2"
[23:11:57] [req:235] cache-hit: "AV: 2"
[23:11:57] [req:236] in en->ru: "DV: 6"
[23:11:57] [req:236] cache-hit: "DV: 6"
[23:11:57] [req:237] in en->ru: "QN: 100"
[23:11:57] [req:237] cache-hit: "QN: 100"
[23:11:57] [req:238] in en->ru: "AV: 2"
[23:11:57] [req:238] cache-hit: "AV: 2"
[23:11:57] [req:239] in en->ru: "DV: 6"
[23:11:57] [req:239] cache-hit: "DV: 6"
[23:11:58] [req:240] in en->ru: "QN: 100"
[23:11:58] [req:240] cache-hit: "QN: 100"
[23:11:58] [req:241] in en->ru: "AV: 2"
[23:11:58] [req:241] cache-hit: "AV: 2"
[23:11:58] [req:242] in en->ru: "DV: 6"
[23:11:58] [req:242] cache-hit: "DV: 6"
[23:11:58] [req:243] in en->ru: "QN: 100"
[23:11:58] [req:243] cache-hit: "QN: 100"
[23:11:58] [req:244] in en->ru: "AV: 2"
[23:11:58] [req:244] cache-hit: "AV: 2"
[23:11:58] [req:245] in en->ru: "DV: 6"
[23:11:58] [req:245] cache-hit: "DV: 6"
[23:11:58] [req:246] in en->ru: "QN: 100"
[23:11:58] [req:246] cache-hit: "QN: 100"
[23:11:58] [req:247] in en->ru: "AV: 2"
[23:11:58] [req:247] cache-hit: "AV: 2"
[23:11:58] [req:248] in en->ru: "DV: 6"
[23:11:58] [req:248] cache-hit: "DV: 6"
[23:11:58] [req:249] in en->ru: "QN: 100"
[23:11:59] [req:249] cache-hit: "QN: 100"
[23:11:59] [req:250] in en->ru: "AV: 2"
[23:11:59] [req:250] cache-hit: "AV: 2"
[23:11:59] [req:251] in en->ru: "DV: 6"
[23:11:59] [req:251] cache-hit: "DV: 6"
[23:11:59] [req:252] in en->ru: "QN: 100"
[23:11:59] [req:252] cache-hit: "QN: 100"
[23:11:59] [req:253] in en->ru: "AV: 2"
[23:11:59] [req:253] cache-hit: "AV: 2"
[23:11:59] [req:254] in en->ru: "DV: 6"
[23:11:59] [req:254] cache-hit: "DV: 6"
[23:11:59] [req:255] in en->ru: "QN: 100"
[23:11:59] [req:255] cache-hit: "QN: 100"
[23:11:59] [req:256] in en->ru: "AV: 2"
[23:11:59] [req:256] cache-hit: "AV: 2"
[23:11:59] [req:257] in en->ru: "DV: 6"
[23:11:59] [req:257] cache-hit: "DV: 6"
[23:12:00] [req:258] in en->ru: "QN: 100"
[23:12:00] [req:258] cache-hit: "QN: 100"
[23:12:00] [req:259] in en->ru: "AV: 2"
[23:12:00] [req:259] cache-hit: "AV: 2"
[23:12:00] [req:260] in en->ru: "DV: 6"
[23:12:00] [req:260] cache-hit: "DV: 6"
[23:12:00] [req:261] in en->ru: "QN: 100"
[23:12:00] [req:261] cache-hit: "QN: 100"
[23:12:00] [req:262] in en->ru: "AV: 2"
[23:12:00] [req:262] cache-hit: "AV: 2"
[23:12:00] [req:263] in en->ru: "DV: 6"
[23:12:00] [req:263] cache-hit: "DV: 6"
[23:12:00] [req:264] in en->ru: "QN: 100"
[23:12:00] [req:264] cache-hit: "QN: 100"
[23:12:00] [req:265] in en->ru: "AV: 2"
[23:12:00] [req:265] cache-hit: "AV: 2"
[23:12:00] [req:266] in en->ru: "DV: 6"
[23:12:00] [req:266] cache-hit: "DV: 6"
[23:12:00] [req:267] in en->ru: "QN: 100"
[23:12:00] [req:267] cache-hit: "QN: 100"
[23:12:00] [req:268] in en->ru: "AV: 2"
[23:12:00] [req:268] cache-hit: "AV: 2"
[23:12:00] [req:269] in en->ru: "DV: 6"
[23:12:00] [req:269] cache-hit: "DV: 6"
[23:12:01] [req:270] in en->ru: "QN: 100"
[23:12:01] [req:270] cache-hit: "QN: 100"
[23:12:01] [req:271] in en->ru: "AV: 2"
[23:12:01] [req:271] cache-hit: "AV: 2"
[23:12:01] [req:272] in en->ru: "DV: 6"
[23:12:01] [req:272] cache-hit: "DV: 6"
[23:12:01] [req:273] in en->ru: "QN: 100"
[23:12:01] [req:273] cache-hit: "QN: 100"
[23:12:01] [req:274] in en->ru: "AV: 2"
[23:12:01] [req:274] cache-hit: "AV: 2"
[23:12:01] [req:275] in en->ru: "DV: 6"
[23:12:01] [req:275] cache-hit: "DV: 6"
[23:12:01] [req:276] in en->ru: "QN: 100"
[23:12:01] [req:276] cache-hit: "QN: 100"
[23:12:01] [req:277] in en->ru: "AV: 2"
[23:12:01] [req:277] cache-hit: "AV: 2"
[23:12:01] [req:278] in en->ru: "DV: 6"
[23:12:01] [req:278] cache-hit: "DV: 6"
[23:12:01] [req:279] in en->ru: "QN: 100"
[23:12:01] [req:279] cache-hit: "QN: 100"
[23:12:01] [req:280] in en->ru: "AV: 2"
[23:12:01] [req:280] cache-hit: "AV: 2"
[23:12:01] [req:281] in en->ru: "DV: 6"
[23:12:01] [req:281] cache-hit: "DV: 6"
[23:12:01] [req:282] in en->ru: "QN: 100"
[23:12:01] [req:282] cache-hit: "QN: 100"
[23:12:01] [req:283] in en->ru: "AV: 2"
[23:12:01] [req:283] cache-hit: "AV: 2"
[23:12:01] [req:284] in en->ru: "DV: 6"
[23:12:01] [req:284] cache-hit: "DV: 6"
[23:12:02] [req:285] in en->ru: "QN: 100"
[23:12:02] [req:285] cache-hit: "QN: 100"
[23:12:02] [req:286] in en->ru: "AV: 2"
[23:12:02] [req:286] cache-hit: "AV: 2"
[23:12:02] [req:287] in en->ru: "DV: 6"
[23:12:02] [req:287] cache-hit: "DV: 6"
[23:12:02] [req:288] in en->ru: "QN: 100"
[23:12:02] [req:288] cache-hit: "QN: 100"
[23:12:02] [req:289] in en->ru: "AV: 2"
[23:12:02] [req:289] cache-hit: "AV: 2"
[23:12:02] [req:290] in en->ru: "DV: 6"
[23:12:02] [req:290] cache-hit: "DV: 6"
[23:12:02] [req:291] in en->ru: "QN: 100"
[23:12:02] [req:291] cache-hit: "QN: 100"
[23:12:02] [req:292] in en->ru: "AV: 2"
[23:12:02] [req:292] cache-hit: "AV: 2"
[23:12:02] [req:293] in en->ru: "DV: 6"
[23:12:02] [req:293] cache-hit: "DV: 6"
[23:12:02] [req:294] in en->ru: "QN: 100"
[23:12:02] [req:294] cache-hit: "QN: 100"
[23:12:02] [req:295] in en->ru: "AV: 2"
[23:12:02] [req:295] cache-hit: "AV: 2"
[23:12:02] [req:296] in en->ru: "DV: 6"
[23:12:02] [req:296] cache-hit: "DV: 6"
[23:12:03] [req:297] in en->ru: "QN: 100"
[23:12:03] [req:297] cache-hit: "QN: 100"
[23:12:03] [req:298] in en->ru: "AV: 2"
[23:12:03] [req:298] cache-hit: "AV: 2"
[23:12:03] [req:299] in en->ru: "DV: 6"
[23:12:03] [req:299] cache-hit: "DV: 6"
[23:12:04] [req:300] in en->ru: "You pass by a floor cushion."
[23:12:04] [req:300] out: "Вы проходите мимо подушки пола."
[23:12:04] [req:301] in en->ru: "QN: 100"
[23:12:04] [req:301] cache-hit: "QN: 100"
[23:12:04] [req:302] in en->ru: "AV: 2"
[23:12:04] [req:303] in en->ru: "Tam stands up."
[23:12:04] [req:302] cache-hit: "AV: 2"
[23:12:04] [req:304] in en->ru: "DV: 6"
[23:12:04] [req:304] cache-hit: "DV: 6"
[23:12:04] [req:303] out: "Тэм встает."
[23:12:04] [req:305] in en->ru: "QN: 100"
[23:12:04] [req:305] cache-hit: "QN: 100"
[23:12:04] [req:306] in en->ru: "AV: 2"
[23:12:04] [req:306] cache-hit: "AV: 2"
[23:12:04] [req:307] in en->ru: "DV: 6"
[23:12:04] [req:307] cache-hit: "DV: 6"
[23:12:07] [req:308] in en->ru: "QN: 100"
[23:12:07] [req:308] cache-hit: "QN: 100"
[23:12:07] [req:309] in en->ru: "AV: 2"
[23:12:07] [req:309] cache-hit: "AV: 2"
[23:12:07] [req:310] in en->ru: "DV: 6"
[23:12:07] [req:310] cache-hit: "DV: 6"
[23:12:07] [req:311] in en->ru: "QN: 100"
[23:12:07] [req:311] cache-hit: "QN: 100"
[23:12:07] [req:312] in en->ru: "AV: 2"
[23:12:07] [req:312] cache-hit: "AV: 2"
[23:12:07] [req:313] in en->ru: "DV: 6"
[23:12:07] [req:313] cache-hit: "DV: 6"
[23:12:08] [req:314] in en->ru: "You pass by a sign."
[23:12:08] [req:314] out: "Вы проходите мимо знака."
[23:12:08] [req:315] in en->ru: "QN: 100"
[23:12:08] [req:315] cache-hit: "QN: 100"
[23:12:08] [req:316] in en->ru: "AV: 2"
[23:12:08] [req:316] cache-hit: "AV: 2"
[23:12:08] [req:317] in en->ru: "DV: 6"
[23:12:08] [req:317] cache-hit: "DV: 6"
[23:12:09] [req:318] in en->ru: "QN: 100"
[23:12:09] [req:318] cache-hit: "QN: 100"
[23:12:09] [req:319] in en->ru: "AV: 2"
[23:12:09] [req:319] cache-hit: "AV: 2"
[23:12:09] [req:320] in en->ru: "DV: 6"
[23:12:09] [req:320] cache-hit: "DV: 6"
[23:12:09] [req:321] in en->ru: "QN: 100"
[23:12:09] [req:321] cache-hit: "QN: 100"
[23:12:09] [req:322] in en->ru: "AV: 2"
[23:12:09] [req:322] cache-hit: "AV: 2"
[23:12:09] [req:323] in en->ru: "DV: 6"
[23:12:09] [req:323] cache-hit: "DV: 6"
[23:15:19] [req:324] in en->ru: "PgUp"
[23:15:19] [req:324] cache-hit: "PgUp"
[23:15:19] [req:325] in en->ru: "PgDown"
[23:15:19] [req:325] cache-hit: "PgDown"
[23:15:19] [req:326] in en->ru: "AV: 99"
[23:15:19] [req:326] cache-hit: "AV: 99"
[23:15:19] [req:327] in en->ru: "DV: 99"
[23:15:19] [req:327] cache-hit: "DV: 99"
[23:15:23] [req:328] in en->ru: "Издание Dromad"
[23:15:23] [req:328] out: "Дромад"
[23:15:23] [req:329] in en->ru: "2.0.210.24"
[23:15:23] [req:329] cache-hit: "2.0.210.24"
[23:15:23] [req:330] in en->ru: "Copyright (c) Freehold Games(tm)"
[23:15:23] [req:330] out: "Авторское право (c) Freehold Games (tm)"
[23:15:25] [req:331] in en->ru: "[К]"
[23:15:25] [req:331] bypass: "[К]"
[23:15:29] [req:338] in en->ru: "[ ][1]"
[23:15:29] [req:338] bypass: "[ ][1]"
[23:15:29] [req:339] in en->ru: "[ ][3]"
[23:15:29] [req:339] bypass: "[ ][3]"
[23:15:29] [req:340] in en->ru: "[ ][4]"
[23:15:29] [req:340] bypass: "[ ][4]"
[23:15:30] [req:341] in en->ru: "[ ][2]"
[23:15:30] [req:341] bypass: "[ ][2]"
[23:15:30] [req:343] in en->ru: "[ ][-2]"
[23:15:30] [req:343] bypass: "[ ][-2]"
[23:15:30] [req:345] in en->ru: "[ ][-4]"
[23:15:30] [req:345] bypass: "[ ][-4]"
[23:15:30] [req:346] in en->ru: "[ ][-3]"
[23:15:30] [req:346] bypass: "[ ][-3]"
[23:15:30] [req:347] in en->ru: "[ ][5]"
[23:15:30] [req:347] bypass: "[ ][5]"
[23:15:31] [req:352] in en->ru: "ù Случайная деревня в солёных болотах.\nù Деревня обучает Сбору урожая.\nù +50 репутации с насекомыми и рыбами.\nù Начинаете с парой кроккасин."
[23:15:32] [req:352] out: "ù Случайная деревенская деревенщина.\nù Дер дзю дю дю дю Сборю.\nù +50 см. , , , , , .\nЯ начинаю покорять тебя."
[23:15:32] [req:353] in en->ru: "ù Случайная деревня в солёных дюнах.\nù Деревня обучает Пути поста.\nù +100 репутации с рептилиями.\nù Начинаете с Иссачари знаменем."
[23:15:33] [req:353] out: "ù Случайная Суть Десны.\n? ? ? ? ? ? ? ? ?\nù +100 см. Ред.\nù Начинать послушание, и sésaчарьи вьетнамцы."
[23:15:33] [req:357] in en->ru: ""Кто обитает в огромной пустыне, свободной от Нанру?"
[23:15:33] [req:357] out: ""Кто-кротильщики, Золотые Пустыни, Свободные Нанру?""
[23:15:33] [req:358] in en->ru: ""Одрум"? "Мужчины коленей"."
[23:15:33] [req:358] out: ""Опром"? "Моя любимая девушка"."
[23:15:33] [req:359] in en->ru: "В джунглях Йипа?"
[23:15:33] [req:359] out: "В джунглях?"
[23:15:33] [req:360] in en->ru: "А ржавые пещеры квада - кричащие люди"."
[23:15:34] [req:360] out: "А ржавые пассивы к фуда - лицевые данные"."
[23:15:34] [req:361] in en->ru: "- Дромадный путешественник"
[23:15:34] [req:361] out: "- Дромад безвозвратно"
[23:15:36] [req:373] in en->ru: "apothecary"
[23:15:37] [req:373] out: "аптекарь"
[23:15:37] [req:374] in en->ru: "slynth"
[23:15:37] [req:374] out: "слизняк"
[23:15:37] [req:375] in en->ru: "gyre wight of Qon"
[23:15:37] [req:375] out: "Гир Уайт из Кона"
[23:15:37] [req:376] in en->ru: "warden of the Sanctum"
[23:15:37] [req:376] out: "Начальник святилища"
[23:15:37] [req:377] in en->ru: "dawning ape"
[23:15:37] [req:377] out: "рассветная обезьяна"
[23:15:37] [req:378] in en->ru: "novice of the Sightless Way"
[23:15:37] [req:378] out: "Новичок Невидимого Пути"
[23:15:37] [req:379] in en->ru: "apple farmer"
[23:15:37] [req:379] out: "яблочный фермер"
[23:15:37] [req:380] in en->ru: "ghost perch"
[23:15:37] [req:380] out: "окунь-призрак"
[23:15:37] [req:381] in en->ru: "troll foal"
[23:15:37] [req:381] out: "жеребенок тролля"
[23:15:37] [req:382] in en->ru: "caravan guard"
[23:15:37] [req:382] out: "караванный охранник"
[23:15:37] [req:383] in en->ru: "glittermensch brainer"
[23:15:37] [req:383] out: "мозгоправ глиттерменша"
[23:15:37] [req:384] in en->ru: "Naphtaali forager"
[23:15:38] [req:384] out: "Нафтаали-мученик"
[23:15:38] [req:385] in en->ru: "gelatinous prism"
[23:15:38] [req:385] out: "желатиновая призма"
[23:15:38] [req:386] in en->ru: "snapjaw shotgunner"
[23:15:38] [req:386] out: "снайпер"
[23:15:38] [req:387] in en->ru: "gyre wight of Shug'ruith"
[23:15:38] [req:387] out: "Гир Уайт из Шугрута"
[23:15:38] [req:388] in en->ru: "leech"
[23:15:38] [req:388] out: "пиявка"
[23:15:38] [req:389] in en->ru: "lagroot"
[23:15:39] [req:389] out: "отставание"
[23:15:39] [req:390] in en->ru: "microturret"
[23:15:39] [req:390] out: "микробашня"
[23:15:39] [req:391] in en->ru: "sultan croc"
[23:15:39] [req:391] out: "султан крокодил"
[23:15:39] [req:392] in en->ru: "anomaly extinguisher"
[23:15:39] [req:392] out: "аномалия огнетушителя"
[23:15:39] [req:393] in en->ru: "scorpiock"
[23:15:39] [req:393] out: "скорпион"
[23:15:39] [req:394] in en->ru: "fork-horned gnu"
[23:15:39] [req:394] out: "вилчатый гну"
[23:15:39] [req:395] in en->ru: "svardym scrounge"
[23:15:39] [req:395] out: "Свардим Скрунг"
[23:15:39] [req:396] in en->ru: "snailmother"
[23:15:39] [req:396] out: "улитка"
[23:15:39] [req:397] in en->ru: "giant centipede"
[23:15:39] [req:397] out: "гигантский многоножка"
[23:15:39] [req:398] in en->ru: "psyberneticist"
[23:15:39] [req:398] out: "псибернетик"
[23:15:39] [req:399] in en->ru: "folded carbide arrow"
[23:15:40] [req:399] out: "сложенная карбидная стрела"
[23:15:40] [req:400] in en->ru: "partial monomatter assembly"
[23:15:40] [req:400] out: "частичная сборка моновещества"
[23:15:40] [req:401] in en->ru: "smooth sapphire gemstone"
[23:15:40] [req:401] out: "гладкий сапфировый драгоценный камень"
[23:15:40] [req:402] in en->ru: "In Maqqom Yd"
[23:15:40] [req:402] out: "В Maqqom Yd"
[23:15:40] [req:403] in en->ru: "scaled cloth robe"
[23:15:40] [req:403] out: "чешуйчатый халат"
[23:15:40] [req:404] in en->ru: "sturdy pocketed vest"
[23:15:40] [req:404] out: "крепкий карманный жилет"
[23:15:40] [req:406] in en->ru: "[space] Continue"
[23:15:40] [req:406] out: "[Пространство] Продолжение"
[23:15:41] [req:407] in en->ru: "On the 5th of Iyur Ut, you arrive at the oasis-hamlet of Joppa, along the far rim of Moghra'yi, the Great Salt Desert.\n\nAll aраунд you, moisture farmers tend to groves of viridian watervine. There are huts wrought from rock salt and brine...(truncated)"
[23:15:42] [req:408] in en->ru: "QN: 100"
[23:15:42] [req:408] cache-hit: "QN: 100"
[23:15:42] [req:409] in en->ru: "AV: 2"
[23:15:42] [req:409] cache-hit: "AV: 2"
[23:15:42] [req:410] in en->ru: "DV: 6"
[23:15:42] [req:410] cache-hit: "DV: 6"
[23:15:42] [req:411] in en->ru: "Harvest Dawn 5th of Iyur Ut"
[23:15:42] [req:411] out: "Рассвет урожая 5-й Июр Ут"
[23:15:42] [req:412] in en->ru: "43/349# 32$"
[23:15:43] [req:412] out: "43/349# 32$"
[23:15:43] [req:413] in en->ru: "HP: 18 / 18"
[23:15:43] [req:407] out: "5-го Июр-Ута вы прибываете в оазис-деревню Йоппа, вдоль дальнего края Мограи, Великой соленой пустыни.\n\nВсе это время вас окружало, фермеры, выращивающие влагу, как правило, рощи виридиана. Есть хижины, кованые из каменной соли и рассола....(truncated)"
[23:15:43] [req:413] out: "HP: 18/18"
[23:15:43] [req:414] in en->ru: "Umuumuqat"
[23:15:43] [req:414] out: "Умумукукат"
[23:15:43] [req:416] in en->ru: "Sprint [off] <1>"
[23:15:43] [req:416] out: "Sprint [off] <1>"
[23:15:43] [req:417] in en->ru: "Freezing Ray <2>"
[23:15:44] [req:417] out: "Замораживающий луч <2>"
[23:15:44] [req:418] in en->ru: "Make Camp <3>"
[23:15:44] [req:418] out: "Создайте лагерь <3"
[23:15:44] [req:419] in en->ru: "Dismember <4>"
[23:15:44] [req:419] out: "Расчленение <4>"
[23:15:44] [req:420] in en->ru: "Charge <5>"
[23:15:44] [req:420] out: "Заряд <5>"
[23:15:44] [req:421] in en->ru: "Butcher Corpses [on] <6>"
[23:15:44] [req:421] out: "Мясниковые трупы [6]"
[23:15:44] [req:422] in en->ru: "Teleport <7>"
[23:15:44] [req:422] out: "Телепорт <7>"
[23:15:45] [req:423] in en->ru: "QN: 100"
[23:15:45] [req:423] cache-hit: "QN: 100"
[23:15:45] [req:424] in en->ru: "AV: 2"
[23:15:45] [req:424] cache-hit: "AV: 2"
[23:15:45] [req:425] in en->ru: "DV: 6"
[23:15:45] [req:425] cache-hit: "DV: 6"
[23:15:45] [req:426] in en->ru: "Красота, мой желудок в смятении."
[23:15:45] [req:426] out: "Красная красавица, полосатая полоса."
[23:15:47] [req:427] in en->ru: "QN: 100"
[23:15:47] [req:427] cache-hit: "QN: 100"
[23:15:47] [req:428] in en->ru: "AV: 2"
[23:15:47] [req:428] cache-hit: "AV: 2"
[23:15:47] [req:429] in en->ru: "DV: 6"
[23:15:47] [req:429] cache-hit: "DV: 6"
[23:15:48] [req:430] in en->ru: "QN: 100"
[23:15:48] [req:430] cache-hit: "QN: 100"
[23:15:48] [req:431] in en->ru: "AV: 2"
[23:15:48] [req:431] cache-hit: "AV: 2"
[23:15:48] [req:432] in en->ru: "DV: 6"
[23:15:48] [req:432] cache-hit: "DV: 6"
[23:15:48] [req:433] in en->ru: "QN: 100"
[23:15:48] [req:433] cache-hit: "QN: 100"
[23:15:48] [req:434] in en->ru: "AV: 2"
[23:15:48] [req:434] cache-hit: "AV: 2"
[23:15:48] [req:435] in en->ru: "DV: 6"
[23:15:48] [req:435] cache-hit: "DV: 6"
[23:15:48] [req:436] in en->ru: "QN: 100"
[23:15:48] [req:436] cache-hit: "QN: 100"
[23:15:48] [req:437] in en->ru: "AV: 2"
[23:15:48] [req:437] cache-hit: "AV: 2"
[23:15:48] [req:438] in en->ru: "DV: 6"
[23:15:48] [req:438] cache-hit: "DV: 6"
[23:15:48] [req:439] in en->ru: "QN: 100"
[23:15:48] [req:439] cache-hit: "QN: 100"
[23:15:48] [req:440] in en->ru: "AV: 2"
[23:15:48] [req:440] cache-hit: "AV: 2"
[23:15:48] [req:441] in en->ru: "DV: 6"
[23:15:48] [req:441] cache-hit: "DV: 6"
[23:15:48] [req:442] in en->ru: "QN: 100"
[23:15:49] [req:442] cache-hit: "QN: 100"
[23:15:49] [req:443] in en->ru: "AV: 2"
[23:15:49] [req:443] cache-hit: "AV: 2"
[23:15:49] [req:444] in en->ru: "DV: 6"
[23:15:49] [req:444] cache-hit: "DV: 6"
[23:15:49] [req:445] in en->ru: "QN: 100"
[23:15:49] [req:445] cache-hit: "QN: 100"
[23:15:49] [req:446] in en->ru: "AV: 2"
[23:15:49] [req:446] cache-hit: "AV: 2"
[23:15:49] [req:447] in en->ru: "DV: 6"
[23:15:49] [req:447] cache-hit: "DV: 6"
[23:15:49] [req:448] in en->ru: "QN: 100"
[23:15:49] [req:448] cache-hit: "QN: 100"
[23:15:49] [req:449] in en->ru: "AV: 2"
[23:15:49] [req:449] cache-hit: "AV: 2"
[23:15:49] [req:450] in en->ru: "DV: 6"
[23:15:49] [req:450] cache-hit: "DV: 6"
[23:15:49] [req:451] in en->ru: "QN: 100"
[23:15:49] [req:451] cache-hit: "QN: 100"
[23:15:49] [req:452] in en->ru: "AV: 2"
[23:15:49] [req:452] cache-hit: "AV: 2"
[23:15:49] [req:453] in en->ru: "DV: 6"
[23:15:49] [req:453] cache-hit: "DV: 6"
[23:15:49] [req:454] in en->ru: "QN: 100"
[23:15:49] [req:454] cache-hit: "QN: 100"
[23:15:49] [req:455] in en->ru: "AV: 2"
[23:15:49] [req:455] cache-hit: "AV: 2"
[23:15:49] [req:456] in en->ru: "DV: 6"
[23:15:49] [req:456] cache-hit: "DV: 6"
[23:15:53] [req:457] in en->ru: "A waterhand? Aye. Live and drink, traveller."
[23:15:53] [req:457] out: "Водопровод? Да. Живи и пей, путешественник."
[23:15:53] [req:458] in en->ru: "Mehmet"
[23:15:53] [req:458] out: "Мехмет"
[23:15:53] [req:459] in en->ru: "[1] I am called Umuumuqat."
[23:15:53] [req:459] out: "[1] Меня зовут Умумукат."
[23:15:53] [req:460] in en->ru: "[2] Can you tell me about your village, Joppa?"
[23:15:54] [req:460] out: "[2] Не могли бы вы рассказать мне о своей деревне, Джоппа?"
[23:15:54] [req:461] in en->ru: "[3] I am in search of work."
[23:15:54] [req:461] out: "[3] В поисках работы."
[23:15:54] [req:462] in en->ru: "[4] Your thirst is mine, my water is yours. [begin water ritual; 1 dram of water]"
[23:15:54] [req:462] out: "[4] Твоя жажда моя, моя вода твоя. [Начало водного ритуала; 1 драм воды]"
[23:15:54] [req:463] in en->ru: "[5] Let's trade. [begin trade]"
[23:15:54] [req:463] out: "[5] Торговля. [Начать торговлю]"
[23:15:54] [req:464] in en->ru: "[6] Live and drink. [End]"
[23:15:54] [req:464] out: "[6] Живи и пей. [Конец]"
[23:15:54] [req:465] in en->ru: "[L] Look"
[23:15:54] [req:465] out: "Смотри."
[23:15:54] [req:466] in en->ru: "[Tab] Trade"
[23:15:54] [req:466] out: "[Таб] Торговля"
[23:15:55] [req:467] in en->ru: "[Esc] Cancel"
[23:15:55] [req:467] out: "[Esc] Отменить"
[23:16:08] [req:468] in en->ru: "Mehmet, the tongue says. Live and drink, Umuumuqat."
[23:16:08] [req:468] out: "Мехмет, говорит язык. Живи и пей, Умумукат."
[23:16:08] [req:469] in en->ru: "Мехмет"
[23:16:08] [req:469] out: "мешок"
[23:16:08] [req:470] in en->ru: "[1] Can you tell me about your village, Joppa?"
[23:16:08] [req:470] out: "1 Можете ли вы рассказать мне о своей деревне, Джоппа?"
[23:16:08] [req:471] in en->ru: "[2] I am in search of work."
[23:16:08] [req:471] out: "[2] В поисках работы."
[23:16:08] [req:472] in en->ru: "[3] Live and drink. [End]"
[23:16:09] [req:472] out: "[3] Живи и пей. [Конец]"
[23:16:22] [req:473] in en->ru: "Watervine farm in the lap of the marsh. You've sucked the moisture out a vinewafer, yea? We tend the plant here."
[23:16:22] [req:473] out: "Уотервиновая ферма на коленях болота. Ты высосал влагу из виньяфера, да? Мы ухаживаем за растением здесь."
[23:16:22] [req:474] in en->ru: "[1] ..."
[23:16:22] [req:474] out: "[1] ..."
[23:16:28] [req:475] in en->ru: "[1] ..."
[23:16:28] [req:475] cache-hit: "[1] ..."
[23:16:28] [req:476] in en->ru: "Mehmet\nNeutral, Impossible"
[23:16:28] [req:476] out: "Мехмет\nНейтральный, невозможный"
[23:16:32] [req:477] in en->ru: "[1] ..."
[23:16:32] [req:477] cache-hit: "[1] ..."
[23:16:34] [req:478] in en->ru: "[1] ..."
[23:16:34] [req:478] cache-hit: "[1] ..."
[23:16:37] [req:479] in en->ru: "[1] ..."
[23:16:37] [req:479] cache-hit: "[1] ..."
[23:16:39] [req:480] in en->ru: "[1] ..."
[23:16:39] [req:480] cache-hit: "[1] ..."
[23:16:45] [req:481] in en->ru: "[1] ..."
[23:16:45] [req:481] cache-hit: "[1] ..."
[23:16:46] [req:482] in en->ru: "QN: 100"
[23:16:46] [req:482] cache-hit: "QN: 100"
[23:16:46] [req:483] in en->ru: "AV: 2"
[23:16:46] [req:483] cache-hit: "AV: 2"
[23:16:46] [req:484] in en->ru: "DV: 6"
[23:16:46] [req:484] cache-hit: "DV: 6"
[23:16:46] [req:485] in en->ru: "QN: 100"
[23:16:46] [req:485] cache-hit: "QN: 100"
[23:16:46] [req:486] in en->ru: "AV: 2"
[23:16:46] [req:486] cache-hit: "AV: 2"
[23:16:46] [req:487] in en->ru: "DV: 6"
[23:16:46] [req:487] cache-hit: "DV: 6"
[23:16:47] [req:488] in en->ru: "QN: 100"
[23:16:47] [req:488] cache-hit: "QN: 100"
[23:16:47] [req:489] in en->ru: "AV: 2"
[23:16:47] [req:489] cache-hit: "AV: 2"
[23:16:47] [req:490] in en->ru: "DV: 6"
[23:16:47] [req:490] cache-hit: "DV: 6"
[23:16:48] [req:491] in en->ru: "QN: 100"
[23:16:48] [req:491] cache-hit: "QN: 100"
[23:16:48] [req:492] in en->ru: "AV: 2"
[23:16:48] [req:492] cache-hit: "AV: 2"
[23:16:48] [req:493] in en->ru: "DV: 6"
[23:16:48] [req:493] cache-hit: "DV: 6"
[23:16:48] [req:494] in en->ru: "QN: 100"
[23:16:48] [req:494] cache-hit: "QN: 100"
[23:16:48] [req:495] in en->ru: "AV: 2"
[23:16:48] [req:495] cache-hit: "AV: 2"
[23:16:48] [req:496] in en->ru: "DV: 6"
[23:16:48] [req:496] cache-hit: "DV: 6"
[23:16:48] [req:497] in en->ru: "QN: 100"
[23:16:48] [req:497] cache-hit: "QN: 100"
[23:16:48] [req:498] in en->ru: "AV: 2"
[23:16:48] [req:498] cache-hit: "AV: 2"
[23:16:48] [req:499] in en->ru: "DV: 6"
[23:16:48] [req:499] cache-hit: "DV: 6"
[23:16:49] [req:500] in en->ru: "You pass by a door."
[23:16:49] [req:500] out: "Ты проходишь мимо двери."
[23:16:49] [req:501] in en->ru: "QN: 100"
[23:16:49] [req:501] cache-hit: "QN: 100"
[23:16:49] [req:502] in en->ru: "AV: 2"
[23:16:49] [req:502] cache-hit: "AV: 2"
[23:16:49] [req:503] in en->ru: "DV: 6"
[23:16:49] [req:503] cache-hit: "DV: 6"
[23:16:50] [req:504] in en->ru: "You pass by a chair."
[23:16:50] [req:504] out: "Вы проходите мимо стула."
[23:16:50] [req:505] in en->ru: "QN: 100"
[23:16:50] [req:505] cache-hit: "QN: 100"
[23:16:50] [req:506] in en->ru: "AV: 2"
[23:16:50] [req:506] cache-hit: "AV: 2"
[23:16:50] [req:507] in en->ru: "DV: 6"
[23:16:50] [req:507] cache-hit: "DV: 6"
[23:16:51] [req:508] in en->ru: "QN: 100"
[23:16:51] [req:508] cache-hit: "QN: 100"
[23:16:51] [req:509] in en->ru: "AV: 2"
[23:16:51] [req:509] cache-hit: "AV: 2"
[23:16:51] [req:510] in en->ru: "DV: 6"
[23:16:51] [req:510] cache-hit: "DV: 6"
[23:16:52] [req:511] in en->ru: "You sit down on the floor cushion."
[23:16:52] [req:511] out: "Вы садитесь на подушку пола."
[23:16:52] [req:512] in en->ru: "QN: 100"
[23:16:52] [req:512] cache-hit: "QN: 100"
[23:16:52] [req:513] in en->ru: "AV: 2"
[23:16:52] [req:513] cache-hit: "AV: 2"
[23:16:52] [req:514] in en->ru: "DV: 0"
[23:16:52] [req:514] out: "DV: 0"
[23:16:52] [req:515] in en->ru: "You stand up."
[23:16:52] [req:515] out: "Ты встаешь."
[23:16:53] [req:516] in en->ru: "QN: 100"
[23:16:53] [req:516] cache-hit: "QN: 100"
[23:16:53] [req:517] in en->ru: "AV: 2"
[23:16:53] [req:517] cache-hit: "AV: 2"
[23:16:53] [req:518] in en->ru: "DV: 6"
[23:16:53] [req:518] cache-hit: "DV: 6"
[23:16:54] [req:519] in en->ru: "Game Info"
[23:16:54] [req:519] out: "Игровая информация"
[23:16:54] [req:520] in en->ru: "Abandon Character"
[23:16:54] [req:520] out: "Заброшенный персонаж"
[23:16:54] [req:521] in en->ru: "[k] Control Mapping"
[23:16:54] [req:521] out: "[k] Контрольная карта"
[23:16:54] [req:522] in en->ru: "[o] Options"
[23:16:54] [req:522] out: "[o] Варианты"
[23:16:54] [req:523] in en->ru: "[g] Game Info"
[23:16:54] [req:523] out: "[g] Информация об игре"
[23:16:54] [req:524] in en->ru: "[s] Save and Quit"
[23:16:55] [req:524] out: "Спасать и уходить"
[23:16:55] [req:525] in en->ru: "[a] Abandon Character"
[23:16:55] [req:525] out: "Заброшенный персонаж"
[23:16:57] [req:526] in en->ru: "-mm. Mmm? Friend? \n\n*Elder Irudad smiles.* \n\nLive and drink. Come in- come sit 'neath the cool shade, 'cross a pillow there. And welcome to Joppa. \n\nYou may drink of our freshwater, too, and quench your thirst."
[23:16:58] [req:526] out: "- Ммм? Друг?\n\nСтарейшина Ирудад улыбается.\n\nЖиви и пей. Приходите, присаживайтесь под прохладным оттенком, перекройте подушку. И добро пожаловать в Джоппу.\n\nВы также можете пить нашу пресную воду и утолить жажду."
[23:16:58] [req:527] in en->ru: "Elder Irudad"
[23:16:58] [req:527] out: "Старейшина Ирудад"
[23:16:58] [req:528] in en->ru: "[1] What is this place, Joppa?"
[23:16:58] [req:528] out: "[1] Что это за место, Джоппа?"
[23:16:58] [req:529] in en->ru: "[2] Do you sell wares here?"
[23:16:58] [req:529] out: "[2] Вы продаете товары здесь?"
[23:16:58] [req:530] in en->ru: "[3] I'm looking for work."
[23:16:58] [req:530] out: "[3] Ищу работу."
[23:16:59] [req:531] in en->ru: "[3] I'm looking на work."
[23:16:59] [req:531] out: "[3] Я ищу работу."
[23:17:01] [req:532] in en->ru: "Старейшина Ирудад"
[23:17:01] [req:532] out: "Старшина Ируда"
[23:17:17] [req:533] in en->ru: "-this? The oasis-hamlet. 'Neath the shelf of the world. A million breaths of salt the wind heaves over the Great Salt Desert Moghra'yi. And to the east, the rotting jungles of Qud. \n\nHere in the crack between the two, watervine can grow, ...(truncated)"
[23:17:18] [req:533] out: "- Это? Оазис-Гамлет. Под полкой мира. Миллион соляных глотков ветра поднимается над Великой соленой пустыней Мограи. А на востоке - гниющие джунгли Куда.\n\nЗдесь, в трещине между ними, водоросль может расти, и мы ее выращиваем. Ммм, друг."
[23:17:18] [req:534] in en->ru: "[1] Can you tell me about Qud?"
[23:17:18] [req:534] out: "[1] Можете ли вы рассказать мне о Куде?"
[23:17:18] [req:535] in en->ru: "[4] Live and drink. [End]"
[23:17:18] [req:535] out: "[4] Живи и пей. [Конец]"
[23:17:19] [req:536] in en->ru: "walking stick"
[23:17:20] [req:536] out: "ходячая палка"
[23:17:20] [req:537] in en->ru: "stinger"
[23:17:20] [req:537] out: "жало"
[23:17:20] [req:538] in en->ru: "Elder Irudad\nNeutral, Impossible"
[23:17:20] [req:538] out: "Старейшина Ирудад\nНейтральный, невозможный"
[23:17:59] [req:539] in en->ru: "-here? Speak to my daughter through the east door, for herbs. And sitting Tam in the southeast has all manner of trinket, against his chests o' drawers."
[23:17:59] [req:539] out: "-здесь? Поговори с моей дочерью через восточную дверь, за травами. И сидящий там на юго-востоке имеет все виды безделушек, на груди или в ящиках."
[23:17:59] [req:540] in en->ru: "[2] I'm looking for work."
[23:17:59] [req:540] out: "[2] Ищу работу."
[23:17:59] [req:541] in en->ru: "[2] I'm looking на work."
[23:17:59] [req:541] out: "[2] Я ищу работу."
[23:18:10] [req:542] in en->ru: "QN: 100"
[23:18:10] [req:542] cache-hit: "QN: 100"
[23:18:10] [req:543] in en->ru: "AV: 2"
[23:18:10] [req:543] cache-hit: "AV: 2"
[23:18:10] [req:544] in en->ru: "DV: 6"
[23:18:10] [req:544] cache-hit: "DV: 6"
[23:18:10] [req:545] in en->ru: "QN: 100"
[23:18:10] [req:545] cache-hit: "QN: 100"
[23:18:10] [req:546] in en->ru: "AV: 2"
[23:18:10] [req:546] cache-hit: "AV: 2"
[23:18:10] [req:547] in en->ru: "DV: 6"
[23:18:10] [req:547] cache-hit: "DV: 6"
[23:18:11] [req:548] in en->ru: "QN: 100"
[23:18:11] [req:548] cache-hit: "QN: 100"
[23:18:11] [req:549] in en->ru: "AV: 2"
[23:18:11] [req:549] cache-hit: "AV: 2"
[23:18:11] [req:550] in en->ru: "DV: 6"
[23:18:11] [req:550] cache-hit: "DV: 6"
[23:18:11] [req:551] in en->ru: "QN: 100"
[23:18:11] [req:551] cache-hit: "QN: 100"
[23:18:11] [req:552] in en->ru: "AV: 2"
[23:18:11] [req:552] cache-hit: "AV: 2"
[23:18:11] [req:553] in en->ru: "DV: 6"
[23:18:11] [req:553] cache-hit: "DV: 6"
[23:18:11] [req:554] in en->ru: "QN: 100"
[23:18:11] [req:554] cache-hit: "QN: 100"
[23:18:11] [req:555] in en->ru: "AV: 2"
[23:18:11] [req:555] cache-hit: "AV: 2"
[23:18:11] [req:556] in en->ru: "DV: 6"
[23:18:11] [req:556] cache-hit: "DV: 6"
[23:18:12] [req:557] in en->ru: "QN: 100"
[23:18:12] [req:557] cache-hit: "QN: 100"
[23:18:12] [req:558] in en->ru: "AV: 2"
[23:18:12] [req:558] cache-hit: "AV: 2"
[23:18:12] [req:559] in en->ru: "DV: 6"
[23:18:12] [req:559] cache-hit: "DV: 6"
[23:18:12] [req:560] in en->ru: "QN: 100"
[23:18:12] [req:560] cache-hit: "QN: 100"
[23:18:12] [req:561] in en->ru: "AV: 2"
[23:18:12] [req:561] cache-hit: "AV: 2"
[23:18:12] [req:562] in en->ru: "DV: 6"
[23:18:12] [req:562] cache-hit: "DV: 6"
[23:18:12] [req:563] in en->ru: "QN: 100"
[23:18:12] [req:563] cache-hit: "QN: 100"
[23:18:12] [req:564] in en->ru: "AV: 2"
[23:18:12] [req:564] cache-hit: "AV: 2"
[23:18:12] [req:565] in en->ru: "DV: 6"
[23:18:12] [req:565] cache-hit: "DV: 6"
[23:18:13] [req:566] in en->ru: "QN: 100"
[23:18:13] [req:566] cache-hit: "QN: 100"
[23:18:13] [req:567] in en->ru: "AV: 2"
[23:18:13] [req:567] cache-hit: "AV: 2"
[23:18:13] [req:568] in en->ru: "DV: 6"
[23:18:13] [req:568] cache-hit: "DV: 6"
[23:18:13] [req:569] in en->ru: "QN: 100"
[23:18:13] [req:569] cache-hit: "QN: 100"
[23:18:13] [req:570] in en->ru: "AV: 2"
[23:18:13] [req:570] cache-hit: "AV: 2"
[23:18:13] [req:571] in en->ru: "DV: 6"
[23:18:13] [req:571] cache-hit: "DV: 6"
[23:18:13] [req:572] in en->ru: "QN: 100"
[23:18:13] [req:572] cache-hit: "QN: 100"
[23:18:13] [req:573] in en->ru: "AV: 2"
[23:18:13] [req:573] cache-hit: "AV: 2"
[23:18:13] [req:574] in en->ru: "DV: 6"
[23:18:13] [req:574] cache-hit: "DV: 6"
[23:18:14] [req:575] in en->ru: "QN: 100"
[23:18:14] [req:575] cache-hit: "QN: 100"
[23:18:14] [req:576] in en->ru: "AV: 2"
[23:18:14] [req:576] cache-hit: "AV: 2"
[23:18:14] [req:577] in en->ru: "DV: 6"
[23:18:14] [req:577] cache-hit: "DV: 6"
[23:18:15] [req:578] in en->ru: "QN: 100"
[23:18:15] [req:578] cache-hit: "QN: 100"
[23:18:15] [req:579] in en->ru: "AV: 2"
[23:18:15] [req:579] cache-hit: "AV: 2"
[23:18:15] [req:580] in en->ru: "DV: 6"
[23:18:15] [req:580] cache-hit: "DV: 6"
[23:18:15] [req:581] in en->ru: "QN: 100"
[23:18:15] [req:581] cache-hit: "QN: 100"
[23:18:15] [req:582] in en->ru: "QN: 100"
[23:18:15] [req:582] cache-hit: "QN: 100"
[23:18:15] [req:583] in en->ru: "AV: 2"
[23:18:15] [req:583] cache-hit: "AV: 2"
[23:18:15] [req:584] in en->ru: "DV: 6"
[23:18:15] [req:584] cache-hit: "DV: 6"
[23:18:15] [req:585] in en->ru: "QN: 100"
[23:18:15] [req:585] cache-hit: "QN: 100"
[23:18:15] [req:586] in en->ru: "AV: 2"
[23:18:15] [req:586] cache-hit: "AV: 2"
[23:18:15] [req:587] in en->ru: "DV: 6"
[23:18:15] [req:587] cache-hit: "DV: 6"
[23:18:16] [req:588] in en->ru: "QN: 100"
[23:18:16] [req:588] cache-hit: "QN: 100"
[23:18:16] [req:589] in en->ru: "AV: 2"
[23:18:16] [req:589] cache-hit: "AV: 2"
[23:18:16] [req:590] in en->ru: "DV: 6"
[23:18:16] [req:590] cache-hit: "DV: 6"
[23:18:16] [req:591] in en->ru: "QN: 100"
[23:18:16] [req:591] cache-hit: "QN: 100"
[23:18:16] [req:592] in en->ru: "AV: 2"
[23:18:16] [req:592] cache-hit: "AV: 2"
[23:18:16] [req:593] in en->ru: "DV: 6"
[23:18:16] [req:593] cache-hit: "DV: 6"
[23:18:16] [req:594] in en->ru: "QN: 100"
[23:18:16] [req:594] cache-hit: "QN: 100"
[23:18:16] [req:595] in en->ru: "AV: 2"
[23:18:16] [req:595] cache-hit: "AV: 2"
[23:18:16] [req:596] in en->ru: "DV: 6"
[23:18:16] [req:596] cache-hit: "DV: 6"
[23:18:16] [req:597] in en->ru: "QN: 100"
[23:18:16] [req:597] cache-hit: "QN: 100"
[23:18:16] [req:598] in en->ru: "AV: 2"
[23:18:16] [req:598] cache-hit: "AV: 2"
[23:18:16] [req:599] in en->ru: "DV: 6"
[23:18:16] [req:599] cache-hit: "DV: 6"
[23:18:17] [req:600] in en->ru: "QN: 100"
[23:18:17] [req:600] cache-hit: "QN: 100"
[23:18:17] [req:601] in en->ru: "AV: 2"
[23:18:17] [req:601] cache-hit: "AV: 2"
[23:18:17] [req:602] in en->ru: "DV: 6"
[23:18:17] [req:602] cache-hit: "DV: 6"
[23:18:17] [req:603] in en->ru: "QN: 100"
[23:18:17] [req:603] cache-hit: "QN: 100"
[23:18:17] [req:604] in en->ru: "AV: 2"
[23:18:17] [req:604] cache-hit: "AV: 2"
[23:18:17] [req:605] in en->ru: "DV: 6"
[23:18:17] [req:605] cache-hit: "DV: 6"
[23:18:17] [req:606] in en->ru: "QN: 100"
[23:18:17] [req:606] cache-hit: "QN: 100"
[23:18:17] [req:607] in en->ru: "AV: 2"
[23:18:17] [req:607] cache-hit: "AV: 2"
[23:18:17] [req:608] in en->ru: "DV: 6"
[23:18:17] [req:608] cache-hit: "DV: 6"
[23:18:18] [req:609] in en->ru: "QN: 100"
[23:18:18] [req:609] cache-hit: "QN: 100"
[23:18:18] [req:610] in en->ru: "AV: 2"
[23:18:18] [req:610] cache-hit: "AV: 2"
[23:18:18] [req:611] in en->ru: "DV: 6"
[23:18:18] [req:611] cache-hit: "DV: 6"
[23:18:19] [req:612] in en->ru: "QN: 100"
[23:18:19] [req:612] cache-hit: "QN: 100"
[23:18:19] [req:613] in en->ru: "AV: 2"
[23:18:19] [req:613] cache-hit: "AV: 2"
[23:18:19] [req:614] in en->ru: "DV: 6"
[23:18:19] [req:614] cache-hit: "DV: 6"
[23:18:19] [req:615] in en->ru: "QN: 100"
[23:18:19] [req:615] cache-hit: "QN: 100"
[23:18:19] [req:616] in en->ru: "AV: 2"
[23:18:19] [req:616] cache-hit: "AV: 2"
[23:18:19] [req:617] in en->ru: "DV: 6"
[23:18:19] [req:617] cache-hit: "DV: 6"
[23:18:20] [req:618] in en->ru: "QN: 100"
[23:18:20] [req:618] cache-hit: "QN: 100"
[23:18:20] [req:619] in en->ru: "AV: 2"
[23:18:20] [req:619] cache-hit: "AV: 2"
[23:18:20] [req:620] in en->ru: "DV: 6"
[23:18:20] [req:620] cache-hit: "DV: 6"
[23:18:21] [req:621] in en->ru: "QN: 100"
[23:18:21] [req:621] cache-hit: "QN: 100"
[23:18:21] [req:622] in en->ru: "AV: 2"
[23:18:21] [req:622] cache-hit: "AV: 2"
[23:18:21] [req:623] in en->ru: "DV: 6"
[23:18:21] [req:623] cache-hit: "DV: 6"
[23:18:21] [req:624] in en->ru: "QN: 100"
[23:18:21] [req:624] cache-hit: "QN: 100"
[23:18:21] [req:625] in en->ru: "AV: 2"
[23:18:21] [req:625] cache-hit: "AV: 2"
[23:18:21] [req:626] in en->ru: "DV: 6"
[23:18:21] [req:626] cache-hit: "DV: 6"
[23:18:21] [req:627] in en->ru: "QN: 100"
[23:18:21] [req:627] cache-hit: "QN: 100"
[23:18:21] [req:628] in en->ru: "AV: 2"
[23:18:21] [req:628] cache-hit: "AV: 2"
[23:18:21] [req:629] in en->ru: "DV: 6"
[23:18:21] [req:629] cache-hit: "DV: 6"
[23:18:21] [req:630] in en->ru: "QN: 100"
[23:18:21] [req:630] cache-hit: "QN: 100"
[23:18:21] [req:631] in en->ru: "AV: 2"
[23:18:21] [req:631] cache-hit: "AV: 2"
[23:18:21] [req:632] in en->ru: "DV: 6"
[23:18:21] [req:632] cache-hit: "DV: 6"
[23:18:21] [req:633] in en->ru: "QN: 100"
[23:18:21] [req:633] cache-hit: "QN: 100"
[23:18:21] [req:634] in en->ru: "AV: 2"
[23:18:22] [req:634] cache-hit: "AV: 2"
[23:18:22] [req:635] in en->ru: "DV: 6"
[23:18:22] [req:635] cache-hit: "DV: 6"
[23:18:22] [req:636] in en->ru: "QN: 100"
[23:18:22] [req:636] cache-hit: "QN: 100"
[23:18:22] [req:637] in en->ru: "AV: 2"
[23:18:22] [req:637] cache-hit: "AV: 2"
[23:18:22] [req:638] in en->ru: "DV: 6"
[23:18:22] [req:638] cache-hit: "DV: 6"
[23:18:24] [req:639] in en->ru: "QN: 100"
[23:18:24] [req:639] cache-hit: "QN: 100"
[23:18:24] [req:640] in en->ru: "AV: 2"
[23:18:24] [req:640] cache-hit: "AV: 2"
[23:18:24] [req:641] in en->ru: "DV: 6"
[23:18:24] [req:641] cache-hit: "DV: 6"
[23:18:25] [req:642] in en->ru: "QN: 100"
[23:18:25] [req:642] cache-hit: "QN: 100"
[23:18:25] [req:643] in en->ru: "AV: 2"
[23:18:25] [req:643] cache-hit: "AV: 2"
[23:18:25] [req:644] in en->ru: "DV: 6"
[23:18:25] [req:644] cache-hit: "DV: 6"
[23:18:25] [req:645] in en->ru: "QN: 100"
[23:18:25] [req:645] cache-hit: "QN: 100"
[23:18:25] [req:646] in en->ru: "MS: 100"
[23:18:25] [req:646] out: "MS: 100"
[23:18:25] [req:647] in en->ru: "AV: 2"
[23:18:25] [req:647] cache-hit: "AV: 2"
[23:18:25] [req:648] in en->ru: "DV: 6"
[23:18:25] [req:648] cache-hit: "DV: 6"
[23:18:26] [req:649] in en->ru: "QN: 100"
[23:18:26] [req:649] cache-hit: "QN: 100"
[23:18:28] [req:650] in en->ru: "QN: 100"
[23:18:28] [req:650] cache-hit: "QN: 100"
[23:18:28] [req:651] in en->ru: "AV: 2"
[23:18:28] [req:651] cache-hit: "AV: 2"
[23:18:28] [req:652] in en->ru: "DV: 6"
[23:18:28] [req:652] cache-hit: "DV: 6"
[23:18:29] [req:653] in en->ru: "ú"
[23:18:29] [req:653] out: "у"
[23:18:29] [req:654] in en->ru: "QN: 100"
[23:18:29] [req:654] cache-hit: "QN: 100"
[23:18:29] [req:655] in en->ru: "MS: 100"
[23:18:29] [req:655] cache-hit: "MS: 100"
[23:18:29] [req:656] in en->ru: "AV: 2"
[23:18:29] [req:656] cache-hit: "AV: 2"
[23:18:29] [req:657] in en->ru: "DV: 6"
[23:18:29] [req:657] cache-hit: "DV: 6"
[23:18:30] [req:658] in en->ru: "*stares at you unblinking*"
[23:18:30] [req:658] out: "*смотрит на тебя не мигая*"
[23:18:30] [req:659] in en->ru: "wet glowfish [swimming]"
[23:18:30] [req:659] out: "мокрая светящаяся рыба (плавание)"
[23:18:30] [req:660] in en->ru: "[1] Let's trade. [begin trade]"
[23:18:30] [req:660] out: "[1] Давайте торговать. [Начать торговлю]"
[23:18:30] [req:661] in en->ru: "[2] Live and drink, aquafriend. [End]"
[23:18:30] [req:661] out: "[2] Живи и пей, дружище. [Конец]"
[23:18:34] [req:662] in en->ru: "bite"
[23:18:34] [req:662] out: "укусить"
[23:18:34] [req:663] in en->ru: "Luminescent flecks flit beneath the water's surface.\n\nBase demeanor: docile\n\nPhysical features: укусить\n\nPerfect"
[23:18:34] [req:663] out: "Светящиеся пятнышки летят под поверхностью воды.\n\nОригинальное название: Docile\n\nФизические особенности: кус\n\nИдеально"
[23:18:34] [req:664] in en->ru: "wet glowfish [swimming]\nNeutral, Average"
[23:18:34] [req:664] out: "мокрая светящаяся рыба (плавание)\nнейтральный, средний"
[23:18:38] [req:665] in en->ru: "The wet glowfish has nothing to trade."
[23:18:39] [req:665] out: "Влажной светящейся рыбе нечем торговать."
[23:18:39] [req:666] in en->ru: "Влажной светящейся рыбе нечем торговать."
[23:18:39] [req:666] out: "Вместо того, чтобы быть здесь, мы должны быть на месте."
[23:19:23] [req:667] in en->ru: "PgUp"
[23:19:23] [req:667] cache-hit: "PgUp"
[23:19:23] [req:668] in en->ru: "PgDown"
[23:19:23] [req:668] cache-hit: "PgDown"
[23:19:23] [req:669] in en->ru: "AV: 99"
[23:19:23] [req:669] cache-hit: "AV: 99"
[23:19:23] [req:670] in en->ru: "DV: 99"
[23:19:23] [req:670] cache-hit: "DV: 99"
[23:19:27] [req:671] in en->ru: "2.0.210.24"
[23:19:27] [req:671] cache-hit: "2.0.210.24"
[23:19:46] [req:673] in en->ru: "<noframe>"
[23:19:47] [req:673] out: "<noframe>"
[23:19:47] [req:674] in en->ru: "2.0.210.24"
[23:19:47] [req:674] cache-hit: "2.0.210.24"
[23:20:14] [req:675] in en->ru: "PgUp"
[23:20:14] [req:675] cache-hit: "PgUp"
[23:20:14] [req:676] in en->ru: "PgDown"
[23:20:14] [req:676] cache-hit: "PgDown"
[23:20:14] [req:677] in en->ru: "AV: 99"
[23:20:14] [req:677] cache-hit: "AV: 99"
[23:20:14] [req:678] in en->ru: "DV: 99"
[23:20:14] [req:678] cache-hit: "DV: 99"
[23:20:18] [req:679] in en->ru: "2.0.210.24"
[23:20:18] [req:679] cache-hit: "2.0.210.24"
[23:20:31] [req:704] in en->ru: ""Правильно с вольфрамовым карбидом.""
[23:20:31] [req:704] out: ""Правильно", "своего рода карбидом"."
[23:20:31] [req:705] in en->ru: "pig"
[23:20:31] [req:705] out: "свинья"
[23:20:32] [req:706] in en->ru: "{{|eyeless crab}}"
[23:20:32] [req:706] out: "Безглазый краб"
[23:20:32] [req:707] in en->ru: "seed-spitting vine"
[23:20:32] [req:707] out: "виноградная лоза"
[23:20:32] [req:708] in en->ru: "shrewd baboon"
[23:20:32] [req:708] out: "проницательный бабуин"
[23:20:32] [req:709] in en->ru: "painted plastifer sneakers with cleats"
[23:20:32] [req:709] out: "раскрашенные штукатурные кроссовки с клетками"
[23:20:35] [req:722] in en->ru: "kaleidoslug"
[23:20:36] [req:722] out: "калейдослюг"
[23:20:36] [req:723] in en->ru: "protector of the Stilt"
[23:20:36] [req:723] out: "Защитник Стилта"
[23:20:36] [req:724] in en->ru: "rustacean"
[23:20:36] [req:724] out: "ржавый"
[23:20:36] [req:725] in en->ru: "disciple of the Sightless Way"
[23:20:36] [req:725] out: "Ученик Невидимого Пути"
[23:20:36] [req:726] in en->ru: "Mechanimist houndmaster"
[23:20:36] [req:726] out: "Механимист гончий"
[23:20:36] [req:727] in en->ru: "traipsing mortar"
[23:20:36] [req:727] out: "миномет"
[23:20:36] [req:728] in en->ru: "panhumor"
[23:20:36] [req:728] out: "панхумор"
[23:20:36] [req:729] in en->ru: "daughter of Exile"
[23:20:36] [req:729] out: "Дочь изгнанника"
[23:20:36] [req:730] in en->ru: "feral dog"
[23:20:36] [req:730] out: "дикая собака"
[23:20:36] [req:731] in en->ru: "cave spider"
[23:20:37] [req:731] out: "пещерный паук"
[23:20:37] [req:732] in en->ru: "great saltback"
[23:20:37] [req:732] out: "Отличная соль"
[23:20:37] [req:733] in en->ru: "Justistrid Haric, Knight Commander of the Holy Temple"
[23:20:37] [req:733] out: "Юстистрид Харич, рыцарь-командующий Святым Храмом"
[23:20:37] [req:734] in en->ru: "mysterious gunslinger"
[23:20:37] [req:734] out: "Таинственный стрелок"
[23:20:37] [req:735] in en->ru: "gunsmith"
[23:20:37] [req:735] out: "оружейник"
[23:20:37] [req:736] in en->ru: "agolfly"
[23:20:37] [req:736] out: "агольф"
[23:20:37] [req:737] in en->ru: "young ivory"
[23:20:37] [req:737] out: "Молодая слоновая кость"
[23:20:37] [req:738] in en->ru: "hindren pariah"
[23:20:37] [req:738] out: "задний двор"
[23:20:37] [req:739] in en->ru: "Mechanimist rummager"
[23:20:38] [req:739] out: "Механистичный роммагер"
[23:20:38] [req:740] in en->ru: "phase cannon tinker"
[23:20:38] [req:740] out: "фазовый пушечный повоз"
[23:20:38] [req:741] in en->ru: "cragmensch boulderer"
[23:20:38] [req:741] out: "скальпельщик"
[23:20:38] [req:742] in en->ru: "Prulberian Levristance, Knight Commander of the Holy Temple"
[23:20:38] [req:742] out: "Prulberian Levristance, Рыцарь-командующий Святым Храмом"
[23:20:38] [req:743] in en->ru: "svardym eld"
[23:20:38] [req:743] out: "Свардим Элд"
[23:20:38] [req:744] in en->ru: "fermented yuckwheat stem"
[23:20:38] [req:744] out: "ферментированный ствол гречихи"
[23:20:38] [req:745] in en->ru: "bone meal"
[23:20:38] [req:745] out: "костная мука"
[23:20:38] [req:746] in en->ru: "concentrated gallbeard gland paste"
[23:20:39] [req:746] out: "концентрированная паста желчных бород"
[23:20:39] [req:747] in en->ru: "goat jerky"
[23:20:39] [req:747] out: "дерзкий козел"
[23:20:39] [req:748] in en->ru: "worm jerky"
[23:20:39] [req:748] out: "червь дерзкий"
[23:20:40] [req:749] in en->ru: "engraved plastifer jerkin"
[23:20:40] [req:749] out: "гравированный штукатурный джеркин"
[23:20:40] [req:750] in en->ru: "grenadier"
[23:20:40] [req:750] out: "гренадер"
[23:20:40] [req:751] in en->ru: "Mechanimist choraler"
[23:20:40] [req:751] out: "механистский хореограф"
[23:20:40] [req:752] in en->ru: "two-headed boar"
[23:20:40] [req:752] out: "двуглавый кабан"
[23:20:40] [req:753] in en->ru: "scribe"
[23:20:40] [req:753] out: "писец"
[23:20:40] [req:754] in en->ru: "enigma snail"
[23:20:40] [req:754] out: "улитка-загадка"
[23:20:40] [req:755] in en->ru: "urn duster"
[23:20:40] [req:755] out: "урновый пылесос"
[23:20:40] [req:756] in en->ru: "albino ape"
[23:20:40] [req:756] out: "обезьяна-альбинос"
[23:20:40] [req:757] in en->ru: "glowmoth"
[23:20:41] [req:757] out: "светящийся"
[23:20:41] [req:758] in en->ru: "clockwork beetle"
[23:20:41] [req:758] out: "часовой жук"
[23:20:41] [req:759] in en->ru: "molting basilisk husk"
[23:20:41] [req:759] out: "линька базилисковой шелухи"
[23:20:41] [req:760] in en->ru: "salthopper mandible"
[23:20:41] [req:760] out: "солончак челюстной"
[23:20:41] [req:761] in en->ru: "lah petals"
[23:20:41] [req:761] out: "лепестки лаха"
[23:20:41] [req:762] in en->ru: "jasper {{|Механистический проповедник}} figurine"
[23:20:41] [req:762] out: "jasper {{ | Méханфункционал }} фигурка"
[23:20:41] [req:763] in en->ru: "jasper Механистический проповедник figurine"
[23:20:41] [req:763] out: "jasper Механистические фигурки"
[23:20:41] [req:764] in en->ru: "torn sheet of graph paper"
[23:20:42] [req:764] out: "порванный лист графовой бумаги"
[23:20:42] [req:765] in en->ru: "catch basin"
[23:20:42] [req:765] out: "бассейн улова"
[23:20:42] [req:766] in en->ru: "camel bladder"
[23:20:42] [req:766] out: "мочевой пузырь верблюда"
[23:20:42] [req:768] in en->ru: "willowy cloth robe"
[23:20:42] [req:768] out: "ивовая одежда"
[23:20:44] [req:769] in en->ru: "QN: 100"
[23:20:44] [req:769] cache-hit: "QN: 100"
[23:20:44] [req:770] in en->ru: "AV: 2"
[23:20:44] [req:770] cache-hit: "AV: 2"
[23:20:44] [req:771] in en->ru: "DV: 6"
[23:20:44] [req:771] cache-hit: "DV: 6"
[23:20:44] [req:772] in en->ru: "Yrashrala"
[23:20:44] [req:772] out: "Яршрала"
[23:20:44] [req:773] in en->ru: "Harvest Dawn 13th of Tebet Ux"
[23:20:44] [req:774] in en->ru: "On the 13th of Tebet Ux, you arrive at the oasis-hamlet of Joppa, along the far rim of Moghra'yi, the Great Salt Desert.\n\nAll aраунд you, moisture farmers tend to groves of viridian watervine. There are huts wrought from rock salt and bri...(truncated)"
[23:20:44] [req:773] out: "Harvest Dawn 13th of Tebet"
[23:20:44] [req:776] in en->ru: "Sprint [off] <1>"
[23:20:44] [req:776] cache-hit: "Sprint [off] <1>"
[23:20:44] [req:777] in en->ru: "Hmm, what of your artifacts? Make an offering of them to Shekhinah at the Sacred Well."
[23:20:45] [req:777] out: "А как же твои артефакты? Сделайте подношение их Шехине в Священном Колодце."
[23:20:46] [req:774] out: "13-го числа Tebet Ux вы прибываете в оазис-деревню Йоппа, вдоль дальнего края Мограи, Великой соляной пустыни.\n\nВсе это время вас окружало, фермеры, выращивающие влагу, как правило, рощи виридиана. Есть хижины, кованые из каменной соли и ...(truncated)"
[23:20:55] [req:778] in en->ru: "QN: 100"
[23:20:55] [req:778] cache-hit: "QN: 100"
[23:20:55] [req:779] in en->ru: "AV: 2"
[23:20:55] [req:779] cache-hit: "AV: 2"
[23:20:55] [req:780] in en->ru: "DV: 6"
[23:20:55] [req:780] cache-hit: "DV: 6"
[23:20:55] [req:781] in en->ru: "А как же твои артефакты? Сделайте подношение их Шехине в Священном Колодце."
[23:20:56] [req:781] out: "А. А. Сыворотки? Записывайте, как Шех Пине, как Санм Колод."
[23:20:58] [req:782] in en->ru: "QN: 100"
[23:20:58] [req:782] cache-hit: "QN: 100"
[23:20:58] [req:783] in en->ru: "AV: 2"
[23:20:58] [req:783] cache-hit: "AV: 2"
[23:20:58] [req:784] in en->ru: "DV: 6"
[23:20:58] [req:784] cache-hit: "DV: 6"
[23:20:58] [req:785] in en->ru: "QN: 100"
[23:20:58] [req:785] cache-hit: "QN: 100"
[23:20:58] [req:786] in en->ru: "AV: 2"
[23:20:58] [req:786] cache-hit: "AV: 2"
[23:20:58] [req:787] in en->ru: "DV: 6"
[23:20:58] [req:787] cache-hit: "DV: 6"
[23:20:58] [req:788] in en->ru: "QN: 100"
[23:20:58] [req:788] cache-hit: "QN: 100"
[23:20:58] [req:789] in en->ru: "AV: 2"
[23:20:58] [req:789] cache-hit: "AV: 2"
[23:20:58] [req:790] in en->ru: "DV: 6"
[23:20:58] [req:790] cache-hit: "DV: 6"
[23:20:58] [req:791] in en->ru: "QN: 100"
[23:20:58] [req:791] cache-hit: "QN: 100"
[23:20:58] [req:792] in en->ru: "AV: 2"
[23:20:58] [req:792] cache-hit: "AV: 2"
[23:20:58] [req:793] in en->ru: "DV: 6"
[23:20:58] [req:793] cache-hit: "DV: 6"
[23:20:59] [req:794] in en->ru: "QN: 100"
[23:20:59] [req:794] cache-hit: "QN: 100"
[23:20:59] [req:795] in en->ru: "AV: 2"
[23:20:59] [req:795] cache-hit: "AV: 2"
[23:20:59] [req:796] in en->ru: "DV: 6"
[23:20:59] [req:796] cache-hit: "DV: 6"
[23:20:59] [req:797] in en->ru: "QN: 100"
[23:20:59] [req:797] cache-hit: "QN: 100"
[23:20:59] [req:798] in en->ru: "AV: 2"
[23:20:59] [req:798] cache-hit: "AV: 2"
[23:20:59] [req:799] in en->ru: "DV: 6"
[23:20:59] [req:799] cache-hit: "DV: 6"
[23:21:00] [req:800] in en->ru: "QN: 100"
[23:21:00] [req:800] cache-hit: "QN: 100"
[23:21:00] [req:801] in en->ru: "AV: 2"
[23:21:00] [req:801] cache-hit: "AV: 2"
[23:21:00] [req:802] in en->ru: "DV: 6"
[23:21:00] [req:802] cache-hit: "DV: 6"
[23:21:00] [req:803] in en->ru: "QN: 100"
[23:21:00] [req:803] cache-hit: "QN: 100"
[23:21:00] [req:804] in en->ru: "AV: 2"
[23:21:00] [req:804] cache-hit: "AV: 2"
[23:21:00] [req:805] in en->ru: "DV: 6"
[23:21:00] [req:805] cache-hit: "DV: 6"
[23:21:01] [req:806] in en->ru: "*Yrame nods.*"
[23:21:01] [req:806] out: "*Ирам кивает.*"
[23:21:01] [req:807] in en->ru: "Начальник Ирам"
[23:21:01] [req:807] out: "Первоначальный ИП"
[23:21:01] [req:808] in en->ru: "[1] Who are you?"
[23:21:01] [req:808] out: "[1] Кто ты такой?"
[23:21:01] [req:809] in en->ru: "[2] What is a Warden?"
[23:21:01] [req:809] out: "[2] Что такое страж?"
[23:21:01] [req:810] in en->ru: "[3] Your thirst is mine, my water is yours. [begin water ritual; 1 dram of water]"
[23:21:02] [req:810] out: "[3] Твоя жажда моя, моя вода твоя. [Начало водного ритуала; 1 драм воды]"
[23:21:02] [req:811] in en->ru: "[4] Let's trade. [begin trade]"
[23:21:02] [req:811] out: "[4] Торговля. [Начать торговлю]"
[23:21:02] [req:812] in en->ru: "[5] Live and drink. [End]"
[23:21:02] [req:812] out: "[5] Живи и пей. [Конец]"
[23:21:05] [req:813] in en->ru: "Big Yrame shifts her weight between hind and forelegs. She shakes a storm of rust dander from the tines of her great horns, and she blows a halo of freezing air from her rime-veined hands.\n-----\nLoved by the Fellowship of Wardens.\n\nAdmi...(truncated)"
[23:21:07] [req:813] out: "Большой Ярме смещает свой вес между задними и передними конечностями. Она сотрясает бурю ржавчины от олова своих больших рогов, и она выдувает ореол замерзающего воздуха из своих рук, покрытых известняком.\n---\nЛюбимое товарищество надзира...(truncated)"
[23:21:07] [req:814] in en->ru: "Warden Yrame\nNeutral, Impossible"
[23:21:07] [req:814] out: "Начальник Ирам\nНейтральный, невозможный"
[23:22:20] [req:815] in en->ru: "QN: 100"
[23:22:20] [req:815] cache-hit: "QN: 100"
[23:22:20] [req:816] in en->ru: "AV: 2"
[23:22:20] [req:816] cache-hit: "AV: 2"
[23:22:20] [req:817] in en->ru: "DV: 6"
[23:22:20] [req:817] cache-hit: "DV: 6"
[23:22:21] [req:818] in en->ru: "QN: 100"
[23:22:21] [req:818] cache-hit: "QN: 100"
[23:22:21] [req:819] in en->ru: "AV: 2"
[23:22:21] [req:819] cache-hit: "AV: 2"
[23:22:21] [req:820] in en->ru: "DV: 6"
[23:22:21] [req:820] cache-hit: "DV: 6"
[23:22:21] [req:821] in en->ru: "QN: 100"
[23:22:21] [req:821] cache-hit: "QN: 100"
[23:22:21] [req:822] in en->ru: "AV: 2"
[23:22:21] [req:822] cache-hit: "AV: 2"
[23:22:21] [req:823] in en->ru: "DV: 6"
[23:22:21] [req:823] cache-hit: "DV: 6"
[23:22:22] [req:824] in en->ru: "QN: 100"
[23:22:22] [req:824] cache-hit: "QN: 100"
[23:22:22] [req:825] in en->ru: "AV: 2"
[23:22:22] [req:825] cache-hit: "AV: 2"
[23:22:22] [req:826] in en->ru: "DV: 6"
[23:22:22] [req:826] cache-hit: "DV: 6"
[23:22:23] [req:827] in en->ru: "QN: 100"
[23:22:23] [req:827] cache-hit: "QN: 100"
[23:22:23] [req:828] in en->ru: "AV: 2"
[23:22:23] [req:828] cache-hit: "AV: 2"
[23:22:23] [req:829] in en->ru: "DV: 6"
[23:22:23] [req:829] cache-hit: "DV: 6"
[23:22:23] [req:830] in en->ru: "- Да, конечно. - Да, конечно."
[23:22:23] [req:830] out: "- Да, конечно."
[23:22:26] [req:831] in en->ru: "QN: 100"
[23:22:26] [req:831] cache-hit: "QN: 100"
[23:22:26] [req:832] in en->ru: "AV: 2"
[23:22:26] [req:832] cache-hit: "AV: 2"
[23:22:26] [req:833] in en->ru: "DV: 6"
[23:22:26] [req:833] cache-hit: "DV: 6"
[23:22:29] [req:834] in en->ru: "QN: 100"
[23:22:29] [req:834] cache-hit: "QN: 100"
[23:22:29] [req:835] in en->ru: "AV: 2"
[23:22:29] [req:835] cache-hit: "AV: 2"
[23:22:29] [req:836] in en->ru: "DV: 6"
[23:22:29] [req:836] cache-hit: "DV: 6"
[23:22:31] [req:837] in en->ru: "SELECTED ABILITY"
[23:22:31] [req:837] out: "Удаленная способность"
[23:22:31] [req:838] in en->ru: "Some Ability Name <W>"
[23:22:31] [req:838] out: "Некоторые способности <W>"
[23:22:31] [req:839] in en->ru: "a) Sprint [Toggled off]"
[23:22:31] [req:839] out: "а) Спринт [упал]"
[23:22:31] [req:840] in en->ru: "b) Freezing Ray"
[23:22:31] [req:840] out: "b) Замораживающий луч"
[23:22:31] [req:841] in en->ru: "c) Make Camp"
[23:22:31] [req:841] out: "c) Создать лагерь"
[23:22:31] [req:842] in en->ru: "d) Dismember"
[23:22:31] [req:842] out: "d) Расчленение"
[23:22:31] [req:843] in en->ru: "e) Charge [attack]"
[23:22:31] [req:843] out: "е) Заряд [атака]"
[23:22:31] [req:844] in en->ru: "f) Butcher Corpses [Toggled on]"
[23:22:32] [req:844] out: "Мясниковые трупы (Toggled on)"
[23:22:32] [req:845] in en->ru: "g) Teleport"
[23:22:32] [req:845] out: "g) Телепорт"
[23:22:32] [req:846] in en->ru: "Close Menu"
[23:22:32] [req:846] out: "Близкое меню"
[23:22:32] [req:847] in en->ru: "sort: custom/by class"
[23:22:32] [req:847] out: "Тип: custom/by class"
[23:22:32] [req:848] in en->ru: "Activate Selected Ability"
[23:22:32] [req:848] out: "Активировать выбранные способности"
[23:22:32] [req:849] in en->ru: "search"
[23:22:32] [req:849] out: "поиск"
[23:22:32] [req:850] in en->ru: "Type: Maneuvers\n\nYou move fast for a short duration.\n\nDouble your move speed for 10 rounds.\n-5 DV\n-10 to hit in melee combat.\nReduced accuracy with missile weapons.\nSprinting ends early if you take a physical action other than move ...(truncated)"
[23:22:33] [req:850] out: "Тип: Маневры\n\nВы двигаетесь быстро в течение короткого времени.\n\nУдвоить скорость движения за 10 раундов.\n-5 DV\n10, чтобы ударить в ближнем бою.\nУменьшение точности с ракетным оружием.\nСпринт заканчивается рано, если вы предпринимае...(truncated)"
[23:22:33] [req:851] in en->ru: "Move Up"
[23:22:33] [req:851] out: "двигаться вверх"
[23:22:33] [req:852] in en->ru: "Move Down"
[23:22:34] [req:852] out: "Двигаться вниз"
[23:22:34] [req:853] in en->ru: "[Вставить]"
[23:22:34] [req:853] bypass: "[Вставить]"
[23:22:34] [req:854] in en->ru: "Bind Key"
[23:22:34] [req:854] out: "Обязательный ключ"
[23:22:34] [req:855] in en->ru: "Type: Physical Mutations\n\nYou emit a ray of frost from your hands.\n\nEmits a 9-square ray of frost in the direction of your choice.\nDamage: 1d3+1\nCooldown: 20 rounds"
[23:22:34] [req:855] out: "Тип: Физические мутации\n\nВы излучаете луч мороза из своих рук.\n\nИзлучает 9-квадратный луч мороза в направлении по вашему выбору.\nПовреждение: 1d3+1\nКулдаун: 20 раундов"
[23:22:34] [req:856] in en->ru: "Make Camp"
[23:22:34] [req:856] out: "Сделать лагерь"
[23:22:35] [req:857] in en->ru: "Type: Maneuvers\n\nStart a campfire for cooking meals and preserving foods. You can't make camp in combat."
[23:22:35] [req:857] out: "Тип: Маневры\n\nНачните костер для приготовления пищи и сохранения продуктов. Нельзя разбивать лагерь в бою."
[23:22:35] [req:858] in en->ru: "Type: Maneuvers\n\nStart a campfire на cooking meals and preserving foods. You can't make camp in combat."
[23:22:35] [req:858] out: "Тип: Маневры\n\nНачните костер, готовя еду и сохраняя продукты. Нельзя разбивать лагерь в бою."
[23:22:37] [req:860] in en->ru: "QN: 100"
[23:22:37] [req:860] cache-hit: "QN: 100"
[23:22:37] [req:861] in en->ru: "AV: 2"
[23:22:37] [req:861] cache-hit: "AV: 2"
[23:22:37] [req:862] in en->ru: "DV: 6"
[23:22:37] [req:862] cache-hit: "DV: 6"
[23:22:40] [req:864] in en->ru: "Dismember"
[23:22:40] [req:864] out: "расчленять"
[23:22:40] [req:865] in en->ru: "Type: Skills\n\nYou make an axe attack against an opponent. If you hit and penetrate, you dismember one of their limbs at random and they start bleeding.\n\nBleed damage: 1d2 per round\nBleed save: Toughness 35\nCooldown: 30 rounds"
[23:22:41] [req:865] out: "Тип: Навыки\n\nВы совершаете топорную атаку против противника. Если ударить и проникнуть, вы расчлените одну из их конечностей наугад, и они начнут кровоточить.\n\nПовреждение крови: 1d2 за раунд\nОригинальное название: Toughness 35\nКулдау...(truncated)"
[23:22:45] [req:868] in en->ru: "Dismember | [Select a direction]"
[23:22:46] [req:868] out: "[Выберите направление]"
[23:22:46] [req:869] in en->ru: "There's nothing there to dismember."
[23:22:46] [req:869] out: "Там нечего расчленять."
[23:22:46] [req:870] in en->ru: "Там нечего расчленять."
[23:22:46] [req:870] out: "Там же, там же."
[23:22:48] [req:871] in en->ru: "QN: 100"
[23:22:48] [req:871] cache-hit: "QN: 100"
[23:22:48] [req:872] in en->ru: "AV: 2"
[23:22:48] [req:872] cache-hit: "AV: 2"
[23:22:48] [req:873] in en->ru: "DV: 6"
[23:22:48] [req:873] cache-hit: "DV: 6"
[23:22:48] [req:874] in en->ru: "QN: 100"
[23:22:48] [req:874] cache-hit: "QN: 100"
[23:22:48] [req:875] in en->ru: "AV: 2"
[23:22:48] [req:875] cache-hit: "AV: 2"
[23:22:48] [req:876] in en->ru: "DV: 6"
[23:22:48] [req:876] cache-hit: "DV: 6"
[23:22:49] [req:877] in en->ru: "QN: 100"
[23:22:49] [req:877] cache-hit: "QN: 100"
[23:22:49] [req:878] in en->ru: "AV: 2"
[23:22:49] [req:878] cache-hit: "AV: 2"
[23:22:49] [req:879] in en->ru: "DV: 6"
[23:22:49] [req:879] cache-hit: "DV: 6"
[23:22:54] [req:880] in en->ru: "QN: 100"
[23:22:54] [req:880] cache-hit: "QN: 100"
[23:22:54] [req:881] in en->ru: "AV: 2"
[23:22:54] [req:881] cache-hit: "AV: 2"
[23:22:54] [req:882] in en->ru: "DV: 6"
[23:22:54] [req:882] cache-hit: "DV: 6"
[23:22:54] [req:883] in en->ru: "QN: 100"
[23:22:54] [req:883] cache-hit: "QN: 100"
[23:22:54] [req:884] in en->ru: "AV: 2"
[23:22:55] [req:884] cache-hit: "AV: 2"
[23:22:55] [req:885] in en->ru: "DV: 6"
[23:22:55] [req:885] cache-hit: "DV: 6"
[23:22:56] [req:886] in en->ru: "You miss with your bronze battle axe! [7 vs 14]"
[23:22:56] [req:886] out: "Ты скучаешь по своему бронзовому боевому топору! [7 против 14]"
[23:22:57] [req:887] in en->ru: "Mehmet hits {{|(x2)}} for 5 damage with his lacquered iron vinereaper. [7]"
[23:22:57] [req:888] in en->ru: "Dismember [31] <4>"
[23:22:57] [req:887] out: "Мехмет бьет {{ |(x2)}} за 5 повреждений лакированным железным виньепером.[7]"
[23:22:57] [req:888] out: "Расчленение [31] <4>"
[23:22:57] [req:889] in en->ru: "QN: 100"
[23:22:57] [req:889] cache-hit: "QN: 100"
[23:22:57] [req:890] in en->ru: "AV: 2"
[23:22:57] [req:890] cache-hit: "AV: 2"
[23:22:57] [req:891] in en->ru: "DV: 6"
[23:22:57] [req:891] cache-hit: "DV: 6"
[23:22:57] [req:892] in en->ru: "Dismember [30] <4>"
[23:22:57] [req:892] out: "Расчленение [30] <4>"
[23:22:57] [req:893] in en->ru: "HP: 13 / 18"
[23:22:57] [req:893] out: "HP: 13/18"
[23:22:58] [req:894] in en->ru: "You hit {{|(x1) for 2 damage with your bronze battle axe! [18]}}"
[23:22:58] [req:894] out: "Вы нанесли 2 повреждения своим бронзовым боевым топором! [18]"
[23:22:58] [req:895] in en->ru: "Mehmet hits {{|(x2)}} for 6 damage with his lacquered iron vinereaper. [11]"
[23:22:59] [req:895] out: "Мехмет бьет {{ |(x2)}} за 6 повреждений лакированным железным виньепером.[11]"
[23:22:59] [req:896] in en->ru: "Your health has dropped below 40%!"
[23:22:59] [req:897] in en->ru: "Fine, Hostile, Impossible"
[23:22:59] [req:896] out: "Ваше здоровье упало ниже 40%!"
[23:22:59] [req:897] out: "Прекрасно, враждебно, невозможно"
[23:22:59] [req:898] in en->ru: "QN: 100"
[23:22:59] [req:898] cache-hit: "QN: 100"
[23:22:59] [req:899] in en->ru: "AV: 2"
[23:22:59] [req:899] cache-hit: "AV: 2"
[23:22:59] [req:900] in en->ru: "DV: 6"
[23:22:59] [req:900] cache-hit: "DV: 6"
[23:22:59] [req:901] in en->ru: "HP: 7 / 18"
[23:22:59] [req:901] out: "HP: 7/18"
[23:22:59] [req:902] in en->ru: "Ваше здоровье упало ниже 40%!"
[23:22:59] [req:902] out: "Скидка +40%!"
[23:23:01] [req:903] in en->ru: "Dismember [29] <4>"
[23:23:01] [req:903] out: "Расчленение [29] <4>"
[23:23:02] [req:904] in en->ru: "You hit {{|(x2) for 3 damage with your bronze battle axe! [19]}}"
[23:23:02] [req:904] out: "Вы нанесли 3 повреждения своим бронзовым боевым топором! [19]"
[23:23:02] [req:905] in en->ru: "Mehmet hits {{|(x1)}} for 1 damage with his lacquered iron vinereaper. [8]"
[23:23:03] [req:905] out: "Мехмет бьет {{ |(x1)}} за 1 повреждение лакированным железным виньепером.[8]"
[23:23:03] [req:906] in en->ru: "QN: 100"
[23:23:03] [req:906] cache-hit: "QN: 100"
[23:23:03] [req:907] in en->ru: "AV: 2"
[23:23:03] [req:907] cache-hit: "AV: 2"
[23:23:03] [req:908] in en->ru: "DV: 6"
[23:23:03] [req:908] cache-hit: "DV: 6"
[23:23:03] [req:909] in en->ru: "Dismember [28] <4>"
[23:23:03] [req:909] out: "Расчленение [28] <4>"
[23:23:03] [req:910] in en->ru: "HP: 6 / 18"
[23:23:03] [req:910] out: "HP: 6/18"
[23:23:03] [req:911] in en->ru: "You miss with your bronze battle axe! [4 vs 14]"
[23:23:04] [req:911] out: "Ты скучаешь по своему бронзовому боевому топору! [4 против 14]"
[23:23:04] [req:912] in en->ru: "Mehmet hits {{|(x1)}} for 2 damage with his lacquered iron vinereaper. [17]"
[23:23:04] [req:913] in en->ru: "QN: 100"
[23:23:04] [req:913] cache-hit: "QN: 100"
[23:23:04] [req:914] in en->ru: "AV: 2"
[23:23:04] [req:914] cache-hit: "AV: 2"
[23:23:04] [req:915] in en->ru: "DV: 6"
[23:23:04] [req:915] cache-hit: "DV: 6"
[23:23:04] [req:912] out: "Мехмет бьет {{ |(x1)}} за 2 повреждения лакированным железным виньепером.[17]"
[23:23:04] [req:916] in en->ru: "Dismember [27] <4>"
[23:23:04] [req:916] out: "Расчленение [27] <4>"
[23:23:04] [req:917] in en->ru: "QN: 100"
[23:23:04] [req:917] cache-hit: "QN: 100"
[23:23:04] [req:918] in en->ru: "AV: 2"
[23:23:04] [req:918] cache-hit: "AV: 2"
[23:23:04] [req:919] in en->ru: "DV: 6"
[23:23:04] [req:919] cache-hit: "DV: 6"
[23:23:04] [req:920] in en->ru: "HP: 4 / 18"
[23:23:04] [req:921] in en->ru: "You miss with your bronze battle axe! [9 vs 14]"
[23:23:04] [req:920] out: "HP: 4/18"
[23:23:05] [req:921] out: "Ты скучаешь по своему бронзовому боевому топору! [9 против 14]"
[23:23:05] [req:922] in en->ru: "Mehmet misses you with his lacquered iron vinereaper! [4 vs 6]"
[23:23:05] [req:922] out: "Мехмет скучает по тебе со своим лакированным железным виноградарём! [4 против 6]"
[23:23:05] [req:923] in en->ru: "QN: 100"
[23:23:05] [req:923] cache-hit: "QN: 100"
[23:23:05] [req:924] in en->ru: "AV: 2"
[23:23:05] [req:924] cache-hit: "AV: 2"
[23:23:05] [req:925] in en->ru: "DV: 6"
[23:23:05] [req:925] cache-hit: "DV: 6"
[23:23:05] [req:926] in en->ru: "Dismember [26] <4>"
[23:23:05] [req:926] out: "Расчленение [26] <4>"
[23:23:06] [req:927] in en->ru: "You miss with your bronze battle axe! [5 vs 14]"
[23:23:06] [req:927] out: "Ты скучаешь по своему бронзовому боевому топору! (5 против 14)"
[23:23:06] [req:928] in en->ru: "Mehmet hits {{|(x3)}} for 7 damage with his lacquered iron vinereaper. [21]"
[23:23:07] [req:929] in en->ru: "QN: 100"
[23:23:07] [req:929] cache-hit: "QN: 100"
[23:23:07] [req:930] in en->ru: "AV: 2"
[23:23:07] [req:930] cache-hit: "AV: 2"
[23:23:07] [req:931] in en->ru: "DV: 6"
[23:23:07] [req:931] cache-hit: "DV: 6"
[23:23:07] [req:928] out: "Мехмет бьет {{ |(x3)}} за 7 повреждений лакированным железным виньепером[21]."
[23:23:07] [req:932] in en->ru: "You died.\n\nYou were killed by Mehmet."
[23:23:07] [req:932] out: "Ты умер.\n\nТебя убил Мехмет."
[23:23:07] [req:933] in en->ru: "QN: 100"
[23:23:07] [req:933] cache-hit: "QN: 100"
[23:23:07] [req:934] in en->ru: "AV: 2"
[23:23:07] [req:934] cache-hit: "AV: 2"
[23:23:07] [req:935] in en->ru: "DV: 6"
[23:23:07] [req:935] cache-hit: "DV: 6"
[23:23:07] [req:936] in en->ru: "HP: 0 / 18"
[23:23:07] [req:936] out: "HP: 0/18"
[23:23:07] [req:937] in en->ru: "Ты умер.\n\nТебя убил Мехмет."
[23:23:07] [req:937] out: "Ты такая.\n\n"Механизм смеха"."
[23:23:09] [req:938] in en->ru: "Mehmet misses you with his fist! [6 vs 6]"
[23:23:09] [req:938] out: "Мехмет скучает по тебе кулаком! [6 против 6]"
[23:23:09] [req:939] in en->ru: "[F1]"
[23:23:09] [req:939] bypass: "[F1]"
[23:23:09] [req:940] in en->ru: "Save Tombstone File"
[23:23:09] [req:940] out: "Сохранить файл Tombstone"
[23:23:09] [req:941] in en->ru: "You were killed by Mehmet."
[23:23:09] [req:941] out: "Тебя убил Мехмет."
[23:23:21] [req:942] in en->ru: "2.0.210.24"
[23:23:21] [req:942] cache-hit: "2.0.210.24"
[23:23:23] [req:943] in en->ru: "[space] press button"
[23:23:23] [req:943] out: "[пространство] Нажать кнопку"
[23:23:23] [req:944] in en->ru: "[v] Disable all"
[23:23:23] [req:944] out: "[v] Отключить всех"
[23:23:23] [req:945] in en->ru: "[r] Save and Reload"
[23:23:23] [req:945] out: "[r] Сохранить и перезагрузить"
[23:23:23] [req:946] in en->ru: "[u] Undo"
[23:23:23] [req:946] out: "Ундо"
[23:23:23] [req:947] in en->ru: "[space] Disable mod"
[23:23:23] [req:947] out: "[пространство] Disable mod"
[23:23:24] [req:948] in en->ru: "Russian Localization / Русификация"
[23:23:24] [req:948] out: "Русская локализация / Русская экспертиза"
[23:23:24] [req:949] in en->ru: "by RuLocalization Team"
[23:23:24] [req:949] out: "Команда RuLocalization"
[23:23:24] [req:950] in en->ru: "ENABLED"
[23:23:24] [req:950] out: "Включен"
[23:23:24] [req:951] in en->ru: "# SCRIPTING"
[23:23:24] [req:951] out: "#ПИСАНИЕ"
[23:23:24] [req:952] in en->ru: "# HARMONY PATCHES"
[23:23:24] [req:952] out: "#ГАРМОНИИ ПАТЧИ"
[23:23:24] [req:953] in en->ru: "Полная русификация Caves of Qud. Переводит интерфейс, диалоги, описания предметов, навыки, мутации, квесты и процедурно генерируемый контент на русский язык."
[23:23:25] [req:953] out: "Полный обзор пещер Куд. Переводчик интерфейса, диалоги, кода, ключи, галстук, галстук, квесты и процедурно-координационный контент, русский язык."
[23:23:25] [req:954] in en->ru: "Русская локализация / Русская экспертиза"
[23:23:25] [req:954] out: "Русская экипировка / Русская экспертиза"
[23:23:25] [req:955] in en->ru: "DISABLED"
[23:23:25] [req:955] out: "несоответствующий"
[23:23:25] [req:956] in en->ru: "#ПИСАНИЕ"
[23:23:25] [req:956] out: "#ПИСАНИЕ"
[23:23:25] [req:957] in en->ru: "#ГАРМОНИИ ПАТЧИ"
[23:23:25] [req:957] out: "#АРМОНИИ ПАТЧИ"
[23:23:26] [req:958] in en->ru: "[space] Enable mod"
[23:23:26] [req:958] out: "[Пространство] Включить мод"
[23:23:27] [req:959] in en->ru: "Your mod configuration has changed, do you want to apply your changes and restart the game?"
[23:23:28] [req:959] out: "Ваша конфигурация модов изменилась, вы хотите применить свои изменения и перезапустить игру?"
[23:23:28] [req:960] in en->ru: "[y] Yes"
[23:23:28] [req:960] out: "Да."
[23:23:28] [req:961] in en->ru: "[n] No"
[23:23:28] [req:961] out: "Нет."
