[03:31:16] [gemma-server] sqlite cache: C:\Users\Spark-PC\AppData\LocalLow\Freehold Games\CavesOfQud\Mods\CoQ-translater\gemma_translate_cache.db
[03:31:16] [gemma-server] backend: http://127.0.0.1:1234/v1
[03:31:16] [gemma-server] model: google/gemma-4-e4b
[03:31:16] [gemma-server] ready on http://127.0.0.1:5005
[03:33:22] [req:1] in en->ru: "PgUp"
[03:33:23] [req:1] out: "Вверх"
[03:33:23] [req:2] in en->ru: "PgDown"
[03:33:24] [req:2] out: "Вниз"
[03:33:24] [req:3] in en->ru: "AV: 99"
[03:33:25] [req:3] out: "Уровень атаки: 99"
[03:33:25] [req:4] in en->ru: "DV: 99"
[03:33:26] [req:4] out: "ДВ: 99"
[03:33:26] [req:5] in en->ru: "2.0.210.24"
[03:33:27] [req:5] out: "2.0.210.24"
[03:33:30] [req:6] in en->ru: "ù Одна попытка с фиксированным персонажем и сидом мира.\nù Сейчас день 104 из 2026."
[03:33:32] [req:6] out: "Одна попытка с зафиксированным персонажем и сидом мира.\nСейчас день 104 из 2026."
[03:33:32] [req:7] in en->ru: "[К]"
[03:33:32] [req:7] bypass: "[К]"
[03:33:58] [req:11] in en->ru: "[Удалить]"
[03:33:58] [req:11] bypass: "[Удалить]"
[03:33:58] [req:12] in en->ru: "Nomad"
[03:33:59] [req:12] out: "Кочевник"
[03:33:59] [req:13] in en->ru: "[ ][1]"
[03:33:59] [req:13] bypass: "[ ][1]"
[03:33:59] [req:14] in en->ru: "[ ][3]"
[03:33:59] [req:14] bypass: "[ ][3]"
[03:33:59] [req:15] in en->ru: "[ ][4]"
[03:33:59] [req:15] bypass: "[ ][4]"
[03:33:59] [req:16] in en->ru: "[ ][2]"
[03:33:59] [req:16] bypass: "[ ][2]"
[03:33:59] [req:17] in en->ru: "[ ][5]"
[03:33:59] [req:17] bypass: "[ ][5]"
[03:33:59] [req:18] in en->ru: "Freezing Ray [V]"
[03:34:00] [req:18] out: "Замораживающий луч [V]"
[03:34:00] [req:19] in en->ru: "[ ][-2]"
[03:34:00] [req:19] bypass: "[ ][-2]"
[03:34:00] [req:20] in en->ru: "[ ][-3]"
[03:34:00] [req:20] bypass: "[ ][-3]"
[03:34:00] [req:21] in en->ru: "[ ][-4]"
[03:34:00] [req:21] bypass: "[ ][-4]"
[03:34:00] [req:22] in en->ru: "Points Remaining: 12"
[03:34:01] [req:22] out: "Осталось очков: 12"
[03:34:01] [req:23] in en->ru: "[■][3]"
[03:34:01] [req:23] bypass: "[■][3]"
[03:34:01] [req:24] in en->ru: "Points Remaining: 9"
[03:34:02] [req:24] out: "Осталось очков: 9"
[03:34:02] [req:25] in en->ru: "Points Remaining: 6"
[03:34:03] [req:25] out: "Осталось очков:"
[03:34:03] [req:26] in en->ru: "[■][4]"
[03:34:03] [req:26] bypass: "[■][4]"
[03:34:03] [req:27] in en->ru: "Points Remaining: 2"
[03:34:04] [req:27] out: "Осталось очков:"
[03:34:04] [req:28] in en->ru: "[■][1]"
[03:34:04] [req:28] bypass: "[■][1]"
[03:34:04] [req:29] in en->ru: "Points Remaining: 1"
[03:34:05] [req:29] out: "Осталось очков: 1"
[03:34:05] [req:30] in en->ru: "[■][-3]"
[03:34:05] [req:30] bypass: "[■][-3]"
[03:34:05] [req:31] in en->ru: "Points Remaining: 4"
[03:34:06] [req:31] out: "Осталось очков:"
[03:34:06] [req:34] in en->ru: "[1pts]"
[03:34:06] [req:34] bypass: "[1pts]"
[03:34:06] [req:35] in en->ru: "+2 from Nomad calling"
[03:34:07] [req:35] out: "+2 от Кочевника при вызове"
[03:34:07] [req:36] in en->ru: "Points Remaining: 44"
[03:34:07] [req:36] out: "Осталось очков: 44"
[03:34:07] [req:37] in en->ru: "Points Remaining: 43"
[03:34:08] [req:37] out: "Осталось очков: 43"
[03:34:08] [req:38] in en->ru: "Points Remaining: 42"
[03:34:09] [req:38] out: "Осталось очков: 42"
[03:34:09] [req:39] in en->ru: "Points Remaining: 41"
[03:34:10] [req:39] out: "Осталось очков: 41"
[03:34:10] [req:40] in en->ru: "Points Remaining: 40"
[03:34:11] [req:40] out: "Осталось очков:"
[03:34:11] [req:41] in en->ru: "Points Remaining: 39"
[03:34:12] [req:41] out: "Осталось очков: 39"
[03:34:12] [req:42] in en->ru: "Points Remaining: 38"
[03:34:13] [req:42] out: "Осталось очков:"
[03:34:13] [req:43] in en->ru: "Points Remaining: 37"
[03:34:14] [req:43] out: "Осталось очков: 37"
[03:34:14] [req:44] in en->ru: "Points Remaining: 36"
[03:34:15] [req:44] out: "Осталось очков: 36"
[03:34:15] [req:45] in en->ru: "Points Remaining: 35"
[03:34:16] [req:45] out: "Осталось очков: 35"
[03:34:16] [req:46] in en->ru: "Points Remaining: 34"
[03:34:17] [req:46] out: "Осталось очков: 34"
[03:34:17] [req:47] in en->ru: "Points Remaining: 33"
[03:34:18] [req:47] out: "Осталось очков: 33"
[03:34:18] [req:48] in en->ru: "Points Remaining: 32"
[03:34:19] [req:48] out: "Осталось очков: 32"
[03:34:19] [req:49] in en->ru: "Points Remaining: 31"
[03:34:20] [req:49] out: "Осталось очков: 31"
[03:34:20] [req:50] in en->ru: "Points Remaining: 30"
[03:34:21] [req:50] out: "Осталось очков: 30"
[03:34:21] [req:51] in en->ru: "Points Remaining: 29"
[03:34:22] [req:51] out: "Осталось очков:"
[03:34:22] [req:52] in en->ru: "Points Remaining: 28"
[03:34:23] [req:52] out: "Осталось очков:"
[03:34:23] [req:53] in en->ru: "Points Remaining: 27"
[03:34:23] [req:53] out: "Осталось очков:"
[03:34:23] [req:54] in en->ru: "Points Remaining: 26"
[03:34:24] [req:54] out: "Осталось очков:"
[03:34:24] [req:55] in en->ru: "Points Remaining: 25"
[03:34:25] [req:55] out: "Осталось очков:"
[03:34:25] [req:56] in en->ru: "Points Remaining: 24"
[03:34:26] [req:56] out: "Осталось очков:"
[03:34:26] [req:57] in en->ru: "Points Remaining: 23"
[03:34:27] [req:57] out: "Осталось очков:"
[03:34:27] [req:58] in en->ru: "Points Remaining: 22"
[03:34:28] [req:58] out: "Осталось очков:"
[03:34:28] [req:59] in en->ru: "Points Remaining: 21"
[03:34:28] [req:59] out: "Осталось очков:"
[03:34:28] [req:60] in en->ru: "Points Remaining: 20"
[03:34:29] [req:60] out: "Осталось очков:"
[03:34:29] [req:61] in en->ru: "Points Remaining: 19"
[03:34:30] [req:61] out: "Осталось очков: 19"
[03:34:30] [req:62] in en->ru: "Points Remaining: 18"
[03:34:31] [req:62] out: "Осталось очков: 18"
[03:34:31] [req:63] in en->ru: "Points Remaining: 17"
[03:34:32] [req:63] out: "Осталось очков: 17"
[03:34:32] [req:64] in en->ru: "Points Remaining: 16"
[03:34:33] [req:64] out: "Осталось очков: 16"
[03:34:34] [req:65] in en->ru: "Points Remaining: 15"
[03:34:35] [req:65] out: "Осталось очков: 15"
[03:34:35] [req:66] in en->ru: "Points Remaining: 14"
[03:34:36] [req:66] out: "Осталось очков: 14"
[03:34:36] [req:67] in en->ru: "Points Remaining: 13"
[03:34:37] [req:67] out: "Осталось очков: 13"
[03:34:37] [req:68] in en->ru: "Points Remaining: 11"
[03:34:38] [req:68] out: "Осталось очков: 11"
[03:34:38] [req:69] in en->ru: "Points Remaining: 7"
[03:34:39] [req:69] out: "Осталось очков: 7"
[03:34:39] [req:70] in en->ru: "Points Remaining: 5"
[03:34:40] [req:70] out: "Осталось очков:"
[03:34:40] [req:71] in en->ru: "Points Remaining: 3"
[03:34:41] [req:71] out: "Осталось очков: 3"
[03:34:41] [req:72] in en->ru: "[2pts]"
[03:34:41] [req:72] bypass: "[2pts]"
[03:34:41] [req:73] in en->ru: "Strength: 17\nAgility: 15\nToughness: 22\nIntelligence: 15\nWillpower: 15\nEgo: 19"
[03:34:42] [req:73] out: "Сила: 17\nЛовкость: 15\nВыносливость: 22\nИнтеллект: 15\nВоля: 15\nЭго: 19"
[03:34:42] [req:74] in en->ru: "Nomad\nМутировавший человек\nHumanoid"
[03:34:43] [req:74] out: "Кочевник"
[03:34:43] [req:75] in en->ru: "Night Vision \nSlime Glands \nSpinnerets \nTwo-headed \nMyopic (D) \nBurgeoning \nSunder Mind"
[03:34:45] [req:75] out: "Ночное зрение\nСлименные железы\nКоकूनвые нити\nДвуглавый\nМиопический (D)\nПрорастающий\nРасколотый разум"
[03:34:45] [req:76] in en->ru: "Re-Randomize Selections"
[03:34:46] [req:76] out: "Перерандомизировать выборы"
[03:34:46] [req:77] in en->ru: "Night Vision \nSlime Glands \nSpinnerets \nTwo-headed \nMyopic \nBurgeoning \nSunder Mind"
[03:34:48] [req:77] out: "Ночное зрение\nСлименные железы\nКоकूनвые нити\nДвуглавый\nМиопический\nПроцветающий\nРасколотый разум"
[03:34:49] [req:93] in en->ru: "You emit a ray of flame.\n\nEmits a 9-square ray of flame in the direction of your choice.\nDamage: 1d4+1\nCooldown: 10 rounds\nMelee attacks heat opponents by 2d8 degrees"
[03:34:50] [req:93] out: "Ты испускаешь луч пламени.\n\nИзлучает луч пламени на 9 квадратов в выбранном направлении.\nУрон: 1к4+1\nПерезарядка: 10 раундов\nБлижний бой нагревает противников на 2к8 градусов"
[03:34:50] [req:94] in en->ru: "[М]"
[03:34:50] [req:94] bypass: "[М]"
[03:34:50] [req:95] in en->ru: "Choose Variant"
[03:34:51] [req:96] in en->ru: "blue jell"
[03:34:52] [req:95] out: "Выбрать вариант"
[03:34:52] [req:97] in en->ru: "You generate an electromagnetic pulse that disables nearby artifacts and machines.\n\nArea: 5x5 centered around yourself\nDuration: 6-15 rounds\nCooldown: 200 rounds"
[03:34:52] [req:96] out: "синий гель"
[03:34:52] [req:98] in en->ru: "grand newfather"
[03:34:53] [req:98] out: "прадед"
[03:34:53] [req:99] in en->ru: "dromad"
[03:34:54] [req:99] out: "дромад"
[03:34:54] [req:100] in en->ru: "juicing cannibal"
[03:34:54] [req:97] out: "Ты генерируешь электромагнитный импульс, который отключает близлежащие артефакты и машины.\n\nЗона: 5x5, центрированная вокруг тебя\nПродолжительность: 6–15 раундов\nПерезарядка: 200 раундов"
[03:34:54] [req:101] in en->ru: "You accrue electrical charge that you can use and discharge to deal damage.\n\nMaximum charge: 4000\nAccrue base 100 charge per turn\nCan discharge all held charge for 1d4 damage per 1000 charge\nDischarge can arc to adjacent targets dealin...(truncated)"
[03:34:55] [req:100] out: "Соковыжималка каннибала"
[03:34:55] [req:102] in en->ru: "brooding goldpuff"
[03:34:56] [req:102] out: "замысловатый золотистый пуф"
[03:34:56] [req:103] in en->ru: "yonderbrush"
[03:34:57] [req:103] out: "заросли"
[03:34:57] [req:104] in en->ru: "humor"
[03:34:58] [req:104] out: "юмор"
[03:34:58] [req:105] in en->ru: "cragmensch luminary"
[03:35:00] [req:105] out: "Светильник Крагменша"
[03:35:00] [req:106] in en->ru: "gelatinous antiprism"
[03:35:00] [req:101] out: "Вы накапливаете электрический заряд, который можете использовать и разрядить для нанесения урона.\n\nМаксимальный заряд: 4000\nНакапливаете базовые 100 заряда за ход\nМожете разрядить весь накопленный заряд, нанеся 1к4 урона за каждые 1000 ...(truncated)"
[03:35:00] [req:107] in en->ru: "You are possessed of hulking strength.\n\n+2 Strength\n15% chance to daze your opponent on a successful melee attack for 2-3 rounds"
[03:35:01] [req:106] out: "гелеобразный антипризма"
[03:35:02] [req:107] out: "Ты обладаешь колоссальной силой.\n\n+2 Сила\n15% шанс оглушить противника при успешной атаке в ближнем бою на 2–3 раунда."
[03:35:02] [req:108] in en->ru: "You are possessed of hulking strength.\n\n+2 Strength\n15% chance to daze your opponent on a successful melee attack на 2-3 раундов"
[03:35:02] [req:109] in en->ru: "ice frog corpse"
[03:35:04] [req:109] out: "Труп ледяной лягушки"
[03:35:04] [req:110] in en->ru: "carbide shield"
[03:35:04] [req:108] out: "Ты обладаешь чудовищной силой.\n\n+2 Сила\n15% шанс оглушить противника при успешной атаке в ближнем бою на 2-3 раунда"
[03:35:05] [req:111] in en->ru: "You release a burst of corrosive gas around yourself.\n\nReleases gas for 3 rounds\nCooldown: 40 rounds"
[03:35:05] [req:110] out: "карбидный щит"
[03:35:05] [req:112] in en->ru: "crab jerky"
[03:35:06] [req:112] out: "сухари из краба"
[03:35:06] [req:113] in en->ru: "mopango corpse"
[03:35:07] [req:111] out: "Ты выпускаешь облако разъедающего газа вокруг себя.\n\nВыпускает газ на 3 хода\nПерезарядка: 40 ходов"
[03:35:07] [req:114] in en->ru: "You release a burst of corrosive gas aраунд yourself.\n\nReleases gas на 3 раундов\nCooldown: 40 раундов"
[03:35:08] [req:113] out: "Труп мопанго"
[03:35:08] [req:115] in en->ru: "glowfish corpse"
[03:35:09] [req:115] out: "Труп светящейся рыбы"
[03:35:09] [req:116] in en->ru: "two-handed fullerite long sword"
[03:35:09] [req:114] out: "Ты выпускаешь вспышку разъедающего газа вокруг себя.\n\nВыпускает газ на 3 раунда\nПерезарядка: 40 раундов"
[03:35:09] [req:117] in en->ru: "You are protected by a durable carapace.\n\n+3 AV\n-2 DV\n+10 Heat Resistance\n+10 Cold Resistance\n+400 reputation with tortoises\nYou may tighten your carapace to receive double the AV bonus at a -2 DV penalty as long as you remain still....(truncated)"
[03:35:10] [req:116] out: "двуручный длинный меч из фуллерита"
[03:35:10] [req:118] in en->ru: "scaled sandals"
[03:35:12] [req:118] out: "усиленные сандалии"
[03:35:13] [req:117] out: "Ты защищен прочным панцирем.\n\n+3 АВ\n-2 ДВ\n+10 Сопротивление теплу\n+10 Сопротивление холоду\n+400 репутация у черепах\nТы можешь напрячь свой панцирь, чтобы получить удвоенный бонус к АВ при штрафе -2 к ДВ, пока остаешься неподвижным.\n...(truncated)"
[03:35:13] [req:119] in en->ru: "You bear spade-like claws that can burrow through the earth.\n\nClaw penetration vs. walls: +3\nClaws destroy walls after 4 penetrating hits.\nClaws are also a short-blade class natural weapon that deal 1d2 base damage to non-walls."
[03:35:14] [req:120] in en->ru: "On the 1st of Shwut Ux, you arrive at the oasis-hamlet of Joppa, along the far rim of Moghra'yi, the Great Salt Desert.\n\nAll aраунд you, moisture farmers tend to groves of viridian watervine. There are huts wrought from rock salt and brin...(truncated)"
[03:35:15] [req:119] out: "Ты носишь лопатообразные когти, способные прорываться сквозь землю.\n\nПроникновение когтей в стены: +3\nКогти разрушают стены после 4 проникающих ударов.\nКогти также являются природным оружием класса «короткий клинок», наносящим 1к2 базов...(truncated)"
[03:35:15] [req:121] in en->ru: "Your face bears a sightly beak.\n\n+1 Ego\nYou occasionally peck at your opponents.\n+200 reputation with birds"
[03:35:17] [req:120] out: "В первый день Шуут Укс вы прибываете в оазисное поселение Джоппа, на дальнем краю Могхра'и, Великой Соляной Пустыни.\n\nВокруг вас фермеры-гидропоники ухаживают за рощами изумрудной водяной лианы. Из соли и соленого ствола сложены лачуги.\n...(truncated)"
[03:35:17] [req:121] out: "Твое лицо имеет слегка клювообразный вид.\n\n+1 Эго\nИногда ты клеку на своих противников.\n+200 репутация у птиц"
[03:35:18] [req:122] in en->ru: "Your face bears a sightly beak.\n\n+1 Ego\nYou occasionally peck at your opponents.\n+200 reputation с помощью birds"
[03:35:19] [req:122] out: "Твое лицо имеет слегка клювообразный вид.\n\n+1 Эго\nИногда ты клеку на своих противников.\n+200 репутация с помощью птиц"
[03:35:19] [req:123] in en->ru: "You regulate your body's release of adrenaline.\n\nYou can increase your body's adrenaline flow for 20 rounds.\nWhile it's flowing, you gain +10 quickness and other physical mutations gain +1 rank.\nCooldown: 200 rounds"
[03:35:21] [req:123] out: "Ты регулируешь выброс адреналина в организме.\n\nТы можешь повысить приток адреналина в свой организм на 20 раундов.\nПока он циркулирует, ты получаешь +10 ловкости, а другие физические мутации получают +1 уровень.\nПерезарядка: 200 раундов"
[03:35:21] [req:124] in en->ru: "You gain one extra mutation each time you buy this, but the mutations don't manifest right away.\nWhenever you gain a level, there's a 33% chance that your genome destabilizes and you get to choose from 3 random mutations."
[03:35:23] [req:124] out: "При покупке этого вы получаете одну дополнительную мутацию, но она не проявляется сразу.\nВсякий раз, когда вы повышаете уровень, есть 33% шанс, что ваш геном дестабилизируется, и вы сможете выбрать из 3 случайных мутаций."
[03:35:23] [req:125] in en->ru: "You only manifest mental mutations, and all of your mutation choices when manifesting a new mutation are mental."
[03:35:25] [req:125] out: "Ты проявляешь только ментальные мутации, и все твои выборы мутаций при проявлении новой мутации являются ментальными."
[03:35:25] [req:126] in en->ru: "Осталось очков: 12"
[03:35:26] [req:126] out: "Осталось очков: 12"
[03:35:26] [req:127] in en->ru: "Осталось очков: 9"
[03:35:27] [req:127] out: "Осталось очков: 9"
[03:35:27] [req:128] in en->ru: "[■][5]"
[03:35:27] [req:128] bypass: "[■][5]"
[03:35:27] [req:129] in en->ru: "Осталось очков: 44"
[03:35:28] [req:129] out: "Осталось очков: 44"
[03:35:28] [req:130] in en->ru: "Осталось очков: 43"
[03:35:29] [req:130] out: "Осталось очков: 43"
[03:35:29] [req:131] in en->ru: "Осталось очков: 42"
[03:35:30] [req:131] out: "Осталось очков: 42"
[03:35:30] [req:132] in en->ru: "Осталось очков: 41"
[03:35:31] [req:132] out: "Осталось очков: 41"
[03:35:32] [req:133] in en->ru: "Осталось очков:"
[03:35:32] [req:133] out: "Осталось очков:"
[03:35:32] [req:134] in en->ru: "Осталось очков: 39"
[03:35:33] [req:134] out: "Осталось очков: 39"
[03:35:33] [req:135] in en->ru: "Осталось очков: 37"
[03:35:34] [req:135] out: "Осталось очков: 37"
[03:35:34] [req:136] in en->ru: "Осталось очков: 36"
[03:35:35] [req:136] out: "Осталось очков: 36"
[03:35:35] [req:137] in en->ru: "Осталось очков: 35"
[03:35:36] [req:137] out: "Осталось очков: 35"
[03:35:36] [req:138] in en->ru: "Осталось очков: 34"
[03:35:37] [req:138] out: "Осталось очков: 34"
[03:35:37] [req:139] in en->ru: "Осталось очков: 33"
[03:35:38] [req:139] out: "Осталось очков: 33"
[03:35:38] [req:140] in en->ru: "Осталось очков: 32"
[03:35:39] [req:140] out: "Осталось очков: 32"
[03:35:39] [req:141] in en->ru: "Осталось очков: 31"
[03:35:40] [req:141] out: "Осталось очков: 31"
[03:35:40] [req:142] in en->ru: "Осталось очков: 30"
[03:35:42] [req:142] out: "Осталось очков: 30"
[03:35:42] [req:143] in en->ru: "Points Remaining: 10"
[03:35:42] [req:143] out: "Осталось очков:"
[03:35:42] [req:144] in en->ru: "Points Remaining: 8"
[03:35:43] [req:144] out: "Осталось очков: 8"
[03:35:43] [req:145] in en->ru: "Осталось очков: 1"
[03:35:44] [req:145] out: "Осталось очков: 1"
[03:35:44] [req:146] in en->ru: "Strength: 18\nAgility: 12\nToughness: 16\nIntelligence: 22\nWillpower: 18\nEgo: 16"
[03:35:46] [req:146] out: "Сила: 18\nЛовкость: 12\nВыносливость: 16\nИнтеллект: 22\nВоля: 18\nЭго: 16"
[03:35:46] [req:147] in en->ru: "Domination \nEgo Projection \nStunning Force"
[03:35:47] [req:147] out: "Доминирование\nПроекция Эго\nОшеломляющая Сила"
[03:35:47] [req:148] in en->ru: "[ Creating World ]"
[03:35:47] [req:148] bypass: "[ Creating World ]"
[03:35:47] [req:149] in en->ru: ""Оно горит!""
[03:35:48] [req:149] out: "Горит!"
[03:35:48] [req:150] in en->ru: "- Ученик Арджива"
[03:35:49] [req:150] out: "Ученик Арджива"
[03:35:49] [req:151] in en->ru: "QN: 100"
[03:35:50] [req:151] out: "100"
[03:35:50] [req:152] in en->ru: "MS: 100"
[03:35:51] [req:152] out: "МС: 100"
[03:35:51] [req:153] in en->ru: "AV: 2"
[03:35:52] [req:153] out: "Уровень АВ: 2"
[03:35:52] [req:154] in en->ru: "DV: 3"
[03:35:53] [req:154] out: "ДВ: 3"
[03:35:53] [req:155] in en->ru: "MA: 5"
[03:35:54] [req:155] out: "МА: 5"
[03:35:54] [req:156] in en->ru: "Sated Quenched"
[03:35:55] [req:156] out: "Насыщен"
[03:35:55] [req:157] in en->ru: "Harvest Dawn 1st of Shwut Ux"
[03:35:56] [req:157] out: "Сбор Рассвета, 1-е из Швут Укс"
[03:35:56] [req:158] in en->ru: "38/270# 32$"
[03:35:57] [req:158] out: "38/270# 32$"
[03:35:57] [req:159] in en->ru: "HP: 16 / 16"
[03:35:58] [req:159] out: "Здоровье: 16 / 16"
[03:35:58] [req:160] in en->ru: "Momoojr"
[03:35:59] [req:160] out: "Момуджр"
[03:35:59] [req:161] in en->ru: "[Нет]"
[03:35:59] [req:161] bypass: "[Нет]"
[03:35:59] [req:162] in en->ru: "Sprint [off] <1>"
[03:36:00] [req:162] out: "Спринт [выкл.] <1>"
[03:36:00] [req:163] in en->ru: "Make Camp <2>"
[03:36:01] [req:163] out: "Разбить лагерь у {{<2>}}"
[03:36:01] [req:164] in en->ru: "Dismember <3>"
[03:36:02] [req:164] out: "Разобрать на куски"
[03:36:02] [req:165] in en->ru: "Charge <4>"
[03:36:03] [req:165] out: "Зарядить <4>"
[03:36:03] [req:166] in en->ru: "Butcher Corpses [on] <5>"
[03:36:04] [req:166] out: "Трупы мясников [на] <5>"
[03:36:04] [req:167] in en->ru: "Dominate Creature <6>"
[03:36:05] [req:167] out: "Доминировать над существом"
[03:36:05] [req:168] in en->ru: "Boost Strength <7>"
[03:36:06] [req:168] out: "Усилить Силу <7>"
[03:36:06] [req:169] in en->ru: "Boost Agility <8>"
[03:36:06] [req:169] out: "Повысить Ловкость <8>"
[03:36:06] [req:170] in en->ru: "Boost Toughness <9>"
[03:36:07] [req:170] out: "Повысить выносливость <9>"
[03:36:07] [req:171] in en->ru: "Stunning Force <0>"
[03:36:08] [req:171] out: "Потрясающая сила"
[03:36:08] [req:172] in en->ru: "Welcome a-Joppa, friend. Stay peacelike, and we stay friends, hyeh? You make trouble, it’s my work a-split you open like a croc."
[03:36:10] [req:172] out: "Добро пожаловать, а-Джоппа, друг. Будь мирным, и мы останемся друзьями, хье? Если ты наделаешь проблем, это моя работа — расколоть тебя как крокодила."
[03:36:10] [req:173] in en->ru: "Big Yrame shifts her weight between hind and forelegs. She shakes a storm of rust dander from the tines of her great horns, and she blows a halo of freezing air from her rime-veined hands.\n-----\nLoved by the Fellowship of Wardens.\n\nAdmi...(truncated)"
[03:36:12] [req:173] out: "Биг Ярэ смещает вес между задними и передними ногами. Она стряхивает бурю ржавого налета с зубцов своих огромных рогов и выдыхает ореол ледяного воздуха из своих прожилками инея рук.\n-----\nЛюбима Орденом Стражей.\nВосхищаются ею деревенск...(truncated)"
[03:37:08] [req:174] in en->ru: "Marshes be generous."
[03:37:09] [req:174] out: "Марши будь щедры."
[03:37:09] [req:175] in en->ru: "фермер"
[03:37:09] [req:175] out: "крестьянин"
[03:37:09] [req:176] in en->ru: "[1] Let's trade. [begin trade]"
[03:37:10] [req:176] out: "Давай обменяемся."
[03:37:10] [req:177] in en->ru: "[2] My services are available if you have work to offer."
[03:37:12] [req:177] out: "Мои услуги доступны, если у вас есть работа предложить."
[03:37:12] [req:178] in en->ru: "The tatters of a sweat-stained kufiya thrash in the wind from where they hang about the farmer's neck. Clasped in her gnarled, brown hand is a curved vinereaper of iron with which she culls moisture-swollen wafers from the viridian plant ca...(truncated)"
[03:37:14] [req:178] out: "Оторванные клочья пропитанной потом куфии хлещут на ветру с шеи фермерши. В её узловатой, коричневой руке зажат изогнутый железный виньепер, которым она срезает разбухшие от влаги лепестки изумрудного растения под названием водяная лиана.\n...(truncated)"
[03:37:14] [req:179] in en->ru: "watervine farmer\nNeutral, Average"
[03:37:15] [req:179] out: "фермер водяной лианы"
[03:37:15] [req:180] in en->ru: "[2] Is there work around here?"
[03:37:16] [req:180] out: "Есть здесь обходной путь?"
[03:37:16] [req:181] in en->ru: "[2] Is there work aраунд here?"
[03:37:17] [req:181] out: "Есть тут обходной путь?"
[03:37:44] [req:182] in en->ru: "30#"
[03:37:45] [req:182] out: "30#"
[03:37:45] [req:183] in en->ru: "[o]"
[03:37:45] [req:183] bypass: "[o]"
[03:37:45] [req:184] in en->ru: "124.00 drams →"
[03:37:46] [req:184] out: "124.00 драмов"
[03:37:46] [req:185] in en->ru: "33#"
[03:37:47] [req:185] out: "33#"
[03:37:47] [req:186] in en->ru: "← 931.36 drams"
[03:37:48] [req:186] out: "← 931.36 драмов"
[03:37:48] [req:187] in en->ru: "$122"
[03:37:49] [req:187] out: "122"
[03:37:49] [req:188] in en->ru: "[-] Food"
[03:37:50] [req:188] out: "Еда"
[03:37:50] [req:189] in en->ru: "vinewafer sheaf [3 servings]"
[03:37:51] [req:189] out: "связка виневафера [3 порции]"
[03:37:51] [req:190] in en->ru: "bear jerky [8 servings]"
[03:37:52] [req:190] out: "вяленое мясо медведя"
[03:37:52] [req:191] in en->ru: "[-] Light Sources"
[03:37:53] [req:191] out: "Источники света"
[03:37:53] [req:192] in en->ru: "torch x8 (unburnt)"
[03:37:54] [req:192] out: "Торч х8 (необожженный)"
[03:37:54] [req:193] in en->ru: "[-] Meds"
[03:37:55] [req:193] out: "Медикаменты"
[03:37:55] [req:194] in en->ru: "witchwood bark x3"
[03:37:56] [req:194] out: "Кора ведьмика х3"
[03:37:56] [req:195] in en->ru: "[-] Water Containers"
[03:37:56] [req:195] out: "Водные контейнеры"
[03:37:56] [req:196] in en->ru: "waterskin [empty]"
[03:37:57] [req:196] out: "бутылка воды [пустая]"
[03:37:57] [req:197] in en->ru: "0.00 drams →"
[03:37:58] [req:197] out: "0.00 драмов"
[03:37:58] [req:198] in en->ru: "← 0.00 drams"
[03:37:59] [req:198] out: "← 0.00 драмов"
[03:37:59] [req:199] in en->ru: "$0"
[03:38:00] [req:199] out: "Неизвестный символ"
[03:38:00] [req:200] in en->ru: "$32 | 38/270 lbs."
[03:38:01] [req:200] out: "32 | 38/270 фунтов."
[03:38:01] [req:201] in en->ru: "sort: a-z/by class"
[03:38:02] [req:201] out: "Сортировать: а-я / по классу"
[03:38:02] [req:202] in en->ru: "vendor actions"
[03:38:03] [req:202] out: "действия торговца"
[03:38:03] [req:203] in en->ru: "add one"
[03:38:04] [req:203] out: "добавить один"
[03:38:04] [req:204] in en->ru: "remove one"
[03:38:05] [req:204] out: "удалить один"
[03:38:05] [req:205] in en->ru: "[Tab]"
[03:38:05] [req:205] bypass: "[Tab]"
[03:38:05] [req:206] in en->ru: "toggle all"
[03:38:05] [req:206] out: "переключить всё"
[03:38:06] [req:207] in en->ru: "0# $0.03"
[03:38:07] [req:207] out: "0# $0.03"
[03:38:07] [req:208] in en->ru: "Уксусный нож"
[03:38:08] [req:208] out: "Уксусный нож"
[03:38:08] [req:209] in en->ru: "[2] Do you have work that needs doing?"
[03:38:09] [req:209] out: "У тебя есть работа, которую нужно сделать?"
[03:38:09] [req:210] in en->ru: "0.00 драмов"
[03:38:09] [req:211] in en->ru: "The way is blocked by a brinestalk fence."
[03:38:10] [req:210] out: "0.00 драмов"
[03:38:10] [req:211] out: "Путь заблокирован забором из соленого пня."
[03:38:13] [req:212] in en->ru: "Don't want trouble."
[03:38:14] [req:212] out: "Не хочу проблем."
[03:38:16] [req:213] in en->ru: "The tatters of a sweat-stained kufiya thrash in the wind from where they hang about the farmer's neck. Clasped in his gnarled, brown hand is a curved vinereaper of iron with which he culls moisture-swollen wafers from the viridian plant cal...(truncated)"
[03:38:18] [req:213] out: "Обрывки пропитанной потом куфии хлещут на ветру с шеи фермера. В его узловатой, коричневой руке зажат изогнутый железный виньепер, которым он срезает разбухшие от влаги лепестки из изумрудного растения под названием водяная лиана.\n\nСнаряж...(truncated)"
[03:38:33] [req:214] in en->ru: "← 0.00 драмов"
[03:38:34] [req:214] out: "← 0.00 драмов"
[03:38:34] [req:215] in en->ru: "Неизвестный символ"
[03:38:34] [req:215] out: "Неизвестный символ"
[03:38:34] [req:217] in en->ru: "0# $0.03"
[03:38:34] [req:217] cache-hit: "0# $0.03"
[03:38:37] [req:218] in en->ru: "Find Argyve, in his workshop to the west, or Mehmet, by the watervine patch to the southwest."
[03:38:38] [req:218] out: "Найдите Аргива в его мастерской к западу или Мехмета у зарослей водяной лилии к юго-западу."
[03:38:38] [req:219] in en->ru: "[1] Thank you. I have more to ask."
[03:38:39] [req:219] out: "Спасибо. У меня есть ещё вопросы."
[03:38:39] [req:220] in en->ru: "[2] Live and drink. [End]"
[03:38:40] [req:220] out: "Живи и пей."
[03:38:59] [req:221] in en->ru: "MS: 80"
[03:39:00] [req:221] out: "МС: 80"
[03:39:00] [req:222] in en->ru: "ø"
[03:39:01] [req:222] out: "ø"
[03:39:01] [req:223] in en->ru: "ú"
[03:39:01] [req:224] in en->ru: "The way is blocked by a rusted metal wall."
[03:39:01] [req:223] out: "ú"
[03:39:03] [req:224] out: "Путь заблокирован ржавой металлической стеной."
[03:39:04] [req:225] in en->ru: "ú"
[03:39:04] [req:225] cache-hit: "ú"
[03:39:04] [req:226] in en->ru: "ø"
[03:39:04] [req:226] cache-hit: "ø"
[03:39:04] [req:227] in en->ru: "ø"
[03:39:04] [req:227] cache-hit: "ø"
[03:39:05] [req:228] in en->ru: "*stares at you unblinking*"
[03:39:06] [req:228] out: "*смотрит на тебя немигающим взглядом*"
[03:39:06] [req:229] in en->ru: "wet glowfish [swimming]"
[03:39:07] [req:229] out: "влажный светящийся рыбешка [плавает]"
[03:39:07] [req:230] in en->ru: "[2] Live and drink, aquafriend. [End]"
[03:39:07] [req:230] out: "Живи и пей, друг воды."
[03:39:08] [req:231] in en->ru: "bite"
[03:39:09] [req:231] out: "укусить"
[03:39:10] [req:232] in en->ru: "Luminescent flecks flit beneath the water's surface.\n\nBase demeanor: docile\n\nPhysical features: укусить\n\nPerfect"
[03:39:11] [req:232] out: "Светящиеся искорки порхают под поверхностью воды."
[03:39:11] [req:233] in en->ru: "wet glowfish [swimming]\nNeutral, Average"
[03:39:12] [req:233] out: "влажный светящийся рыбешка [плавает]"
[03:39:14] [req:234] in en->ru: "The wet glowfish has nothing to trade."
[03:39:15] [req:234] out: "Мокрый светящийся рыбешка ничего не имеет для обмена."
[03:39:15] [req:235] in en->ru: "Мокрый светящийся рыбешка ничего не имеет для обмена."
[03:39:17] [req:235] out: "Светящаяся мокрая рыбка ничем не годится для обмена."
[03:39:25] [req:236] in en->ru: "Waxing Salt Sun 1st of Shwut Ux"
[03:39:26] [req:236] out: "Восход Соляного Солнца, 1-е число Шуут Укс"
[03:39:42] [req:237] in en->ru: "*soft growling*"
[03:39:43] [req:238] in en->ru: "Ctesiphus has nothing to trade."
[03:39:44] [req:237] out: "*тихое рычание*"
[03:39:44] [req:239] in en->ru: "Ктесифус"
[03:39:45] [req:238] out: "Ктесиф не имеет ничего для обмена."
[03:39:45] [req:239] out: "Ктесифус"
[03:39:45] [req:240] in en->ru: "Ктесиф не имеет ничего для обмена."
[03:39:46] [req:240] out: "Ктесиф не имеет ничего для обмена."
[03:39:51] [req:241] in en->ru: "claw"
[03:39:52] [req:241] out: "коготь"
[03:39:52] [req:242] in en->ru: "One star-ribboned night, a ray cat crossed the marshy loam and wandered into Joppa. The watervine farmers, wakened by the joyful cries of a small girl, gathered around to revel at the favorable omen and extol the generosity of the Beetle Mo...(truncated)"
[03:39:55] [req:242] out: "В одну звёздно-перевязанную ночь рыжий кот пересек болотистую жижу и забрел в Иоппу. Фермеры, выращивающие водяные лианы, разбуженные радостными криками маленькой девочки, собрались вокруг, чтобы отпраздновать благоприятный знак и превознес...(truncated)"
[03:39:55] [req:243] in en->ru: "Ctesiphus\nNeutral, Average"
[03:39:56] [req:243] out: "Ктесиф"
[03:40:12] [req:244] in en->ru: "*Yrame grunts.*"
[03:40:13] [req:244] out: "Ярме кряхтит."
[03:40:20] [req:245] in en->ru: "Friendly, Average"
[03:40:20] [req:245] out: "Дружелюбный"
[03:40:20] [req:246] in en->ru: "It's you.\n\nEquipped: Мехи, факел, Топор бронзового боя"
[03:40:22] [req:246] out: "Это ты.\n\nСнаряжено: Мехи, факел, Топор бронзового боя"
[03:40:22] [req:247] in en->ru: "Perfect"
[03:40:22] [req:247] out: "Идеально"
[03:40:33] [req:248] in en->ru: "High Salt Sun 1st of Shwut Ux"
[03:40:34] [req:248] out: "Солнце Высокой Соли, 1-е от Швута Укс"
[03:40:37] [req:249] in en->ru: "Moon and sun."
[03:40:38] [req:249] out: "Луна и солнце."
[03:40:48] [req:250] in en->ru: "The watervine farmer pets Ctesiphus."
[03:40:49] [req:250] out: "Фермер водяных лиан гладит Ктесифуса."
[03:40:49] [req:251] in en->ru: "The watervine farmer starts to glow."
[03:40:50] [req:251] out: "Фермер водяной лианы начинает светиться."
[03:40:54] [req:252] in en->ru: "Waning Salt Sun 1st of Shwut Ux"
[03:40:55] [req:252] out: "Угасающее Соленое Солнце, 1-е Швут Укс"
[03:40:58] [req:253] in en->ru: "Live and drink, yonderling."
[03:40:59] [req:253] out: "Живи и пей, чужак."
[03:41:36] [req:254] in en->ru: "Warden Yrame has nothing to trade."
[03:41:37] [req:254] out: "Страж Яраме нечего обменять."
[03:41:37] [req:255] in en->ru: "Страж Яраме нечего обменять."
[03:41:38] [req:255] out: "Страж Яраме ничего не имеет для обмена."
[03:41:42] [req:256] in en->ru: "Nigh every settlement a-Qud keeps a Warden. We snuff threats to the peace."
[03:41:43] [req:256] out: "В каждом поселении А-Куда есть Страж. Мы гасим угрозы миру."
[03:41:52] [req:257] in en->ru: "Called Yrame, Warden a-Joppa. I kill trouble. Don't be trouble."
[03:41:54] [req:257] out: "Звали меня Яраме, Страж а-Джоппы. Я убиваю неприятности. Не будь неприятностью."
[03:41:54] [req:258] in en->ru: "[1] What is a Warden?"
[03:41:55] [req:258] out: "Что такое Страж?"
[03:42:40] [gemma-server] sqlite cache: C:\Users\Spark-PC\AppData\LocalLow\Freehold Games\CavesOfQud\Mods\CoQ-translater\gemma_translate_cache.db
[03:42:40] [gemma-server] backend: http://127.0.0.1:1234/v1
[03:42:40] [gemma-server] model: google/gemma-4-e4b
[03:42:40] [gemma-server] ready on http://127.0.0.1:5005
[03:42:54] [req:1] in en->ru: "wet glowfish [swimming]\nNeutral, Average"
[03:42:54] [req:1] cache-hit: "влажный светящийся рыбешка [плавает]"
[03:43:15] [gemma-server] sqlite cache: C:\Users\Spark-PC\AppData\LocalLow\Freehold Games\CavesOfQud\Mods\CoQ-translater\gemma_translate_cache.db
[03:43:15] [gemma-server] backend: http://127.0.0.1:1234/v1
[03:43:15] [gemma-server] model: google/gemma-4-e4b
[03:43:15] [gemma-server] ready on http://127.0.0.1:5005
[03:43:23] [req:1] in en->ru: "wet glowfish [swimming]\nNeutral, Average"
[03:43:24] [req:1] out: "влажный светящийся рыбешка [плавает]"
[03:43:30] [req:2] in en->ru: "38/270 lbs."
[03:43:31] [req:2] out: "38/270 фунтов."
[03:43:31] [req:3] in en->ru: "a)"
[03:43:32] [req:3] out: "а)"
[03:43:32] [req:4] in en->ru: "[0 lbs.]"
[03:43:32] [req:4] bypass: "[0 lbs.]"
[03:43:32] [req:5] in en->ru: "b)"
[03:43:33] [req:5] out: "б)"
[03:43:33] [req:6] in en->ru: "|8 lbs.|"
[03:43:34] [req:6] out: "8 фунтов."
[03:43:34] [req:7] in en->ru: "c)"
[03:43:35] [req:7] out: "к)"
[03:43:35] [req:8] in en->ru: "[8 lbs.]"
[03:43:35] [req:8] bypass: "[8 lbs.]"
[03:43:35] [req:9] in en->ru: "f)"
[03:43:36] [req:9] out: "ф)"
[03:43:36] [req:10] in en->ru: "|3 lbs.|"
[03:43:36] [req:10] out: "3 фунта."
[03:43:36] [req:11] in en->ru: "g)"
[03:43:37] [req:11] out: "г)"
[03:43:37] [req:12] in en->ru: "[3 lbs.]"
[03:43:37] [req:12] bypass: "[3 lbs.]"
[03:43:37] [req:13] in en->ru: "h)"
[03:43:38] [req:13] out: "г)"
[03:43:38] [req:14] in en->ru: "i)"
[03:43:39] [req:14] out: "и)"
[03:43:39] [req:15] in en->ru: "[1 lbs.]"
[03:43:39] [req:15] bypass: "[1 lbs.]"
[03:43:39] [req:16] in en->ru: "j)"
[03:43:40] [req:16] out: "ж)"
[03:43:40] [req:17] in en->ru: "k)"
[03:43:41] [req:17] out: "к)"
[03:43:59] [gemma-server] sqlite cache: C:\Users\Spark-PC\AppData\LocalLow\Freehold Games\CavesOfQud\Mods\CoQ-translater\gemma_translate_cache.db
[03:43:59] [gemma-server] backend: http://127.0.0.1:1234/v1
[03:43:59] [gemma-server] model: google/gemma-4-e4b
[03:43:59] [gemma-server] ready on http://127.0.0.1:5005
[03:44:09] [req:1] in en->ru: "wet glowfish [swimming]\nNeutral, Average"
[03:44:12] [req:1] out: "влажный светящийся рыбешка [плавает]\nНейтральный, Средний"
[03:50:13] [req:2] in en->ru: "PgUp"
[03:50:14] [req:2] out: "Вверх"
[03:50:14] [req:3] in en->ru: "PgDown"
[03:50:15] [req:3] out: "Вниз"
[03:50:15] [req:4] in en->ru: "Home"
[03:50:15] [req:4] out: "Главная"
[03:50:15] [req:5] in en->ru: "End"
[03:50:16] [req:5] out: "Конец"
[03:50:16] [req:6] in en->ru: "Insert"
[03:50:17] [req:6] out: "Вставить"
[03:50:17] [req:7] in en->ru: "NumEnter"
[03:50:18] [req:7] out: "Номер ввода"
[03:50:18] [req:8] in en->ru: "Dehydrated, Hungry"
[03:50:19] [req:8] out: "Обезвожен, Голодный"
[03:50:19] [req:9] in en->ru: "[arrows] nav"
[03:50:20] [req:9] out: "Навигация"
[03:50:20] [req:10] in en->ru: "SP: 99"
[03:50:20] [req:10] out: "СП: 99"
[03:50:20] [req:11] in en->ru: "MO: 99"
[03:50:21] [req:11] out: "МО: 99"
[03:50:22] [req:12] in en->ru: "AV: 99"
[03:50:22] [req:12] out: "Уровень атаки: 99"
[03:50:22] [req:13] in en->ru: "DV: 99"
[03:50:23] [req:13] out: "ДВ: 99"
[03:50:23] [req:14] in en->ru: "MA: 99"
[03:50:24] [req:14] out: "МА: 99"
[03:50:24] [req:15] in en->ru: "Loading Naming.xml"
[03:50:25] [req:15] out: "Загрузка Naming.xml"
[03:50:25] [req:16] in en->ru: "Loading object blueprints"
[03:50:26] [req:16] out: "Загрузка чертежей объектов"
[03:50:26] [req:17] in en->ru: "Loading Mutations.xml"
[03:50:27] [req:17] out: "Загрузка Mutations.xml"
[03:50:27] [req:18] in en->ru: "Initialize tinkering"
[03:50:28] [req:18] out: "Инициализировать ковыряние"
[03:50:28] [req:19] in en->ru: "*The ink is faded beyond legibility*"
[03:50:29] [req:19] out: "Чернила выцвели до неузнаваемости"
[03:50:29] [req:20] in en->ru: "Loading ZoneTemplates.xml"
[03:50:30] [req:20] out: "Загрузка шаблонов зон."
[03:50:30] [req:21] in en->ru: "Loading Quests.xml"
[03:50:31] [req:21] out: "Загрузка Quests.xml"
[03:50:31] [req:22] in en->ru: "Loading BuildingTiles.txt"
[03:50:32] [req:22] out: "Загрузка файлов плиток зданий."
[03:50:32] [req:23] in en->ru: "Loading Conversations.xml"
[03:50:32] [req:23] out: "Загрузка Conversations.xml"
[03:50:32] [req:24] in en->ru: "Продолжить"
[03:50:33] [req:24] out: "Продолжить"
[03:50:33] [req:25] in en->ru: "High Scores"
[03:50:34] [req:25] out: "Рекорды"
[03:50:34] [req:26] in en->ru: "[?] Help"
[03:50:34] [req:26] out: "На помощь"
[03:50:35] [req:27] in en->ru: "Redeem Code"
[03:50:35] [req:27] out: "Активировать код"
[03:50:35] [req:28] in en->ru: "Dromad Edition"
[03:50:36] [req:28] out: "Издание Дромада"
[03:50:36] [req:29] in en->ru: "Caves of Qud"
[03:50:37] [req:29] out: "Пещеры Куда"
[03:50:37] [req:30] in en->ru: "2.0.210.24"
[03:50:38] [req:30] out: "2.0.210.24"
[03:50:38] [req:31] in en->ru: "Copyright (c) Freehold Games(tm)"
[03:50:39] [req:31] out: "© Copyright (c) Freehold Games™"
[03:50:39] [req:32] in en->ru: "1.0.4\nbuild 2.0.210.24"
[03:50:40] [req:32] out: "1.0.4\nсборка 2.0.210.24"
[03:50:40] [req:33] in en->ru: "[Space]"
[03:50:40] [req:33] bypass: "[Space]"
[03:50:40] [req:34] in en->ru: "[Esc]"
[03:50:40] [req:34] bypass: "[Esc]"
[03:50:40] [req:35] in en->ru: "Loading PronounSets.xml"
[03:50:41] [req:35] out: "Загрузка PronounSets.xml"
[03:50:41] [req:36] in en->ru: "ù Большинство существ изначально нейтральны к вам.\nù Нет опыта за убийства.\nù Больше опыта за открытия и ритуал воды.\nù Контрольные точки в поселениях."
[03:50:43] [req:36] out: "Большинство существ поначалу нейтральны к вам.\nНет опыта за убийства.\nБольше опыта за открытия и ритуал воды.\nКонтрольные точки в поселениях."
[03:50:43] [req:37] in en->ru: "ù Одна попытка с фиксированным персонажем и сидом мира.\nù Сейчас день 104 из 2026."
[03:50:44] [req:37] out: "Одна попытка с зафиксированным персонажем и сидом мира.\nСейчас день 104 из 2026."
[03:50:44] [req:38] in en->ru: "Choose Game Mode"
[03:50:45] [req:38] out: "Выбрать режим игры"
[03:50:45] [req:39] in en->ru: "[К]"
[03:50:45] [req:39] bypass: "[К]"
[03:50:45] [req:40] in en->ru: "[Esc] Back"
[03:50:46] [req:40] out: "[⌢] Назад"
[03:50:46] [req:41] in en->ru: "Select Character Option"
[03:50:47] [req:41] out: "Выбрать опцию персонажа"
[03:50:47] [req:42] in en->ru: "Choose Genotype"
[03:50:48] [req:42] out: "Выбрать генотип"
[03:50:48] [req:43] in en->ru: "[Удалить]"
[03:50:48] [req:43] bypass: "[Удалить]"
[03:50:48] [req:44] in en->ru: "Reset Selection"
[03:50:48] [req:44] out: "Сбросить выбор"
[03:50:48] [req:45] in en->ru: "[Num 9] Next"
[03:50:49] [req:45] out: "Следующий"
[03:50:49] [req:46] in en->ru: "optical bioscanner (Face)"
[03:50:50] [req:46] out: "оптический биосканер (Лицо)"
[03:50:50] [req:47] in en->ru: "optical technoscanner (Face)"
[03:50:51] [req:47] out: "оптический техносканер (Лицо)"
[03:50:51] [req:48] in en->ru: "dermal insulation (Body)"
[03:50:52] [req:48] out: "Кожный изолятор (Тело)"
[03:50:52] [req:49] in en->ru: "dermal insulation (Head)"
[03:50:53] [req:49] out: "кожная изоляция (Голова)"
[03:50:53] [req:50] in en->ru: "dermal insulation (Back)"
[03:50:54] [req:50] out: "кожная изоляция (Спина)"
[03:50:54] [req:51] in en->ru: "night vision (Face)"
[03:50:55] [req:51] out: "Ночное зрение (Лицо)"
[03:50:55] [req:52] in en->ru: "hyper-elastic ankle tendons (Feet)"
[03:50:56] [req:52] out: "гиперэластичные ахилловы сухожилия (Стопы)"
[03:50:56] [req:53] in en->ru: "parabolic muscular subroutine (Arm)"
[03:50:57] [req:53] out: "параболический мышечный подпробег (Рука)"
[03:50:57] [req:54] in en->ru: "translucent skin (Body)"
[03:50:58] [req:54] out: "полупрозрачная кожа"
[03:50:58] [req:55] in en->ru: "translucent skin (Back)"
[03:50:58] [req:55] out: "полупрозрачная кожа (Спина)"
[03:50:58] [req:56] in en->ru: "stabilizer arm locks (Arm)"
[03:50:59] [req:56] out: "стабилизаторная рука блокируется (Рука)"
[03:51:00] [req:57] in en->ru: "rapid release finger flexors (Hands)"
[03:51:01] [req:57] out: "быстрые сгибатели пальцев (Руки)"
[03:51:01] [req:58] in en->ru: "carbide hand bones (Hands)"
[03:51:01] [req:58] out: "Карбидные кости рук"
[03:51:01] [req:59] in en->ru: "pentaceps (Feet)"
[03:51:02] [req:59] out: "пентацепсы (футы)"
[03:51:02] [req:60] in en->ru: "inflatable axons (Head)"
[03:51:03] [req:60] out: "надувные аксоны (Голова)"
[03:51:03] [req:61] in en->ru: "<none>"
[03:51:04] [req:61] out: "Нет данных для перевода."
[03:51:04] [req:62] in en->ru: "Cybernetics"
[03:51:04] [req:62] out: "Кибернетика"
[03:51:04] [req:63] in en->ru: "A minuscule graphene array that processes optical data against a repository of organic lifeforms.\n\nYou gain access to the precise hit point, armor, and dodge values of biological creatures."
[03:51:06] [req:63] out: "Микроскопический массив графена, обрабатывающий оптические данные по репозиторию органических форм жизни.\n\nВы получаете доступ к точным значениям хита, брони и уклонения биологических существ."
[03:51:06] [req:64] in en->ru: "ù Mutations\nù Moderate starting attributes\nù -600 reputation with the Putus Templar\nù Мутации\nù Умеренные начальные атрибуты\nù -600 репутации с Путус Темпларами"
[03:51:13] [req:64] out: "Мутации\nУмеренные начальные атрибуты\nрепутация с Путус Темпларами: -600\nМутации\nУмеренные стартовые характеристики\n—600 очков репутации у Храмовников Путуса"
[03:51:13] [req:65] in en->ru: "ù High starting attributes\nù Access to cybernetics\nù 20 bonus skill points each level\nù Bonus resistances based on arcology of origin\nù May rebuke robots\nù Высокие начальные атрибуты\nù Доступ к кибернетике\nù 20 бонусных очков навыков...(truncated)"
[03:51:27] [req:65] out: "Высокие стартовые атрибуты\nДоступ к кибернетике\n20 бонусных очка навыков за каждый уровень\nБонусные сопротивления в зависимости от аркология происхождения\nУпрекни роботов\nВысокие стартовые атрибуты\nДоступ к кибернетике\nПолучите 20 бо...(truncated)"
[03:51:27] [req:66] in en->ru: "Calling"
[03:51:28] [req:66] out: "Звонит"
[03:51:28] [req:67] in en->ru: "Loading Skills.xml"
[03:51:29] [req:67] out: "Загрузка Skills.xml"
[03:51:29] [req:68] in en->ru: "ù +2 Ego\nù Customs and Folklore\nù Intimidate\nù Proselytize"
[03:51:33] [req:68] out: "Эго +2\nОбычаи и фольклор\nЗапугать\nПроповедовать"
[03:51:33] [req:69] in en->ru: "ù +2 Agility\nù Short Blade\nù Tinkering\n  ù Scavenger\nù Acrobatics\n  ù Spry\nù Starts with random junk and artifacts"
[03:51:35] [req:69] out: "у +2 Ловкость\n* Короткий клинок\n* Кудесёрство\n  * Мусорщик\n* Акробатика\n  * Шустрый\n* Начинает со случайным хламом и артефактами"
[03:51:35] [req:70] in en->ru: "ù +2 Agility\nù Short Blade\nù Tinkering\n  ù Scavenger\nù Acrobatics\n  ù Spry\nù Starts с помощью random junk and artifacts"
[03:51:37] [req:70] out: "увеличение Ловкости на 2\nКороткий клинок\nТинкеринг\n  Сборщик мусора\nАкробатика\n  Ловкий\nНачинает с помощью случайного хлама и артефактов"
[03:51:37] [req:71] in en->ru: "ù -1 Strength\nù +3 Willpower\nù Cudgel\nù Berate\nù Calloused\nù +100 reputation with bears"
[03:51:39] [req:71] out: "ù -1 Сила\nù +3 Воля\nù Дубинка\nù Вычитать\nù Огрубевший\nù +100 репутация у медведей"
[03:51:39] [req:72] in en->ru: "Adrenal Control"
[03:51:40] [req:72] out: "Адреналиновый контроль"
[03:51:40] [req:73] in en->ru: "You regulate your body's release of adrenaline.\n\nYou can increase your body's adrenaline flow for 20 rounds.\nWhile it's flowing, you gain +10 quickness and other physical mutations gain +1 rank.\nCooldown: 200 rounds"
[03:51:42] [req:73] out: "Ты регулируешь выброс адреналина в организме.\n\nТы можешь повысить приток адреналина в свой организм на 20 раундов.\nПока он циркулирует, ты получаешь +10 ловкости, а другие физические мутации получают +1 уровень.\nПерезарядка: 200 раундов"
[03:51:42] [req:74] in en->ru: "Points Remaining: 12"
[03:51:43] [req:74] out: "Осталось очков: 12"
[03:51:43] [req:77] in en->ru: "Reset Selection"
[03:51:43] [req:77] cache-hit: "Сбросить выбор"
[03:51:43] [req:79] in en->ru: "Beak [V]"
[03:51:44] [req:79] out: "Клюв"
[03:51:44] [req:80] in en->ru: "Your face bears a sightly beak.\n\n+1 Ego\nYou occasionally peck at your opponents.\n+200 reputation with birds"
[03:51:46] [req:80] out: "Твое лицо имеет слегка клювообразный вид.\n\n+1 Эго\nИногда ты клекушь на своих противников.\n+200 репутация у птиц"
[03:51:46] [req:81] in en->ru: "Your face bears a sightly beak.\n\n+1 Ego\nYou occasionally peck at your opponents.\n+200 reputation с помощью birds"
[03:51:47] [req:81] out: "Твое лицо имеет слегка клювообразный вид.\n\n+1 Эго\nИногда ты клеку на своих противников.\n+200 репутация с помощью птиц"
[03:51:47] [req:82] in en->ru: "[М]"
[03:51:47] [req:82] bypass: "[М]"
[03:51:47] [req:83] in en->ru: "Choose Variant"
[03:51:48] [req:83] out: "Выбрать вариант"
[03:51:48] [req:84] in en->ru: "Burrowing Claws"
[03:51:49] [req:84] out: "Когти-крот"
[03:51:49] [req:85] in en->ru: "You bear spade-like claws that can burrow through the earth.\n\nClaw penetration vs. walls: +3\nClaws destroy walls after 4 penetrating hits.\nClaws are also a short-blade class natural weapon that deal 1d2 base damage to non-walls."
[03:51:51] [req:85] out: "Ты носишь лопатообразные когти, способные прорываться сквозь землю.\n\nПроникновение когтей в стены: +3\nКогти разрушают стены после 4 проникающих ударов.\nКогти также являются природным оружием класса «короткий клинок», наносящим 1к2 базов...(truncated)"
[03:51:51] [req:86] in en->ru: "Carapace"
[03:51:52] [req:86] out: "Панцирь"
[03:51:52] [req:87] in en->ru: "You are protected by a durable carapace.\n\n+3 AV\n-2 DV\n+10 Heat Resistance\n+10 Cold Resistance\n+400 reputation with tortoises\nYou may tighten your carapace to receive double the AV bonus at a -2 DV penalty as long as you remain still....(truncated)"
[03:51:54] [req:87] out: "Ты защищен прочным панцирем.\n\n+3 АВ\n-2 ДВ\n+10 Сопротивление теплу\n+10 Сопротивление холоду\n+400 репутация у черепах\nТы можешь напрячь свой панцирь, чтобы получить удвоенный бонус к АВ при штрафе -2 к ДВ, пока остаешься неподвижным.\n...(truncated)"
[03:51:54] [req:88] in en->ru: "Heightened Quickness"
[03:51:55] [req:88] out: "Повышенная Ловкость"
[03:51:55] [req:89] in en->ru: "You are gifted with tremendous speed.\n\n+15 Quickness"
[03:51:56] [req:89] out: "Ты одарен невероятной скоростью.\n\n+15 Ловкость"
[03:51:56] [req:90] in en->ru: "You are gifted с помощью tremendous speed.\n\n+15 Quickness"
[03:51:58] [req:90] out: "Ты одарен невероятной скоростью.\n\n+15 Ловкость"
[03:51:58] [req:91] in en->ru: "Heightened Hearing"
[03:51:58] [req:91] out: "Усиленное слух"
[03:51:59] [req:92] in en->ru: "You are possessed of unnaturally acute hearing.\n\nYou detect the presence of creatures within a radius of 5.\nChance to identify nearby detected creatures"
[03:52:00] [req:92] out: "Ты обладаешь неестественно острым слухом.\n\nТы обнаруживаешь присутствие существ в радиусе 5.\nШанс определить обнаруженных поблизости существ"
[03:52:00] [req:93] in en->ru: "Freezing Ray [V]"
[03:52:01] [req:93] out: "Замораживающий луч [V]"
[03:52:01] [req:94] in en->ru: "You emit a ray of frost.\n\nEmits a 9-square ray of frost in the direction of your choice.\nDamage: 1d3+1\nCooldown: 20 rounds\nMelee attacks cool opponents by -1d4 degrees"
[03:52:03] [req:94] out: "Ты испускаешь луч инея.\n\nИзлучает луч инея на 9 квадратов в выбранном направлении.\nУрон: 1к3+1\nПерезарядка: 20 раундов\nБлижний бой охлаждает противников на -1к4 градусов"
[03:52:03] [req:95] in en->ru: "Flaming Ray [V]"
[03:52:04] [req:95] out: "Пламенный луч [V]"
[03:52:04] [req:96] in en->ru: "You emit a ray of flame.\n\nEmits a 9-square ray of flame in the direction of your choice.\nDamage: 1d4+1\nCooldown: 10 rounds\nMelee attacks heat opponents by 2d8 degrees"
[03:52:05] [req:96] out: "Ты испускаешь луч пламени.\n\nИзлучает луч пламени на 9 квадратов в выбранном направлении.\nУрон: 1к4+1\nПерезарядка: 10 раундов\nБлижний бой нагревает противников на 2к8 градусов"
[03:52:05] [req:97] in en->ru: "Electromagnetic Pulse"
[03:52:06] [req:97] out: "Электромагнитный импульс"
[03:52:06] [req:98] in en->ru: "You generate an electromagnetic pulse that disables nearby artifacts and machines.\n\nArea: 5x5 centered around yourself\nDuration: 6-15 rounds\nCooldown: 200 rounds"
[03:52:07] [req:98] out: "Ты генерируешь электромагнитный импульс, который отключает близлежащие артефакты и машины.\n\nЗона: 5x5, центрированная вокруг тебя\nПродолжительность: 6–15 раундов\nПерезарядка: 200 раундов"
[03:52:07] [req:99] in en->ru: "Electrical Generation"
[03:52:08] [req:99] out: "Электрическая генерация"
[03:52:08] [req:100] in en->ru: "You accrue electrical charge that you can use and discharge to deal damage.\n\nMaximum charge: 4000\nAccrue base 100 charge per turn\nCan discharge all held charge for 1d4 damage per 1000 charge\nDischarge can arc to adjacent targets dealin...(truncated)"
[03:52:11] [req:100] out: "Вы накапливаете электрический заряд, который можете использовать и разрядить для нанесения урона.\n\nМаксимальный заряд: 4000\nНакапливаете базовые 100 заряда за ход\nМожете разрядить весь накопленный заряд, нанеся 1к4 урона за каждые 1000 ...(truncated)"
[03:52:11] [req:101] in en->ru: "Double-muscled"
[03:52:12] [req:101] out: "Двукратно мускулистый"
[03:52:12] [req:102] in en->ru: "You are possessed of hulking strength.\n\n+2 Strength\n15% chance to daze your opponent on a successful melee attack for 2-3 rounds"
[03:52:14] [req:102] out: "Ты обладаешь чудовищной силой.\n\n+2 Сила\n15% шанс оглушить противника при успешной атаке в ближнем бою на 2–3 раунда"
[03:52:14] [req:103] in en->ru: "Corrosive Gas Generation"
[03:52:15] [req:103] out: "Выделение коррозионных газов"
[03:52:15] [req:104] in en->ru: "You release a burst of corrosive gas around yourself.\n\nReleases gas for 3 rounds\nCooldown: 40 rounds"
[03:52:16] [req:104] out: "Ты выпускаешь облако разъедающего газа вокруг себя.\n\nВыпускает газ на 3 хода\nПерезарядка: 40 ходов"
[03:52:16] [req:105] in en->ru: "You release a burst of corrosive gas aраунд yourself.\n\nReleases gas на 3 раундов\nCooldown: 40 раундов"
[03:52:17] [req:105] out: "Ты выпускаешь вспышку разъедающего газа вокруг себя.\n\nВыпускает газ на 3 раунда\nПерезарядка: 40 раундов"
[03:52:17] [req:106] in en->ru: "ù -1 Сила\nù +3 Воля\nù Дубинка\nù Вычитать\nù Огрубевший\nù +100 репутация у медведей"
[03:52:24] [req:106] out: "Сила\nВоля +3\nДубинка\nВычесть\nГрубый\nУвеличение репутации с медведями на 100."
[03:52:59] [req:107] in en->ru: "Warden"
[03:53:00] [req:107] out: "Страж"
[03:53:00] [req:108] in en->ru: "Mutations"
[03:53:00] [req:108] out: "Мутации"
[03:53:00] [req:109] in en->ru: "Attributes"
[03:53:01] [req:109] out: "Атрибуты"
[03:53:01] [req:110] in en->ru: "Summary"
[03:53:02] [req:110] out: "Краткое содержание"
[03:53:02] [req:111] in en->ru: "Customize"
[03:53:02] [req:111] out: "Настроить"
[03:53:03] [req:112] in en->ru: "Name:"
[03:53:04] [req:112] out: "Имя:"
[03:53:04] [req:113] in en->ru: "<random>"
[03:53:04] [req:113] out: "случайный"
[03:53:04] [req:116] in en->ru: "Reset Selection"
[03:53:04] [req:116] cache-hit: "Сбросить выбор"
[03:53:04] [req:118] in en->ru: "Strength: 24\nAgility: 15\nToughness: 18\nIntelligence: 18\nWillpower: 14\nEgo: 13"
[03:53:06] [req:118] out: "Сила: 24\nЛовкость: 15\nВыносливость: 18\nИнтеллект: 18\nВоля: 14\nЭго: 13"
[03:53:06] [req:119] in en->ru: "Warden\nМутировавший человек\nHumanoid"
[03:53:09] [req:119] out: "Страж\nМутант\nГуманоид"
[03:53:09] [req:120] in en->ru: "Electromagnetic Pulse \nRegeneration \nTwo-hearted \nCold-Blooded \nTeleportation"
[03:53:11] [req:120] out: "Электромагнитный импульс\nРегенерация\nДвусердечный\nХладнокровный\nТелепортация"
[03:53:11] [req:121] in en->ru: "Re-Randomize Selections"
[03:53:12] [req:121] out: "Перерандомизировать выборы"
[03:53:12] [req:122] in en->ru: "Export Code to Clipboard"
[03:53:13] [req:122] out: "Экспортировать код в буфер обмена"
[03:53:13] [req:123] in en->ru: "Save Build To Library"
[03:53:14] [req:123] out: "Сохранить сборку в библиотеку"
[03:53:14] [req:124] in en->ru: "Мутации"
[03:53:15] [req:124] out: "Мутации"
[03:53:15] [req:125] in en->ru: "Атрибуты"
[03:53:15] [req:125] out: "Атрибуты"
[03:53:27] [req:129] in en->ru: "Select Starting Location"
[03:53:28] [req:129] out: "Выберите начальное местоположение"
[03:53:28] [req:130] in en->ru: "ù Случайная деревня в солёных болотах.\nù Деревня обучает Сбору урожая.\nù +50 репутации с насекомыми и рыбами.\nù Начинаете с парой кроккасин."
[03:53:29] [req:131] in en->ru: "horn"
[03:53:29] [req:130] out: "Случайная деревня в солёных болотах.\nДеревня обучает Сбору урожая.\n+50 репутации с насекомыми и рыбами.\nНачинаете с парой кроккасин."
[03:53:29] [req:132] in en->ru: "ù Случайная деревня в солёных дюнах.\nù Деревня обучает Пути поста.\nù +100 репутации с рептилиями.\nù Начинаете с Иссачари знаменем."
[03:53:30] [req:131] out: "рог"
[03:53:31] [req:133] in en->ru: "carapace"
[03:53:32] [req:133] out: "панцирь"
[03:53:32] [req:132] out: "Случайная деревня в солёных дюнах.\nДеревня обучает Пути поста.\n+100 репутации с рептилиями.\nНачинаете с Иссачари знаменем."
[03:53:32] [req:134] in en->ru: "ù Случайная деревня в пустынных каньонах.\nù Деревня обучает Ориентированию.\nù +50 репутации с лошадьми, черепахами и лозами."
[03:53:34] [req:134] out: "Случайная деревня в пустынных каньонах.\nДеревня обучает Ориентированию.\n+50 репутации с лошадьми, черепахами и лозами."
[03:53:34] [req:135] in en->ru: "ù Случайная деревня в холмах.\nù Деревня обучает Разделке.\nù +100 репутации с отшельниками.\nù Начинаете с окровавленным шейным кольцом."
[03:53:36] [req:136] in en->ru: "quills"
[03:53:36] [req:135] out: "Случайная деревня в холмах.\nДеревня обучает Разделке.\n+100 репутации с отшельниками.\nНачинаете с окровавленным шейным кольцом."
[03:53:36] [req:137] in en->ru: "Джоппа\n[A]"
[03:53:37] [req:136] out: "перья"
[03:53:37] [req:138] in en->ru: "flamebeard gland paste"
[03:53:38] [req:137] out: "Джоппа\n[A]"
[03:53:38] [req:142] in en->ru: "Loading PopulationTables.xml"
[03:53:39] [req:138] out: "паста железы пламенного бороды"
[03:53:39] [req:143] in en->ru: "sun-dried banana"
[03:53:40] [req:142] out: "Загрузка таблиц населения.xml"
[03:53:40] [req:143] out: "солнечно высушенный банан"
[03:53:40] [req:144] in en->ru: "vinewafer sheaf"
[03:53:40] [req:145] in en->ru: ""Strap this around your temples. Stop yammering, you will be fine."
[03:53:41] [req:144] out: "связка виневафера"
[03:53:42] [req:146] in en->ru: "starapple jam"
[03:53:42] [req:145] out: "Завяжи это вокруг висков. Прекрати болтать, с тобой всё будет в порядке."
[03:53:42] [req:147] in en->ru: "What could possibly go wrong?""
[03:53:43] [req:146] out: "варенье из звёздных яблок"
[03:53:43] [req:148] in en->ru: "congealed blaze"
[03:53:44] [req:147] out: "Что может пойти не так?"
[03:53:44] [req:149] in en->ru: "-Argyve, Tinker"
[03:53:44] [req:148] out: "застывший жар"
[03:53:44] [req:150] in en->ru: "pickles"
[03:53:45] [req:149] out: "Аргив, Тинкер"
[03:53:45] [req:151] in en->ru: ""Breathe deep the breath of gods, and die.""
[03:53:45] [req:150] out: "маринованные огурцы"
[03:53:46] [req:152] in en->ru: "memory eater"
[03:53:47] [req:152] out: "Пожиратель памяти"
[03:53:47] [req:153] in en->ru: "bear"
[03:53:48] [req:151] out: "Вдохни глубоко дыхание богов и умри."
[03:53:48] [req:154] in en->ru: "-Ekuemekiyyen inscription"
[03:53:48] [req:153] out: "медведь"
[03:53:48] [req:155] in en->ru: "goatfolk bully"
[03:53:49] [req:154] out: "Надпись Экуемекийена"
[03:53:49] [req:155] out: "Наглый козляк"
[03:53:49] [req:156] in en->ru: "fire ant queen"
[03:53:49] [req:157] in en->ru: ""Black devils swing from starry masts,"
[03:53:51] [req:156] out: "Королева огненных муравьев"
[03:53:51] [req:158] in en->ru: "zealot of the Six Day Stilt"
[03:53:52] [req:157] out: "Чёрные дьяволы качаются с звёздных мачт,"
[03:53:52] [req:159] in en->ru: "beneath the Yawning Moon.""
[03:53:53] [req:158] out: "фанатик Шестидневного Настила"
[03:53:53] [req:160] in en->ru: "mirror bug"
[03:53:54] [req:160] out: "зеркальный баг"
[03:53:54] [req:161] in en->ru: "chromeling"
[03:53:54] [req:159] out: "под Улыбающейся Луной."
[03:53:54] [req:162] in en->ru: "-Fuming God Sea shanty"
[03:53:55] [req:161] out: "хроминг"
[03:53:55] [req:163] in en->ru: "trining lamprey"
[03:53:56] [req:162] out: "Песня о парящем божественном море"
[03:53:56] [req:164] in en->ru: ""Today we shove off our frozen haunts, across bleak Arthax, and spy"
[03:53:57] [req:163] out: "тренировка лампреи"
[03:53:57] [req:165] in en->ru: "dromad trader"
[03:53:58] [req:164] out: "Сегодня мы покинем наши замерзшие места обитания, пересечем унылый Артакх и увидим"
[03:53:58] [req:166] in en->ru: "for those inverted hills of chrome.""
[03:53:58] [req:165] out: "торговец дромадом"
[03:53:58] [req:167] in en->ru: "plastronoid"
[03:53:59] [req:167] out: "пластроноид"
[03:53:59] [req:168] in en->ru: "armorer"
[03:54:00] [req:166] out: "для тех перевёрнутых холмов хрома."
[03:54:00] [req:169] in en->ru: "-Consul Ijulii's farewell"
[03:54:00] [req:168] out: "Кузнец"
[03:54:00] [req:170] in en->ru: "irritable tortoise"
[03:54:01] [req:169] out: "Прощание Июлии Консул"
[03:54:01] [req:171] in en->ru: ""Who inhabits the colossal desert freehold of Nanru? The Gathered Men."
[03:54:02] [req:170] out: "раздражительная черепаха"
[03:54:02] [req:172] in en->ru: "gyre wight of Shug'ruith"
[03:54:03] [req:172] out: "Гир вейт Шуг'руита"
[03:54:03] [req:173] in en->ru: "quillipede"
[03:54:04] [req:171] out: "Кто населяет колоссальные пустынные владения Нанру? Собравшиеся Люди."
[03:54:04] [req:174] in en->ru: "The fiefdoms of Odrum? The Kneeling Men."
[03:54:04] [req:173] out: "перокрак"
[03:54:04] [req:175] in en->ru: "leech"
[03:54:06] [req:175] out: "пиявка"
[03:54:06] [req:176] in en->ru: "EMP miner mk II"
[03:54:07] [req:174] out: "Фьефы Одрума? Преклонившиеся Люди."
[03:54:07] [req:177] in en->ru: "The jungles of Yyp? The Breathless Men."
[03:54:07] [req:176] out: "Шахтер ЭМП Mk II"
[03:54:08] [req:178] in en->ru: "ixlthyxl"
[03:54:08] [req:177] out: "Джунгли Йип? Бездыханные Люди."
[03:54:08] [req:179] in en->ru: "And the rust-caves of Qud? The Screaming Men.""
[03:54:09] [req:178] out: "ixlthyxl"
[03:54:09] [req:180] in en->ru: "ixlthyxl"
[03:54:09] [req:180] cache-hit: "ixlthyxl"
[03:54:09] [req:181] in en->ru: "ixlthyxl"
[03:54:09] [req:181] cache-hit: "ixlthyxl"
[03:54:09] [req:182] in en->ru: "Mechanimist choraler"
[03:54:09] [req:179] out: "А ржавые пещеры Куда? Кричащие Мужчины."
[03:54:10] [req:183] in en->ru: "-Dromad travelogue"
[03:54:10] [req:182] out: "Механимист хоралер"
[03:54:10] [req:184] in en->ru: "star kraken"
[03:54:11] [req:183] out: "Путевые заметки Дромада"
[03:54:11] [req:185] in en->ru: ""Live and drink, friend. Now give me your water.""
[03:54:12] [req:184] out: "Звёздный Кракен"
[03:54:12] [req:186] in en->ru: "arconaut"
[03:54:13] [req:186] out: "арконавт"
[03:54:13] [req:187] in en->ru: "ice frog"
[03:54:13] [req:185] out: "Живи и пей, друг. А теперь дай мне свою воду."
[03:54:13] [req:188] in en->ru: "-Courteous bandit"
[03:54:14] [req:187] out: "ледяной лягушка"
[03:54:14] [req:189] in en->ru: "voider"
[03:54:15] [req:188] out: "Вежливый бандит"
[03:54:15] [req:190] in en->ru: ""Moon and Sun; wisdom and will.""
[03:54:16] [req:189] out: "пустошитель"
[03:54:16] [req:191] in en->ru: "flashbang miner mk I"
[03:54:17] [req:190] out: "Луна и Солнце; мудрость и воля."
[03:54:17] [req:192] in en->ru: "-Watervine farmer's prayer"
[03:54:17] [req:191] out: "Минер «Вспышка» Mk I"
[03:54:17] [req:193] in en->ru: "reprogrammed scrap shoveler"
[03:54:19] [req:192] out: "Молитва фермера Водяной Лианы"
[03:54:19] [req:193] out: "перепрограммированный лопатель-мусорщик"
[03:54:19] [req:194] in en->ru: "chaingun turret"
[03:54:19] [req:195] in en->ru: ""Praises due to the most high, thy Argent Father, me.""
[03:54:20] [req:194] out: "турель с пулемётом"
[03:54:20] [req:196] in en->ru: "segmented mirthworm"
[03:54:21] [req:195] out: "Хвала Всевышнему, твоему Серебряному Отцу, мне."
[03:54:21] [req:197] in en->ru: "-Shekhinah"
[03:54:21] [req:196] out: "сегментированный червь веселья"
[03:54:21] [req:198] in en->ru: "thirst thistle"
[03:54:22] [req:197] out: "Шехина"
[03:54:22] [req:199] in en->ru: ""Look on my riches, ye Wealthy, and despair! (but do not touch)""
[03:54:23] [req:198] out: "жаждущий чертополох"
[03:54:23] [req:200] in en->ru: "decarbonizer"
[03:54:24] [req:200] out: "декарбонизатор"
[03:54:24] [req:201] in en->ru: "saw-hander"
[03:54:24] [req:199] out: "Взгляни на мои богатства, богач, и отчаяйся! (но не трогай)"
[03:54:24] [req:202] in en->ru: "-Hegelrut"
[03:54:25] [req:201] out: "рукастый"
[03:54:25] [req:203] in en->ru: "trash monk"
[03:54:26] [req:202] out: "Гегельрут"
[03:54:26] [req:204] in en->ru: ""Yes, I know the secrets of the circuitry mind. It's a flaming"
[03:54:27] [req:203] out: "мусорный монах"
[03:54:27] [req:205] in en->ru: "rustacean"
[03:54:28] [req:204] out: "Да, я знаю секреты цепи разума. Это пылающий"
[03:54:28] [req:206] in en->ru: "wonder, telepath.""
[03:54:28] [req:205] out: "рустацеанский"
[03:54:28] [req:207] in en->ru: "ray cat"
[03:54:29] [req:207] out: "Рей Кэт"
[03:54:29] [req:208] in en->ru: "spiral horn"
[03:54:29] [req:206] out: "загадочно, телепат."
[03:54:29] [req:209] in en->ru: "-Seeker of the Sightless Way"
[03:54:31] [req:208] out: "спиральный рог"
[03:54:31] [req:210] in en->ru: "antlers"
[03:54:31] [req:209] out: "Искатель Слепого Пути"
[03:54:31] [req:211] in en->ru: ""It burns!""
[03:54:32] [req:210] out: "рога"
[03:54:32] [req:212] in en->ru: "plastifer jerkin"
[03:54:32] [req:211] out: "Горит!"
[03:54:32] [req:213] in en->ru: "-Argyve's apprentice"
[03:54:33] [req:212] out: "жилет из пластифера"
[03:54:33] [req:214] in en->ru: "dervish of the Sightless Way"
[03:54:33] [req:213] out: "Ученик Аргива"
[03:54:33] [req:215] in en->ru: ""Rule with a tungsten carbide fist.""
[03:54:34] [req:214] out: "Дервиш Слепого Пути"
[03:54:34] [req:216] in en->ru: "apple farmer"
[03:54:35] [req:215] out: "Правит кулаком из вольфрамма и карбида."
[03:54:35] [req:216] out: "яблочный фермер"
[03:54:35] [req:217] in en->ru: "tumbling pod"
[03:54:35] [req:218] in en->ru: "-King K4K5"
[03:54:36] [req:217] out: "качающийся отсек"
[03:54:36] [req:219] in en->ru: "humor"
[03:54:37] [req:218] out: "Король К4К5"
[03:54:37] [req:220] in en->ru: ""Alas, I'd make a slumberling divine,"
[03:54:38] [req:219] out: "юмор"
[03:54:38] [req:221] in en->ru: "Issachari rifler"
[03:54:38] [req:221] out: "Ревтеры Иссачари"
[03:54:38] [req:222] in en->ru: "amoeba farmer"
[03:54:39] [req:220] out: "Увы, я бы сделал божественного спящего,"
[03:54:39] [req:223] in en->ru: "for in the dreaming dale art thou yet mine.""
[03:54:40] [req:222] out: "фермер амебы"
[03:54:40] [req:224] in en->ru: "gunsmith"
[03:54:41] [req:224] out: "оружейник"
[03:54:41] [req:223] out: "В сладостном овраге ты всё ещё моя."
[03:54:53] [req:225] in en->ru: "PgUp"
[03:54:53] [req:225] cache-hit: "Вверх"
[03:54:53] [req:226] in en->ru: "PgDown"
[03:54:53] [req:226] cache-hit: "Вниз"
[03:54:53] [req:227] in en->ru: "Home"
[03:54:53] [req:227] cache-hit: "Главная"
[03:54:53] [req:228] in en->ru: "End"
[03:54:53] [req:228] cache-hit: "Конец"
[03:54:53] [req:229] in en->ru: "Insert"
[03:54:53] [req:229] cache-hit: "Вставить"
[03:54:53] [req:230] in en->ru: "NumEnter"
[03:54:53] [req:230] cache-hit: "Номер ввода"
[03:54:53] [req:231] in en->ru: "Dehydrated, Hungry"
[03:54:53] [req:231] cache-hit: "Обезвожен, Голодный"
[03:54:53] [req:232] in en->ru: "[arrows] nav"
[03:54:53] [req:232] cache-hit: "Навигация"
[03:54:53] [req:233] in en->ru: "SP: 99"
[03:54:53] [req:233] cache-hit: "СП: 99"
[03:54:53] [req:234] in en->ru: "MO: 99"
[03:54:53] [req:234] cache-hit: "МО: 99"
[03:54:54] [req:235] in en->ru: "AV: 99"
[03:54:54] [req:235] cache-hit: "Уровень атаки: 99"
[03:54:54] [req:236] in en->ru: "DV: 99"
[03:54:54] [req:236] cache-hit: "ДВ: 99"
[03:54:54] [req:237] in en->ru: "MA: 99"
[03:54:54] [req:237] cache-hit: "МА: 99"
[03:54:54] [req:238] in en->ru: "Loading Naming.xml"
[03:54:54] [req:238] cache-hit: "Загрузка Naming.xml"
[03:54:54] [req:239] in en->ru: "Loading object blueprints"
[03:54:54] [req:239] cache-hit: "Загрузка чертежей объектов"
[03:54:54] [req:240] in en->ru: "Loading Mutations.xml"
[03:54:54] [req:240] cache-hit: "Загрузка Mutations.xml"
[03:54:54] [req:241] in en->ru: "Initialize tinkering"
[03:54:54] [req:241] cache-hit: "Инициализировать ковыряние"
[03:54:57] [req:242] in en->ru: "*The ink is faded beyond legibility*"
[03:54:57] [req:242] cache-hit: "Чернила выцвели до неузнаваемости"
[03:54:57] [req:243] in en->ru: "Loading ZoneTemplates.xml"
[03:54:57] [req:243] cache-hit: "Загрузка шаблонов зон."
[03:54:57] [req:244] in en->ru: "Loading Quests.xml"
[03:54:57] [req:244] cache-hit: "Загрузка Quests.xml"
[03:54:57] [req:245] in en->ru: "Loading BuildingTiles.txt"
[03:54:57] [req:245] cache-hit: "Загрузка файлов плиток зданий."
[03:54:57] [req:246] in en->ru: "Loading Conversations.xml"
[03:54:57] [req:246] cache-hit: "Загрузка Conversations.xml"
[03:54:57] [req:247] in en->ru: "Продолжить"
[03:54:57] [req:247] cache-hit: "Продолжить"
[03:54:57] [req:248] in en->ru: "High Scores"
[03:54:57] [req:248] cache-hit: "Рекорды"
[03:54:57] [req:249] in en->ru: "[?] Help"
[03:54:57] [req:249] cache-hit: "На помощь"
[03:54:57] [req:250] in en->ru: "Redeem Code"
[03:54:57] [req:250] cache-hit: "Активировать код"
[03:54:57] [req:251] in en->ru: "Dromad Edition"
[03:54:57] [req:251] cache-hit: "Издание Дромада"
[03:54:57] [req:252] in en->ru: "Caves of Qud"
[03:54:57] [req:252] cache-hit: "Пещеры Куда"
[03:54:57] [req:253] in en->ru: "2.0.210.24"
[03:54:57] [req:253] cache-hit: "2.0.210.24"
[03:54:57] [req:254] in en->ru: "Copyright (c) Freehold Games(tm)"
[03:54:57] [req:254] cache-hit: "© Copyright (c) Freehold Games™"
[03:54:57] [req:255] in en->ru: "1.0.4\nbuild 2.0.210.24"
[03:54:57] [req:255] cache-hit: "1.0.4\nсборка 2.0.210.24"
[03:55:02] [req:303] in en->ru: "Loading PronounSets.xml"
[03:55:02] [req:303] cache-hit: "Загрузка PronounSets.xml"
[03:55:02] [req:304] in en->ru: "ù Большинство существ изначально нейтральны к вам.\nù Нет опыта за убийства.\nù Больше опыта за открытия и ритуал воды.\nù Контрольные точки в поселениях."
[03:55:02] [req:304] cache-hit: "Большинство существ поначалу нейтральны к вам.\nНет опыта за убийства.\nБольше опыта за открытия и ритуал воды.\nКонтрольные точки в поселениях."
[03:55:02] [req:305] in en->ru: "ù Одна попытка с фиксированным персонажем и сидом мира.\nù Сейчас день 104 из 2026."
[03:55:02] [req:305] cache-hit: "Одна попытка с зафиксированным персонажем и сидом мира.\nСейчас день 104 из 2026."
[03:55:02] [req:306] in en->ru: "Choose Game Mode"
[03:55:02] [req:306] cache-hit: "Выбрать режим игры"
[03:55:02] [req:309] in en->ru: "[Esc] Back"
[03:55:02] [req:309] cache-hit: "[⌢] Назад"
[03:55:03] [req:310] in en->ru: "Select Character Option"
[03:55:03] [req:310] cache-hit: "Выбрать опцию персонажа"
[03:55:04] [req:313] in en->ru: "Choose Genotype"
[03:55:04] [req:313] cache-hit: "Выбрать генотип"
[03:55:04] [req:317] in en->ru: "[Num 9] Next"
[03:55:04] [req:317] cache-hit: "Следующий"
[03:55:04] [req:318] in en->ru: "optical bioscanner (Face)"
[03:55:04] [req:318] cache-hit: "оптический биосканер (Лицо)"
[03:55:04] [req:319] in en->ru: "optical technoscanner (Face)"
[03:55:04] [req:319] cache-hit: "оптический техносканер (Лицо)"
[03:55:04] [req:320] in en->ru: "dermal insulation (Body)"
[03:55:04] [req:320] cache-hit: "Кожный изолятор (Тело)"
[03:55:04] [req:321] in en->ru: "dermal insulation (Head)"
[03:55:04] [req:321] cache-hit: "кожная изоляция (Голова)"
[03:55:04] [req:322] in en->ru: "dermal insulation (Back)"
[03:55:04] [req:322] cache-hit: "кожная изоляция (Спина)"
[03:55:05] [req:323] in en->ru: "night vision (Face)"
[03:55:05] [req:323] cache-hit: "Ночное зрение (Лицо)"
[03:55:05] [req:324] in en->ru: "hyper-elastic ankle tendons (Feet)"
[03:55:05] [req:324] cache-hit: "гиперэластичные ахилловы сухожилия (Стопы)"
[03:55:05] [req:325] in en->ru: "parabolic muscular subroutine (Arm)"
[03:55:05] [req:325] cache-hit: "параболический мышечный подпробег (Рука)"
[03:55:05] [req:326] in en->ru: "translucent skin (Body)"
[03:55:05] [req:326] cache-hit: "полупрозрачная кожа"
[03:55:05] [req:327] in en->ru: "translucent skin (Back)"
[03:55:05] [req:327] cache-hit: "полупрозрачная кожа (Спина)"
[03:55:05] [req:328] in en->ru: "stabilizer arm locks (Arm)"
[03:55:05] [req:328] cache-hit: "стабилизаторная рука блокируется (Рука)"
[03:55:05] [req:329] in en->ru: "rapid release finger flexors (Hands)"
[03:55:05] [req:329] cache-hit: "быстрые сгибатели пальцев (Руки)"
[03:55:05] [req:330] in en->ru: "carbide hand bones (Hands)"
[03:55:05] [req:330] cache-hit: "Карбидные кости рук"
[03:55:05] [req:331] in en->ru: "pentaceps (Feet)"
[03:55:05] [req:331] cache-hit: "пентацепсы (футы)"
[03:55:05] [req:332] in en->ru: "inflatable axons (Head)"
[03:55:05] [req:332] cache-hit: "надувные аксоны (Голова)"
[03:55:05] [req:333] in en->ru: "<none>"
[03:55:05] [req:333] cache-hit: "Нет данных для перевода."
[03:55:05] [req:334] in en->ru: "Cybernetics"
[03:55:05] [req:334] cache-hit: "Кибернетика"
[03:55:05] [req:335] in en->ru: "A minuscule graphene array that processes optical data against a repository of organic lifeforms.\n\nYou gain access to the precise hit point, armor, and dodge values of biological creatures."
[03:55:05] [req:335] cache-hit: "Микроскопический массив графена, обрабатывающий оптические данные по репозиторию органических форм жизни.\n\nВы получаете доступ к точным значениям хита, брони и уклонения биологических существ."
[03:55:05] [req:336] in en->ru: "ù Mutations\nù Moderate starting attributes\nù -600 reputation with the Putus Templar\nù Мутации\nù Умеренные начальные атрибуты\nù -600 репутации с Путус Темпларами"
[03:55:05] [req:336] cache-hit: "Мутации\nУмеренные начальные атрибуты\nрепутация с Путус Темпларами: -600\nМутации\nУмеренные стартовые характеристики\n—600 очков репутации у Храмовников Путуса"
[03:55:05] [req:337] in en->ru: "ù High starting attributes\nù Access to cybernetics\nù 20 bonus skill points each level\nù Bonus resistances based on arcology of origin\nù May rebuke robots\nù Высокие начальные атрибуты\nù Доступ к кибернетике\nù 20 бонусных очков навыков...(truncated)"
[03:55:05] [req:337] cache-hit: "Высокие стартовые атрибуты\nДоступ к кибернетике\n20 бонусных очка навыков за каждый уровень\nБонусные сопротивления в зависимости от аркология происхождения\nУпрекни роботов\nВысокие стартовые атрибуты\nДоступ к кибернетике\nПолучите 20 бо...(truncated)"
[03:55:05] [req:338] in en->ru: "Calling"
[03:55:05] [req:338] cache-hit: "Звонит"
[03:55:05] [req:339] in en->ru: "Loading Skills.xml"
[03:55:05] [req:339] cache-hit: "Загрузка Skills.xml"
[03:55:05] [req:340] in en->ru: "ù +2 Ego\nù Customs and Folklore\nù Intimidate\nù Proselytize"
[03:55:05] [req:340] cache-hit: "Эго +2\nОбычаи и фольклор\nЗапугать\nПроповедовать"
[03:55:05] [req:341] in en->ru: "ù +2 Agility\nù Short Blade\nù Tinkering\n  ù Scavenger\nù Acrobatics\n  ù Spry\nù Starts with random junk and artifacts"
[03:55:05] [req:341] cache-hit: "у +2 Ловкость\n* Короткий клинок\n* Кудесёрство\n  * Мусорщик\n* Акробатика\n  * Шустрый\n* Начинает со случайным хламом и артефактами"
[03:55:05] [req:342] in en->ru: "ù +2 Agility\nù Short Blade\nù Tinkering\n  ù Scavenger\nù Acrobatics\n  ù Spry\nù Starts с помощью random junk and artifacts"
[03:55:05] [req:342] cache-hit: "увеличение Ловкости на 2\nКороткий клинок\nТинкеринг\n  Сборщик мусора\nАкробатика\n  Ловкий\nНачинает с помощью случайного хлама и артефактов"
[03:55:05] [req:343] in en->ru: "ù -1 Strength\nù +3 Willpower\nù Cudgel\nù Berate\nù Calloused\nù +100 reputation with bears"
[03:55:05] [req:343] cache-hit: "ù -1 Сила\nù +3 Воля\nù Дубинка\nù Вычитать\nù Огрубевший\nù +100 репутация у медведей"
[03:55:05] [req:344] in en->ru: "ù -1 Strength\nù +3 Willpower\nù Cudgel\nù Berate\nù Calloused\nù +100 reputation с помощью bears"
[03:55:07] [req:344] out: "ù -1 Сила\nù +3 Воля\nù Дубинка\nù Вычитать\nù Огрубевший\nù +100 репутация с помощью медведей"
[03:55:07] [req:345] in en->ru: "ù +2 Agility\nù Pistol\n  ù Akimbo\nù +200 reputation with mysterious strangers"
[03:55:08] [req:346] in en->ru: "quills"
[03:55:08] [req:346] cache-hit: "перья"
[03:55:08] [req:347] in en->ru: "sprouting orb"
[03:55:09] [req:347] out: "прорастающий шар"
[03:55:09] [req:345] out: "у +2 Ловкость\nпистолет\n  акимбо\nу +200 репутация у таинственных незнакомцев"
[03:55:09] [req:348] in en->ru: "ù +2 Agility\nù Pistol\n  ù Akimbo\nù +200 reputation с помощью mysterious strangers"
[03:55:11] [req:348] out: "у +2 Ловкость\nпистолет\n  акимбо\n+200 репутации с помощью таинственных незнакомцев"
[03:55:11] [req:349] in en->ru: "ù +2 Strength\nù Axe\n  ù Dismember\nù Charge\nù Butchery"
[03:55:12] [req:349] out: "Сила +2\nКирка\n  Усечение\n  Заряд\n  Резня"
[03:55:12] [req:350] in en->ru: "casque"
[03:55:13] [req:351] in en->ru: "ù +2 Willpower\nù Self-discipline\n  ù Fasting Way\n  ù Iron Mind\nù Wayfaring"
[03:55:13] [req:350] out: "каска"
[03:55:13] [req:352] in en->ru: "antlers"
[03:55:13] [req:352] cache-hit: "рога"
[03:55:13] [req:353] in en->ru: "spiral horn"
[03:55:13] [req:353] cache-hit: "спиральный рог"
[03:55:14] [req:354] in en->ru: "starapple jam"
[03:55:14] [req:354] cache-hit: "варенье из звёздных яблок"
[03:55:14] [req:355] in en->ru: "mashed lag"
[03:55:15] [req:355] out: "пюре из лага"
[03:55:15] [req:356] in en->ru: "congealed skulk"
[03:55:16] [req:351] out: "у +2 Сила воли\n  Самодисциплина\n    Путь воздержания\n    Железный разум\n    Странничество"
[03:55:16] [req:357] in en->ru: "ù +2 Toughness\nù Wayfaring\n  ù Wilderness Lore: Salt Dunes\nù Harvestry\nù Weathered\nù +200 reputation with the Issachari tribe\nù Starts with a recycling suit"
[03:55:16] [req:356] out: "загустевший скулк"
[03:55:16] [req:358] in en->ru: "pickles"
[03:55:16] [req:358] cache-hit: "маринованные огурцы"
[03:55:16] [req:359] in en->ru: "congealed love"
[03:55:17] [req:359] out: "застывшая любовь"
[03:55:17] [req:360] in en->ru: "phase silk"
[03:55:18] [req:360] out: "шелк фазы"
[03:55:18] [req:361] in en->ru: "cured dawnglider tail"
[03:55:19] [req:357] out: "у +2 Выносливость\nу Путешественник\n  у Знания Дикой Природы: Соляные Дюны\nу Сельское Хозяйство\nу Обветшалый\nу +200 репутация у племени Иссачари\nу Начинает с костюма для переработки"
[03:55:19] [req:362] in en->ru: "ù +2 Intelligence\nù Tinkering\nù Physic\n  ù Nostrums\nù Tactics\nù Customs and Folklore\nù Harvestry\nù Wilderness Lore: Random\nù Wilderness Lore: Random"
[03:55:20] [req:361] out: "высушенный хвост даунглайдера"
[03:55:20] [req:363] in en->ru: "horns"
[03:55:21] [req:363] out: "рога"
[03:55:21] [req:364] in en->ru: "diplomacy droid"
[03:55:22] [req:364] out: "дроид дипломатии"
[03:55:22] [req:365] in en->ru: "giant honey weep"
[03:55:23] [req:362] out: "у +2 Интеллект\nу Кудесник\nу Физика\n  у Народные средства\nу Тактика\nу Обычаи и фольклор\nу Урожайность\nу Знания дикой природы: Случайное\nу Знания дикой природы: Случайное"
[03:55:23] [req:366] in en->ru: "ù +2 Intelligence\nù Tinkering\n  ù Lay Mine / Set Bomb\n  ù Disassemble\n  ù Repair\n  ù Tinker I\nù +100 reputation with the Barathrumites\nù Begins with a number of random artifacts and scrap"
[03:55:24] [req:365] out: "гигантское медовое истечение"
[03:55:24] [req:367] in en->ru: "waxen monosludge"
[03:55:25] [req:367] out: "застывшая мономасса воска"
[03:55:25] [req:368] in en->ru: "implanted Knight Commander of the Holy Temple"
[03:55:27] [req:368] out: "имплантированный Командор Рыцарей Святого Храма"
[03:55:27] [req:369] in en->ru: "girshworm"
[03:55:27] [req:366] out: "у +2 Интеллект\nу Поделки\n  у Проложить Мину / Установить Бомбу\n  у Разобрать\n  у Починить\n  у Поделка I\nу +100 репутация у Баратрумитов\nу Начинает с количества случайных артефактов и хлама"
[03:55:27] [req:370] in en->ru: "ù +2 Strength\nù Long Blade\nù Shield\n  ù Shield Slam\nù Bow and Rifle\nù Pistol\nù +300 reputation with the Fellowship of Wardens"
[03:55:28] [req:369] out: "червь-гирш"
[03:55:28] [req:371] in en->ru: "giant dragonfly"
[03:55:29] [req:371] out: "гигантская стрекоза"
[03:55:29] [req:372] in en->ru: "tartbeard"
[03:55:30] [req:372] out: "Бородатый"
[03:55:30] [req:373] in en->ru: "sewage eel"
[03:55:31] [req:370] out: "у +2 Сила\nу Длинный клинок\nу Щит\n  у Удар щитом\nу Лук и винтовка\nу Пистолет\nу +300 репутация у Братства Стражей"
[03:55:31] [req:373] out: "сточный угорь"
[03:55:31] [req:374] in en->ru: "plasma jelly"
[03:55:31] [req:375] in en->ru: "ù +2 Strength\nù Long Blade\nù Shield\n  ù Shield Slam\nù Bow and Rifle\nù Pistol\nù +300 reputation с помощью the Fellowship of Wardens"
[03:55:32] [req:374] out: "плазменный желе"
[03:55:32] [req:376] in en->ru: "spark tick"
[03:55:33] [req:376] out: "тик искры"
[03:55:33] [req:377] in en->ru: "dromad trader"
[03:55:33] [req:377] cache-hit: "торговец дромадом"
[03:55:33] [req:378] in en->ru: "fire ant queen"
[03:55:33] [req:378] cache-hit: "Королева огненных муравьев"
[03:55:33] [req:379] in en->ru: "woodsprog"
[03:55:34] [req:379] out: "древопроход"
[03:55:34] [req:380] in en->ru: "livid creeper"
[03:55:35] [req:375] out: "у +2 Сила\nу Длинный клинок\nу Щит\n  у Удар щитом\nу Лук и винтовка\nу Пистолет\nу +300 репутация с помощью Ордена Стражей"
[03:55:35] [req:381] in en->ru: "ù +2 Ego\nù Short Blade\nù Snake Oiler\nù +200 reputation with water barons\nù Allowed entrance to many settlements for purposes of trade\nù Starts with trade goods"
[03:55:36] [req:380] out: "яростный кроулер"
[03:55:36] [req:382] in en->ru: "Chelohi-Nanna-Nna Renowned-Godhed"
[03:55:37] [req:382] out: "Челохи-Нанна-Нна, Знаменитый Богхед"
[03:55:38] [req:381] out: "Начальный бонус: +2 Эго\nКороткий клинок\nМасло для змей\n+200 репутации у баронов воды\nРазрешен вход во многие поселения в целях торговли\nНачинает с торговыми товарами"
